---------------------------------------------------------------
[ 2022-06-21T00:05:39+08:00 ] 10.0.12.14 43.138.204.185 GET /admin/index.php?p=ajax-ops&op=elfinder&cmd=mkfile&name=2AqdcK9OUjtC2x48SyVOpyLCxxq.php&target=l1_Lw
[ info ] 159.75.70.173:5004/admin/index.php?p=ajax-ops&op=elfinder&cmd=mkfile&name=2AqdcK9OUjtC2x48SyVOpyLCxxq.php&target=l1_Lw [运行时间：0.052514s][吞吐率：19.04req/s] [内存消耗：2,069.88kb] [文件加载：42]
[ info ] [ LANG ] /www/wwwroot/ishop/home/admin/think/lang/zh-cn.php
[ info ] [ ROUTE ] array (
  'type' => 'module',
  'module' => 
  array (
    0 => '',
    1 => NULL,
    2 => NULL,
  ),
)
[ info ] [ HEADER ] array (
  'host' => '159.75.70.173:5004',
  'user-agent' => 'Mozilla/5.0 (Windows NT 5.1) AppleWebKit/537.36 (KHTML, like Gecko) Chrome/35.0.2117.157 Safari/537.36',
  'connection' => 'close',
  'accept' => '*/*',
  'accept-encoding' => 'gzip',
  'content-type' => '',
  'content-length' => '',
)
[ info ] [ PARAM ] array (
  'p' => 'ajax-ops',
  'op' => 'elfinder',
  'cmd' => 'mkfile',
  'name' => '2AqdcK9OUjtC2x48SyVOpyLCxxq.php',
  'target' => 'l1_Lw',
)
[ info ] [ LANG ] /www/wwwroot/ishop/home/admin/app/admin/lang/zh-cn.php
[ info ] [ SESSION ] INIT array (
  'id' => '',
  'var_session_id' => '',
  'prefix' => 'think',
  'type' => '',
  'auto_start' => true,
)
[ info ] [ LOG ] INIT File
---------------------------------------------------------------
[ 2022-06-21T00:10:17+08:00 ] 10.0.12.14 43.138.204.185 GET /admin/?n=language&c=language_general&a=doSearchParameter&editor=cn&word=search&appno=0+union+select+98989*443131,1--+&site=admin
[ info ] 159.75.70.173:5004/admin/?n=language&c=language_general&a=doSearchParameter&editor=cn&word=search&appno=0+union+select+98989*443131,1--+&site=admin [运行时间：0.018488s][吞吐率：54.09req/s] [内存消耗：2,070.53kb] [文件加载：42]
[ info ] [ LANG ] /www/wwwroot/ishop/home/admin/think/lang/zh-cn.php
[ info ] [ ROUTE ] array (
  'type' => 'module',
  'module' => 
  array (
    0 => '',
    1 => NULL,
    2 => NULL,
  ),
)
[ info ] [ HEADER ] array (
  'host' => '159.75.70.173:5004',
  'user-agent' => 'Mozilla/5.0 (Macintosh; Intel Mac OS X 10_8_4) AppleWebKit/537.36 (KHTML, like Gecko) Chrome/49.0.2656.18 Safari/537.36',
  'connection' => 'close',
  'accept' => '*/*',
  'accept-language' => 'en',
  'accept-encoding' => 'gzip',
  'content-type' => '',
  'content-length' => '',
)
[ info ] [ PARAM ] array (
  'n' => 'language',
  'c' => 'language_general',
  'a' => 'doSearchParameter',
  'editor' => 'cn',
  'word' => 'search',
  'appno' => '0 union select 98989*443131,1-- ',
  'site' => 'admin',
)
[ info ] [ LANG ] /www/wwwroot/ishop/home/admin/app/admin/lang/zh-cn.php
[ info ] [ SESSION ] INIT array (
  'id' => '',
  'var_session_id' => '',
  'prefix' => 'think',
  'type' => '',
  'auto_start' => true,
)
[ info ] [ LOG ] INIT File
---------------------------------------------------------------
[ 2022-06-21T00:10:17+08:00 ] 10.0.12.14 43.138.204.185 GET /admin/index.php/login
[ info ] 159.75.70.173:5004/admin/index.php/login [运行时间：0.033871s][吞吐率：29.52req/s] [内存消耗：2,098.84kb] [文件加载：41]
[ info ] [ LANG ] /www/wwwroot/ishop/home/admin/think/lang/zh-cn.php
[ info ] [ ROUTE ] array (
  'type' => 'module',
  'module' => 
  array (
    0 => 'admin',
    1 => 'login',
    2 => 'index',
  ),
  'convert' => false,
)
[ info ] [ HEADER ] array (
  'host' => '159.75.70.173:5004',
  'user-agent' => 'Mozilla/5.0 (Macintosh; Intel Mac OS X 10_8_4) AppleWebKit/537.36 (KHTML, like Gecko) Chrome/49.0.2656.18 Safari/537.36',
  'accept' => '*/*',
  'accept-language' => 'en',
  'referer' => 'http://159.75.70.173:5004/admin/?n=language&c=language_general&a=doSearchParameter&editor=cn&word=search&appno=0+union+select+98989*443131,1--+&site=admin',
  'accept-encoding' => 'gzip',
  'connection' => 'close',
  'content-type' => '',
  'content-length' => '',
)
[ info ] [ PARAM ] array (
)
[ info ] [ LANG ] /www/wwwroot/ishop/home/admin/app/admin/lang/zh-cn.php
[ info ] [ SESSION ] INIT array (
  'id' => '',
  'var_session_id' => '',
  'prefix' => 'think',
  'type' => '',
  'auto_start' => true,
)
[ info ] [ RUN ] app\admin\controller\Login->index[ /www/wwwroot/ishop/home/admin/app/admin/controller/Login.php ]
[ info ] [ VIEW ] /www/wwwroot/ishop/home/admin/app/admin/view/login/index.html [ array (
) ]
[ info ] [ LOG ] INIT File
