---------------------------------------------------------------
[ 2023-02-08T22:20:37+08:00 ] 10.0.12.14 183.15.204.190 GET /admin/
[ info ] 159.75.70.173:5004/admin/ [运行时间：0.046380s][吞吐率：21.56req/s] [内存消耗：2,071.48kb] [文件加载：42]
[ info ] [ LANG ] /www/wwwroot/ishop/home/admin/think/lang/zh-cn.php
[ info ] [ ROUTE ] array (
  'type' => 'module',
  'module' => 
  array (
    0 => '',
    1 => NULL,
    2 => NULL,
  ),
)
[ info ] [ HEADER ] array (
  'host' => '159.75.70.173:5004',
  'connection' => 'keep-alive',
  'upgrade-insecure-requests' => '1',
  'user-agent' => 'Mozilla/5.0 (Windows NT 6.1; Win64; x64) AppleWebKit/537.36 (KHTML, like Gecko) Chrome/104.0.0.0 Safari/537.36',
  'accept' => 'text/html,application/xhtml+xml,application/xml;q=0.9,image/avif,image/webp,image/apng,*/*;q=0.8,application/signed-exchange;v=b3;q=0.9',
  'accept-encoding' => 'gzip, deflate',
  'accept-language' => 'zh-CN,zh;q=0.9',
  'cookie' => 'clear_0.0.1=1; mapKey=%22%22; expires=1618888254000; a1b3c212cd9d43cb7c39539e5ede3e11=93531608-a6b9-445f-b3db-16664f4f472f.s24KPzFBwc5ZQJxGujtyayPsWMo; order=id%20desc; serverType=nginx; pro_end=-1; ltd_end=-1; memSize=3788; bt_user_info=%7B%22status%22%3Atrue%2C%22msg%22%3A%22%u83B7%u53D6%u6210%u529F%21%22%2C%22data%22%3A%7B%22username%22%3A%22137****3439%22%7D%7D; rank=list; file_recycle_status=true; record_paste_type=null; sites_path=/www/wwwroot; site_model=php; PHPSESSID=df79pq05gcsscnpjoufookbq60; Path=/www/wwwroot/shoptest',
  'content-type' => '',
  'content-length' => '',
)
[ info ] [ PARAM ] array (
)
[ info ] [ LANG ] /www/wwwroot/ishop/home/admin/app/admin/lang/zh-cn.php
[ info ] [ SESSION ] INIT array (
  'id' => '',
  'var_session_id' => '',
  'prefix' => 'think',
  'type' => '',
  'auto_start' => true,
)
[ info ] [ LOG ] INIT File
---------------------------------------------------------------
[ 2023-02-08T22:20:37+08:00 ] 10.0.12.14 183.15.204.190 GET /admin/index.php/login
[ info ] 159.75.70.173:5004/admin/index.php/login [运行时间：0.017585s][吞吐率：56.87req/s] [内存消耗：2,101.35kb] [文件加载：41]
[ info ] [ LANG ] /www/wwwroot/ishop/home/admin/think/lang/zh-cn.php
[ info ] [ ROUTE ] array (
  'type' => 'module',
  'module' => 
  array (
    0 => 'admin',
    1 => 'login',
    2 => 'index',
  ),
  'convert' => false,
)
[ info ] [ HEADER ] array (
  'host' => '159.75.70.173:5004',
  'connection' => 'keep-alive',
  'upgrade-insecure-requests' => '1',
  'user-agent' => 'Mozilla/5.0 (Windows NT 6.1; Win64; x64) AppleWebKit/537.36 (KHTML, like Gecko) Chrome/104.0.0.0 Safari/537.36',
  'accept' => 'text/html,application/xhtml+xml,application/xml;q=0.9,image/avif,image/webp,image/apng,*/*;q=0.8,application/signed-exchange;v=b3;q=0.9',
  'accept-encoding' => 'gzip, deflate',
  'accept-language' => 'zh-CN,zh;q=0.9',
  'cookie' => 'clear_0.0.1=1; mapKey=%22%22; expires=1618888254000; a1b3c212cd9d43cb7c39539e5ede3e11=93531608-a6b9-445f-b3db-16664f4f472f.s24KPzFBwc5ZQJxGujtyayPsWMo; order=id%20desc; serverType=nginx; pro_end=-1; ltd_end=-1; memSize=3788; bt_user_info=%7B%22status%22%3Atrue%2C%22msg%22%3A%22%u83B7%u53D6%u6210%u529F%21%22%2C%22data%22%3A%7B%22username%22%3A%22137****3439%22%7D%7D; rank=list; file_recycle_status=true; record_paste_type=null; sites_path=/www/wwwroot; site_model=php; PHPSESSID=df79pq05gcsscnpjoufookbq60; Path=/www/wwwroot/shoptest',
  'content-type' => '',
  'content-length' => '',
)
[ info ] [ PARAM ] array (
)
[ info ] [ LANG ] /www/wwwroot/ishop/home/admin/app/admin/lang/zh-cn.php
[ info ] [ SESSION ] INIT array (
  'id' => '',
  'var_session_id' => '',
  'prefix' => 'think',
  'type' => '',
  'auto_start' => true,
)
[ info ] [ RUN ] app\admin\controller\Login->index[ /www/wwwroot/ishop/home/admin/app/admin/controller/Login.php ]
[ info ] [ VIEW ] /www/wwwroot/ishop/home/admin/app/admin/view/login/index.html [ array (
) ]
[ info ] [ LOG ] INIT File
---------------------------------------------------------------
[ 2023-02-08T22:20:37+08:00 ] 10.0.12.14 183.15.206.242 GET /admin/index.php/captcha.html
[ info ] 159.75.70.173:5004/admin/index.php/captcha.html [运行时间：0.024531s][吞吐率：40.76req/s] [内存消耗：1,711.88kb] [文件加载：32]
[ info ] [ LANG ] /www/wwwroot/ishop/home/admin/think/lang/zh-cn.php
[ info ] [ ROUTE ] array (
  'type' => 'method',
  'method' => 
  array (
    0 => '\\think\\captcha\\CaptchaController',
    1 => 'index',
  ),
  'var' => 
  array (
  ),
)
[ info ] [ HEADER ] array (
  'host' => '159.75.70.173:5004',
  'connection' => 'keep-alive',
  'user-agent' => 'Mozilla/5.0 (Windows NT 6.1; Win64; x64) AppleWebKit/537.36 (KHTML, like Gecko) Chrome/104.0.0.0 Safari/537.36',
  'accept' => 'image/avif,image/webp,image/apng,image/svg+xml,image/*,*/*;q=0.8',
  'referer' => 'http://159.75.70.173:5004/admin/index.php/login',
  'accept-encoding' => 'gzip, deflate',
  'accept-language' => 'zh-CN,zh;q=0.9',
  'cookie' => 'clear_0.0.1=1; mapKey=%22%22; expires=1618888254000; a1b3c212cd9d43cb7c39539e5ede3e11=93531608-a6b9-445f-b3db-16664f4f472f.s24KPzFBwc5ZQJxGujtyayPsWMo; order=id%20desc; serverType=nginx; pro_end=-1; ltd_end=-1; memSize=3788; bt_user_info=%7B%22status%22%3Atrue%2C%22msg%22%3A%22%u83B7%u53D6%u6210%u529F%21%22%2C%22data%22%3A%7B%22username%22%3A%22137****3439%22%7D%7D; rank=list; file_recycle_status=true; record_paste_type=null; sites_path=/www/wwwroot; site_model=php; PHPSESSID=df79pq05gcsscnpjoufookbq60; Path=/www/wwwroot/shoptest',
  'content-type' => '',
  'content-length' => '',
)
[ info ] [ PARAM ] array (
  'id' => NULL,
)
[ info ] [ RUN ] think\captcha\CaptchaController->index[ /www/wwwroot/ishop/home/admin/vendor/topthink/think-captcha/src/CaptchaController.php ]
[ info ] [ SESSION ] INIT array (
  'id' => '',
  'var_session_id' => '',
  'prefix' => 'think',
  'type' => '',
  'auto_start' => true,
)
[ info ] [ LOG ] INIT File
---------------------------------------------------------------
[ 2023-02-08T22:20:45+08:00 ] 10.0.12.14 183.15.206.242 POST /admin/index.php/login.html
[ info ] 159.75.70.173:5004/admin/index.php/login.html [运行时间：0.047644s][吞吐率：20.99req/s] [内存消耗：3,640.04kb] [文件加载：54]
[ info ] [ LANG ] /www/wwwroot/ishop/home/admin/think/lang/zh-cn.php
[ info ] [ ROUTE ] array (
  'type' => 'module',
  'module' => 
  array (
    0 => 'admin',
    1 => 'login',
    2 => 'index',
  ),
  'convert' => false,
)
[ info ] [ HEADER ] array (
  'host' => '159.75.70.173:5004',
  'connection' => 'keep-alive',
  'content-length' => '43',
  'accept' => '*/*',
  'x-requested-with' => 'XMLHttpRequest',
  'user-agent' => 'Mozilla/5.0 (Windows NT 6.1; Win64; x64) AppleWebKit/537.36 (KHTML, like Gecko) Chrome/104.0.0.0 Safari/537.36',
  'content-type' => 'application/x-www-form-urlencoded; charset=UTF-8',
  'origin' => 'http://159.75.70.173:5004',
  'referer' => 'http://159.75.70.173:5004/admin/index.php/login',
  'accept-encoding' => 'gzip, deflate',
  'accept-language' => 'zh-CN,zh;q=0.9',
  'cookie' => 'clear_0.0.1=1; mapKey=%22%22; expires=1618888254000; a1b3c212cd9d43cb7c39539e5ede3e11=93531608-a6b9-445f-b3db-16664f4f472f.s24KPzFBwc5ZQJxGujtyayPsWMo; order=id%20desc; serverType=nginx; pro_end=-1; ltd_end=-1; memSize=3788; bt_user_info=%7B%22status%22%3Atrue%2C%22msg%22%3A%22%u83B7%u53D6%u6210%u529F%21%22%2C%22data%22%3A%7B%22username%22%3A%22137****3439%22%7D%7D; rank=list; file_recycle_status=true; record_paste_type=null; sites_path=/www/wwwroot; site_model=php; PHPSESSID=df79pq05gcsscnpjoufookbq60; Path=/www/wwwroot/shoptest',
)
[ info ] [ PARAM ] array (
  'username' => 'admin',
  'password' => '123456',
  'captcha' => '27nm',
)
[ info ] [ LANG ] /www/wwwroot/ishop/home/admin/app/admin/lang/zh-cn.php
[ info ] [ SESSION ] INIT array (
  'id' => '',
  'var_session_id' => '',
  'prefix' => 'think',
  'type' => '',
  'auto_start' => true,
)
[ info ] [ RUN ] app\admin\controller\Login->index[ /www/wwwroot/ishop/home/admin/app/admin/controller/Login.php ]
[ info ] [ DB ] INIT mysql
[ info ] [ LOG ] INIT File
[ sql ] [ DB ] CONNECT:[ UseTime:0.000965s ] mysql:dbname=ishop;host=127.0.0.1;port=3306;charset=utf8
[ sql ] [ SQL ] SHOW COLUMNS FROM `xgj_admin` [ RunTime:0.003727s ]
[ sql ] [ SQL ] SELECT * FROM `xgj_admin` WHERE  `username` = 'admin' LIMIT 1 [ RunTime:0.001235s ]
[ error ] [8]未定义数组索引: avatar[/www/wwwroot/ishop/home/admin/app/admin/model/Admin.php:12]
---------------------------------------------------------------
[ 2023-02-08T22:20:47+08:00 ] 10.0.12.14 183.15.206.242 GET /admin/index.php/index.html
[ info ] 159.75.70.173:5004/admin/index.php/index.html [运行时间：0.018470s][吞吐率：54.14req/s] [内存消耗：2,133.30kb] [文件加载：42]
[ info ] [ LANG ] /www/wwwroot/ishop/home/admin/think/lang/zh-cn.php
[ info ] [ ROUTE ] array (
  'type' => 'module',
  'module' => 
  array (
    0 => 'admin',
    1 => 'index',
    2 => 'index',
  ),
  'convert' => false,
)
[ info ] [ HEADER ] array (
  'host' => '159.75.70.173:5004',
  'connection' => 'keep-alive',
  'upgrade-insecure-requests' => '1',
  'user-agent' => 'Mozilla/5.0 (Windows NT 6.1; Win64; x64) AppleWebKit/537.36 (KHTML, like Gecko) Chrome/104.0.0.0 Safari/537.36',
  'accept' => 'text/html,application/xhtml+xml,application/xml;q=0.9,image/avif,image/webp,image/apng,*/*;q=0.8,application/signed-exchange;v=b3;q=0.9',
  'referer' => 'http://159.75.70.173:5004/admin/index.php/login',
  'accept-encoding' => 'gzip, deflate',
  'accept-language' => 'zh-CN,zh;q=0.9',
  'cookie' => 'clear_0.0.1=1; mapKey=%22%22; expires=1618888254000; a1b3c212cd9d43cb7c39539e5ede3e11=93531608-a6b9-445f-b3db-16664f4f472f.s24KPzFBwc5ZQJxGujtyayPsWMo; order=id%20desc; serverType=nginx; pro_end=-1; ltd_end=-1; memSize=3788; bt_user_info=%7B%22status%22%3Atrue%2C%22msg%22%3A%22%u83B7%u53D6%u6210%u529F%21%22%2C%22data%22%3A%7B%22username%22%3A%22137****3439%22%7D%7D; rank=list; file_recycle_status=true; record_paste_type=null; sites_path=/www/wwwroot; site_model=php; PHPSESSID=df79pq05gcsscnpjoufookbq60; Path=/www/wwwroot/shoptest',
  'content-type' => '',
  'content-length' => '',
)
[ info ] [ PARAM ] array (
)
[ info ] [ LANG ] /www/wwwroot/ishop/home/admin/app/admin/lang/zh-cn.php
[ info ] [ SESSION ] INIT array (
  'id' => '',
  'var_session_id' => '',
  'prefix' => 'think',
  'type' => '',
  'auto_start' => true,
)
[ info ] [ RUN ] app\admin\controller\Index->index[ /www/wwwroot/ishop/home/admin/app/admin/controller/Index.php ]
[ info ] [ VIEW ] /www/wwwroot/ishop/home/admin/app/admin/view/index/index.html [ array (
  0 => 'action',
  1 => 'controller',
  2 => 'menus',
) ]
[ info ] [ LOG ] INIT File
---------------------------------------------------------------
[ 2023-02-08T22:20:47+08:00 ] 10.0.12.14 183.15.204.190 GET /admin/index.php/admin/index/main.html
[ info ] 159.75.70.173:5004/admin/index.php/admin/index/main.html [运行时间：0.014617s][吞吐率：68.41req/s] [内存消耗：2,049.13kb] [文件加载：41]
[ info ] [ LANG ] /www/wwwroot/ishop/home/admin/think/lang/zh-cn.php
[ info ] [ ROUTE ] array (
  'type' => 'module',
  'module' => 
  array (
    0 => 'admin',
    1 => 'index',
    2 => 'main',
  ),
)
[ info ] [ HEADER ] array (
  'host' => '159.75.70.173:5004',
  'connection' => 'keep-alive',
  'upgrade-insecure-requests' => '1',
  'user-agent' => 'Mozilla/5.0 (Windows NT 6.1; Win64; x64) AppleWebKit/537.36 (KHTML, like Gecko) Chrome/104.0.0.0 Safari/537.36',
  'accept' => 'text/html,application/xhtml+xml,application/xml;q=0.9,image/avif,image/webp,image/apng,*/*;q=0.8,application/signed-exchange;v=b3;q=0.9',
  'referer' => 'http://159.75.70.173:5004/admin/index.php/index.html',
  'accept-encoding' => 'gzip, deflate',
  'accept-language' => 'zh-CN,zh;q=0.9',
  'cookie' => 'skin=0; clear_0.0.1=1; mapKey=%22%22; expires=1618888254000; a1b3c212cd9d43cb7c39539e5ede3e11=93531608-a6b9-445f-b3db-16664f4f472f.s24KPzFBwc5ZQJxGujtyayPsWMo; order=id%20desc; serverType=nginx; pro_end=-1; ltd_end=-1; memSize=3788; bt_user_info=%7B%22status%22%3Atrue%2C%22msg%22%3A%22%u83B7%u53D6%u6210%u529F%21%22%2C%22data%22%3A%7B%22username%22%3A%22137****3439%22%7D%7D; rank=list; file_recycle_status=true; record_paste_type=null; sites_path=/www/wwwroot; site_model=php; PHPSESSID=df79pq05gcsscnpjoufookbq60; Path=/www/wwwroot/shoptest',
  'content-type' => '',
  'content-length' => '',
)
[ info ] [ PARAM ] array (
)
[ info ] [ LANG ] /www/wwwroot/ishop/home/admin/app/admin/lang/zh-cn.php
[ info ] [ SESSION ] INIT array (
  'id' => '',
  'var_session_id' => '',
  'prefix' => 'think',
  'type' => '',
  'auto_start' => true,
)
[ info ] [ RUN ] app\admin\controller\Index->main[ /www/wwwroot/ishop/home/admin/app/admin/controller/Index.php ]
[ info ] [ VIEW ] /www/wwwroot/ishop/home/admin/app/admin/view/index/main.html [ array (
  0 => 'action',
  1 => 'controller',
) ]
[ info ] [ LOG ] INIT File
---------------------------------------------------------------
[ 2023-02-08T22:20:49+08:00 ] 10.0.12.14 183.15.206.242 GET /admin/index.php/admin/Users/index.html
[ info ] 159.75.70.173:5004/admin/index.php/admin/Users/index.html [运行时间：0.017556s][吞吐率：56.96req/s] [内存消耗：2,134.91kb] [文件加载：42]
[ info ] [ LANG ] /www/wwwroot/ishop/home/admin/think/lang/zh-cn.php
[ info ] [ ROUTE ] array (
  'type' => 'module',
  'module' => 
  array (
    0 => 'admin',
    1 => 'Users',
    2 => 'index',
  ),
)
[ info ] [ HEADER ] array (
  'host' => '159.75.70.173:5004',
  'connection' => 'keep-alive',
  'upgrade-insecure-requests' => '1',
  'user-agent' => 'Mozilla/5.0 (Windows NT 6.1; Win64; x64) AppleWebKit/537.36 (KHTML, like Gecko) Chrome/104.0.0.0 Safari/537.36',
  'accept' => 'text/html,application/xhtml+xml,application/xml;q=0.9,image/avif,image/webp,image/apng,*/*;q=0.8,application/signed-exchange;v=b3;q=0.9',
  'referer' => 'http://159.75.70.173:5004/admin/index.php/index.html',
  'accept-encoding' => 'gzip, deflate',
  'accept-language' => 'zh-CN,zh;q=0.9',
  'cookie' => 'skin=0; clear_0.0.1=1; mapKey=%22%22; expires=1618888254000; a1b3c212cd9d43cb7c39539e5ede3e11=93531608-a6b9-445f-b3db-16664f4f472f.s24KPzFBwc5ZQJxGujtyayPsWMo; order=id%20desc; serverType=nginx; pro_end=-1; ltd_end=-1; memSize=3788; bt_user_info=%7B%22status%22%3Atrue%2C%22msg%22%3A%22%u83B7%u53D6%u6210%u529F%21%22%2C%22data%22%3A%7B%22username%22%3A%22137****3439%22%7D%7D; rank=list; file_recycle_status=true; record_paste_type=null; sites_path=/www/wwwroot; site_model=php; PHPSESSID=df79pq05gcsscnpjoufookbq60; Path=/www/wwwroot/shoptest',
  'content-type' => '',
  'content-length' => '',
)
[ info ] [ PARAM ] array (
)
[ info ] [ LANG ] /www/wwwroot/ishop/home/admin/app/admin/lang/zh-cn.php
[ info ] [ SESSION ] INIT array (
  'id' => '',
  'var_session_id' => '',
  'prefix' => 'think',
  'type' => '',
  'auto_start' => true,
)
[ info ] [ RUN ] app\admin\controller\Users->index[ /www/wwwroot/ishop/home/admin/app/admin/controller/Users.php ]
[ info ] [ VIEW ] /www/wwwroot/ishop/home/admin/app/admin/view/users/index.html [ array (
  0 => 'action',
  1 => 'controller',
) ]
[ info ] [ LOG ] INIT File
---------------------------------------------------------------
[ 2023-02-08T22:20:50+08:00 ] 10.0.12.14 183.15.206.242 POST /admin/index.php/admin/users/index.html
[ info ] 159.75.70.173:5004/admin/index.php/admin/users/index.html [运行时间：0.027957s][吞吐率：35.77req/s] [内存消耗：3,212.51kb] [文件加载：51]
[ info ] [ LANG ] /www/wwwroot/ishop/home/admin/think/lang/zh-cn.php
[ info ] [ ROUTE ] array (
  'type' => 'module',
  'module' => 
  array (
    0 => 'admin',
    1 => 'users',
    2 => 'index',
  ),
)
[ info ] [ HEADER ] array (
  'host' => '159.75.70.173:5004',
  'connection' => 'keep-alive',
  'content-length' => '15',
  'accept' => 'application/json, text/javascript, */*; q=0.01',
  'x-requested-with' => 'XMLHttpRequest',
  'user-agent' => 'Mozilla/5.0 (Windows NT 6.1; Win64; x64) AppleWebKit/537.36 (KHTML, like Gecko) Chrome/104.0.0.0 Safari/537.36',
  'content-type' => 'application/x-www-form-urlencoded; charset=UTF-8',
  'origin' => 'http://159.75.70.173:5004',
  'referer' => 'http://159.75.70.173:5004/admin/index.php/admin/Users/index.html',
  'accept-encoding' => 'gzip, deflate',
  'accept-language' => 'zh-CN,zh;q=0.9',
  'cookie' => 'skin=0; clear_0.0.1=1; mapKey=%22%22; expires=1618888254000; a1b3c212cd9d43cb7c39539e5ede3e11=93531608-a6b9-445f-b3db-16664f4f472f.s24KPzFBwc5ZQJxGujtyayPsWMo; order=id%20desc; serverType=nginx; pro_end=-1; ltd_end=-1; memSize=3788; bt_user_info=%7B%22status%22%3Atrue%2C%22msg%22%3A%22%u83B7%u53D6%u6210%u529F%21%22%2C%22data%22%3A%7B%22username%22%3A%22137****3439%22%7D%7D; rank=list; file_recycle_status=true; record_paste_type=null; sites_path=/www/wwwroot; site_model=php; PHPSESSID=df79pq05gcsscnpjoufookbq60; Path=/www/wwwroot/shoptest',
)
[ info ] [ PARAM ] array (
  'page' => '1',
  'limit' => '20',
)
[ info ] [ LANG ] /www/wwwroot/ishop/home/admin/app/admin/lang/zh-cn.php
[ info ] [ SESSION ] INIT array (
  'id' => '',
  'var_session_id' => '',
  'prefix' => 'think',
  'type' => '',
  'auto_start' => true,
)
[ info ] [ RUN ] app\admin\controller\Users->index[ /www/wwwroot/ishop/home/admin/app/admin/controller/Users.php ]
[ info ] [ DB ] INIT mysql
[ info ] [ LOG ] INIT File
[ sql ] [ DB ] CONNECT:[ UseTime:0.000487s ] mysql:dbname=ishop;host=127.0.0.1;port=3306;charset=utf8
[ sql ] [ SQL ] SHOW COLUMNS FROM `xgj_users` [ RunTime:0.001142s ]
[ sql ] [ SQL ] SELECT COUNT(*) AS tp_count FROM `xgj_users` `u` WHERE  ( `u`.`mobile` LIKE '%%' OR `u`.`username` LIKE '%%' ) LIMIT 1 [ RunTime:0.001275s ]
[ sql ] [ SQL ] SELECT `u`.* FROM `xgj_users` `u` WHERE  ( `u`.`mobile` LIKE '%%' OR `u`.`username` LIKE '%%' ) ORDER BY u.id desc LIMIT 0,20 [ RunTime:0.000235s ]
---------------------------------------------------------------
[ 2023-02-08T22:20:55+08:00 ] 10.0.12.14 183.15.206.242 GET /admin/index.php/admin/Product/index.html
[ info ] 159.75.70.173:5004/admin/index.php/admin/Product/index.html [运行时间：0.026963s][吞吐率：37.09req/s] [内存消耗：3,150.02kb] [文件加载：49]
[ info ] [ LANG ] /www/wwwroot/ishop/home/admin/think/lang/zh-cn.php
[ info ] [ ROUTE ] array (
  'type' => 'module',
  'module' => 
  array (
    0 => 'admin',
    1 => 'Product',
    2 => 'index',
  ),
)
[ info ] [ HEADER ] array (
  'host' => '159.75.70.173:5004',
  'connection' => 'keep-alive',
  'upgrade-insecure-requests' => '1',
  'user-agent' => 'Mozilla/5.0 (Windows NT 6.1; Win64; x64) AppleWebKit/537.36 (KHTML, like Gecko) Chrome/104.0.0.0 Safari/537.36',
  'accept' => 'text/html,application/xhtml+xml,application/xml;q=0.9,image/avif,image/webp,image/apng,*/*;q=0.8,application/signed-exchange;v=b3;q=0.9',
  'referer' => 'http://159.75.70.173:5004/admin/index.php/index.html',
  'accept-encoding' => 'gzip, deflate',
  'accept-language' => 'zh-CN,zh;q=0.9',
  'cookie' => 'skin=0; clear_0.0.1=1; mapKey=%22%22; expires=1618888254000; a1b3c212cd9d43cb7c39539e5ede3e11=93531608-a6b9-445f-b3db-16664f4f472f.s24KPzFBwc5ZQJxGujtyayPsWMo; order=id%20desc; serverType=nginx; pro_end=-1; ltd_end=-1; memSize=3788; bt_user_info=%7B%22status%22%3Atrue%2C%22msg%22%3A%22%u83B7%u53D6%u6210%u529F%21%22%2C%22data%22%3A%7B%22username%22%3A%22137****3439%22%7D%7D; rank=list; file_recycle_status=true; record_paste_type=null; sites_path=/www/wwwroot; site_model=php; PHPSESSID=df79pq05gcsscnpjoufookbq60; Path=/www/wwwroot/shoptest',
  'content-type' => '',
  'content-length' => '',
)
[ info ] [ PARAM ] array (
)
[ info ] [ LANG ] /www/wwwroot/ishop/home/admin/app/admin/lang/zh-cn.php
[ info ] [ SESSION ] INIT array (
  'id' => '',
  'var_session_id' => '',
  'prefix' => 'think',
  'type' => '',
  'auto_start' => true,
)
[ info ] [ RUN ] app\admin\controller\Product->index[ /www/wwwroot/ishop/home/admin/app/admin/controller/Product.php ]
[ info ] [ DB ] INIT mysql
[ info ] [ VIEW ] /www/wwwroot/ishop/home/admin/app/admin/view/product/index.html [ array (
  0 => 'action',
  1 => 'controller',
  2 => 'productTypeList',
) ]
[ info ] [ LOG ] INIT File
[ sql ] [ DB ] CONNECT:[ UseTime:0.000543s ] mysql:dbname=ishop;host=127.0.0.1;port=3306;charset=utf8
[ sql ] [ SQL ] SHOW COLUMNS FROM `xgj_product_type` [ RunTime:0.001399s ]
[ sql ] [ SQL ] SELECT * FROM `xgj_product_type` ORDER BY `sort` [ RunTime:0.000356s ]
---------------------------------------------------------------
[ 2023-02-08T22:20:55+08:00 ] 10.0.12.14 183.15.206.242 POST /admin/index.php/admin/product/index.html
[ info ] 159.75.70.173:5004/admin/index.php/admin/product/index.html [运行时间：0.049864s][吞吐率：20.05req/s] [内存消耗：3,279.30kb] [文件加载：51]
[ info ] [ LANG ] /www/wwwroot/ishop/home/admin/think/lang/zh-cn.php
[ info ] [ ROUTE ] array (
  'type' => 'module',
  'module' => 
  array (
    0 => 'admin',
    1 => 'product',
    2 => 'index',
  ),
)
[ info ] [ HEADER ] array (
  'host' => '159.75.70.173:5004',
  'connection' => 'keep-alive',
  'content-length' => '15',
  'accept' => 'application/json, text/javascript, */*; q=0.01',
  'x-requested-with' => 'XMLHttpRequest',
  'user-agent' => 'Mozilla/5.0 (Windows NT 6.1; Win64; x64) AppleWebKit/537.36 (KHTML, like Gecko) Chrome/104.0.0.0 Safari/537.36',
  'content-type' => 'application/x-www-form-urlencoded; charset=UTF-8',
  'origin' => 'http://159.75.70.173:5004',
  'referer' => 'http://159.75.70.173:5004/admin/index.php/admin/Product/index.html',
  'accept-encoding' => 'gzip, deflate',
  'accept-language' => 'zh-CN,zh;q=0.9',
  'cookie' => 'skin=0; clear_0.0.1=1; mapKey=%22%22; expires=1618888254000; a1b3c212cd9d43cb7c39539e5ede3e11=93531608-a6b9-445f-b3db-16664f4f472f.s24KPzFBwc5ZQJxGujtyayPsWMo; order=id%20desc; serverType=nginx; pro_end=-1; ltd_end=-1; memSize=3788; bt_user_info=%7B%22status%22%3Atrue%2C%22msg%22%3A%22%u83B7%u53D6%u6210%u529F%21%22%2C%22data%22%3A%7B%22username%22%3A%22137****3439%22%7D%7D; rank=list; file_recycle_status=true; record_paste_type=null; sites_path=/www/wwwroot; site_model=php; PHPSESSID=df79pq05gcsscnpjoufookbq60; Path=/www/wwwroot/shoptest',
)
[ info ] [ PARAM ] array (
  'page' => '1',
  'limit' => '20',
)
[ info ] [ LANG ] /www/wwwroot/ishop/home/admin/app/admin/lang/zh-cn.php
[ info ] [ SESSION ] INIT array (
  'id' => '',
  'var_session_id' => '',
  'prefix' => 'think',
  'type' => '',
  'auto_start' => true,
)
[ info ] [ RUN ] app\admin\controller\Product->index[ /www/wwwroot/ishop/home/admin/app/admin/controller/Product.php ]
[ info ] [ DB ] INIT mysql
[ info ] [ LOG ] INIT File
[ sql ] [ DB ] CONNECT:[ UseTime:0.000494s ] mysql:dbname=ishop;host=127.0.0.1;port=3306;charset=utf8
[ sql ] [ SQL ] SHOW COLUMNS FROM `xgj_product` [ RunTime:0.001559s ]
[ sql ] [ SQL ] SELECT COUNT(*) AS tp_count FROM `xgj_product` `p` LEFT JOIN `xgj_product_type` `pt` ON `p`.`type_id`=`pt`.`id` LIMIT 1 [ RunTime:0.000388s ]
[ sql ] [ SQL ] SELECT `p`.*,pt.name as typename FROM `xgj_product` `p` LEFT JOIN `xgj_product_type` `pt` ON `p`.`type_id`=`pt`.`id` ORDER BY `p`.`sort` LIMIT 0,20 [ RunTime:0.001300s ]
---------------------------------------------------------------
[ 2023-02-08T22:20:58+08:00 ] 10.0.12.14 183.15.206.242 GET /admin/index.php/admin/Product/type.html
[ info ] 159.75.70.173:5004/admin/index.php/admin/Product/type.html [运行时间：0.015930s][吞吐率：62.77req/s] [内存消耗：2,175.07kb] [文件加载：42]
[ info ] [ LANG ] /www/wwwroot/ishop/home/admin/think/lang/zh-cn.php
[ info ] [ ROUTE ] array (
  'type' => 'module',
  'module' => 
  array (
    0 => 'admin',
    1 => 'Product',
    2 => 'type',
  ),
)
[ info ] [ HEADER ] array (
  'host' => '159.75.70.173:5004',
  'connection' => 'keep-alive',
  'upgrade-insecure-requests' => '1',
  'user-agent' => 'Mozilla/5.0 (Windows NT 6.1; Win64; x64) AppleWebKit/537.36 (KHTML, like Gecko) Chrome/104.0.0.0 Safari/537.36',
  'accept' => 'text/html,application/xhtml+xml,application/xml;q=0.9,image/avif,image/webp,image/apng,*/*;q=0.8,application/signed-exchange;v=b3;q=0.9',
  'referer' => 'http://159.75.70.173:5004/admin/index.php/index.html',
  'accept-encoding' => 'gzip, deflate',
  'accept-language' => 'zh-CN,zh;q=0.9',
  'cookie' => 'skin=0; skin=0; clear_0.0.1=1; mapKey=%22%22; expires=1618888254000; a1b3c212cd9d43cb7c39539e5ede3e11=93531608-a6b9-445f-b3db-16664f4f472f.s24KPzFBwc5ZQJxGujtyayPsWMo; order=id%20desc; serverType=nginx; pro_end=-1; ltd_end=-1; memSize=3788; bt_user_info=%7B%22status%22%3Atrue%2C%22msg%22%3A%22%u83B7%u53D6%u6210%u529F%21%22%2C%22data%22%3A%7B%22username%22%3A%22137****3439%22%7D%7D; rank=list; file_recycle_status=true; record_paste_type=null; sites_path=/www/wwwroot; site_model=php; PHPSESSID=df79pq05gcsscnpjoufookbq60; Path=/www/wwwroot/shoptest',
  'content-type' => '',
  'content-length' => '',
)
[ info ] [ PARAM ] array (
)
[ info ] [ LANG ] /www/wwwroot/ishop/home/admin/app/admin/lang/zh-cn.php
[ info ] [ SESSION ] INIT array (
  'id' => '',
  'var_session_id' => '',
  'prefix' => 'think',
  'type' => '',
  'auto_start' => true,
)
[ info ] [ RUN ] app\admin\controller\Product->type[ /www/wwwroot/ishop/home/admin/app/admin/controller/Product.php ]
[ info ] [ VIEW ] /www/wwwroot/ishop/home/admin/app/admin/view/product/type.html [ array (
  0 => 'action',
  1 => 'controller',
) ]
[ info ] [ LOG ] INIT File
---------------------------------------------------------------
[ 2023-02-08T22:20:58+08:00 ] 10.0.12.14 183.15.206.242 POST /admin/index.php/admin/product/type.html
[ info ] 159.75.70.173:5004/admin/index.php/admin/product/type.html [运行时间：0.024557s][吞吐率：40.72req/s] [内存消耗：3,079.61kb] [文件加载：48]
[ info ] [ LANG ] /www/wwwroot/ishop/home/admin/think/lang/zh-cn.php
[ info ] [ ROUTE ] array (
  'type' => 'module',
  'module' => 
  array (
    0 => 'admin',
    1 => 'product',
    2 => 'type',
  ),
)
[ info ] [ HEADER ] array (
  'host' => '159.75.70.173:5004',
  'connection' => 'keep-alive',
  'content-length' => '15',
  'accept' => 'application/json, text/javascript, */*; q=0.01',
  'x-requested-with' => 'XMLHttpRequest',
  'user-agent' => 'Mozilla/5.0 (Windows NT 6.1; Win64; x64) AppleWebKit/537.36 (KHTML, like Gecko) Chrome/104.0.0.0 Safari/537.36',
  'content-type' => 'application/x-www-form-urlencoded; charset=UTF-8',
  'origin' => 'http://159.75.70.173:5004',
  'referer' => 'http://159.75.70.173:5004/admin/index.php/admin/Product/type.html',
  'accept-encoding' => 'gzip, deflate',
  'accept-language' => 'zh-CN,zh;q=0.9',
  'cookie' => 'skin=0; clear_0.0.1=1; mapKey=%22%22; expires=1618888254000; a1b3c212cd9d43cb7c39539e5ede3e11=93531608-a6b9-445f-b3db-16664f4f472f.s24KPzFBwc5ZQJxGujtyayPsWMo; order=id%20desc; serverType=nginx; pro_end=-1; ltd_end=-1; memSize=3788; bt_user_info=%7B%22status%22%3Atrue%2C%22msg%22%3A%22%u83B7%u53D6%u6210%u529F%21%22%2C%22data%22%3A%7B%22username%22%3A%22137****3439%22%7D%7D; rank=list; file_recycle_status=true; record_paste_type=null; sites_path=/www/wwwroot; site_model=php; PHPSESSID=df79pq05gcsscnpjoufookbq60; Path=/www/wwwroot/shoptest',
)
[ info ] [ PARAM ] array (
  'page' => '1',
  'limit' => '10',
)
[ info ] [ LANG ] /www/wwwroot/ishop/home/admin/app/admin/lang/zh-cn.php
[ info ] [ SESSION ] INIT array (
  'id' => '',
  'var_session_id' => '',
  'prefix' => 'think',
  'type' => '',
  'auto_start' => true,
)
[ info ] [ RUN ] app\admin\controller\Product->type[ /www/wwwroot/ishop/home/admin/app/admin/controller/Product.php ]
[ info ] [ DB ] INIT mysql
[ info ] [ LOG ] INIT File
[ sql ] [ DB ] CONNECT:[ UseTime:0.000586s ] mysql:dbname=ishop;host=127.0.0.1;port=3306;charset=utf8
[ sql ] [ SQL ] SHOW COLUMNS FROM `xgj_product_type` [ RunTime:0.001925s ]
[ sql ] [ SQL ] SELECT * FROM `xgj_product_type` WHERE  `name` LIKE '%%' ORDER BY `sort` [ RunTime:0.000439s ]
---------------------------------------------------------------
[ 2023-02-08T22:21:01+08:00 ] 10.0.12.14 183.15.206.242 GET /admin/index.php/admin/Message/index.html
[ info ] 159.75.70.173:5004/admin/index.php/admin/Message/index.html [运行时间：0.016584s][吞吐率：60.30req/s] [内存消耗：2,134.56kb] [文件加载：42]
[ info ] [ LANG ] /www/wwwroot/ishop/home/admin/think/lang/zh-cn.php
[ info ] [ ROUTE ] array (
  'type' => 'module',
  'module' => 
  array (
    0 => 'admin',
    1 => 'Message',
    2 => 'index',
  ),
)
[ info ] [ HEADER ] array (
  'host' => '159.75.70.173:5004',
  'connection' => 'keep-alive',
  'upgrade-insecure-requests' => '1',
  'user-agent' => 'Mozilla/5.0 (Windows NT 6.1; Win64; x64) AppleWebKit/537.36 (KHTML, like Gecko) Chrome/104.0.0.0 Safari/537.36',
  'accept' => 'text/html,application/xhtml+xml,application/xml;q=0.9,image/avif,image/webp,image/apng,*/*;q=0.8,application/signed-exchange;v=b3;q=0.9',
  'referer' => 'http://159.75.70.173:5004/admin/index.php/index.html',
  'accept-encoding' => 'gzip, deflate',
  'accept-language' => 'zh-CN,zh;q=0.9',
  'cookie' => 'skin=0; clear_0.0.1=1; mapKey=%22%22; expires=1618888254000; a1b3c212cd9d43cb7c39539e5ede3e11=93531608-a6b9-445f-b3db-16664f4f472f.s24KPzFBwc5ZQJxGujtyayPsWMo; order=id%20desc; serverType=nginx; pro_end=-1; ltd_end=-1; memSize=3788; bt_user_info=%7B%22status%22%3Atrue%2C%22msg%22%3A%22%u83B7%u53D6%u6210%u529F%21%22%2C%22data%22%3A%7B%22username%22%3A%22137****3439%22%7D%7D; rank=list; file_recycle_status=true; record_paste_type=null; sites_path=/www/wwwroot; site_model=php; PHPSESSID=df79pq05gcsscnpjoufookbq60; Path=/www/wwwroot/shoptest',
  'content-type' => '',
  'content-length' => '',
)
[ info ] [ PARAM ] array (
)
[ info ] [ LANG ] /www/wwwroot/ishop/home/admin/app/admin/lang/zh-cn.php
[ info ] [ SESSION ] INIT array (
  'id' => '',
  'var_session_id' => '',
  'prefix' => 'think',
  'type' => '',
  'auto_start' => true,
)
[ info ] [ RUN ] app\admin\controller\Message->index[ /www/wwwroot/ishop/home/admin/app/admin/controller/Message.php ]
[ info ] [ VIEW ] /www/wwwroot/ishop/home/admin/app/admin/view/message/index.html [ array (
  0 => 'action',
  1 => 'controller',
) ]
[ info ] [ LOG ] INIT File
---------------------------------------------------------------
[ 2023-02-08T22:21:01+08:00 ] 10.0.12.14 183.15.206.242 POST /admin/index.php/admin/message/index.html
[ info ] 159.75.70.173:5004/admin/index.php/admin/message/index.html [运行时间：0.023240s][吞吐率：43.03req/s] [内存消耗：3,208.02kb] [文件加载：51]
[ info ] [ LANG ] /www/wwwroot/ishop/home/admin/think/lang/zh-cn.php
[ info ] [ ROUTE ] array (
  'type' => 'module',
  'module' => 
  array (
    0 => 'admin',
    1 => 'message',
    2 => 'index',
  ),
)
[ info ] [ HEADER ] array (
  'host' => '159.75.70.173:5004',
  'connection' => 'keep-alive',
  'content-length' => '15',
  'accept' => 'application/json, text/javascript, */*; q=0.01',
  'x-requested-with' => 'XMLHttpRequest',
  'user-agent' => 'Mozilla/5.0 (Windows NT 6.1; Win64; x64) AppleWebKit/537.36 (KHTML, like Gecko) Chrome/104.0.0.0 Safari/537.36',
  'content-type' => 'application/x-www-form-urlencoded; charset=UTF-8',
  'origin' => 'http://159.75.70.173:5004',
  'referer' => 'http://159.75.70.173:5004/admin/index.php/admin/Message/index.html',
  'accept-encoding' => 'gzip, deflate',
  'accept-language' => 'zh-CN,zh;q=0.9',
  'cookie' => 'skin=0; clear_0.0.1=1; mapKey=%22%22; expires=1618888254000; a1b3c212cd9d43cb7c39539e5ede3e11=93531608-a6b9-445f-b3db-16664f4f472f.s24KPzFBwc5ZQJxGujtyayPsWMo; order=id%20desc; serverType=nginx; pro_end=-1; ltd_end=-1; memSize=3788; bt_user_info=%7B%22status%22%3Atrue%2C%22msg%22%3A%22%u83B7%u53D6%u6210%u529F%21%22%2C%22data%22%3A%7B%22username%22%3A%22137****3439%22%7D%7D; rank=list; file_recycle_status=true; record_paste_type=null; sites_path=/www/wwwroot; site_model=php; PHPSESSID=df79pq05gcsscnpjoufookbq60; Path=/www/wwwroot/shoptest',
)
[ info ] [ PARAM ] array (
  'page' => '1',
  'limit' => '10',
)
[ info ] [ LANG ] /www/wwwroot/ishop/home/admin/app/admin/lang/zh-cn.php
[ info ] [ SESSION ] INIT array (
  'id' => '',
  'var_session_id' => '',
  'prefix' => 'think',
  'type' => '',
  'auto_start' => true,
)
[ info ] [ RUN ] app\admin\controller\Message->index[ /www/wwwroot/ishop/home/admin/app/admin/controller/Message.php ]
[ info ] [ DB ] INIT mysql
[ info ] [ LOG ] INIT File
[ sql ] [ DB ] CONNECT:[ UseTime:0.000521s ] mysql:dbname=ishop;host=127.0.0.1;port=3306;charset=utf8
[ sql ] [ SQL ] SHOW COLUMNS FROM `xgj_message` [ RunTime:0.001194s ]
[ sql ] [ SQL ] SELECT COUNT(*) AS tp_count FROM `xgj_message` WHERE  `content` LIKE '%%' LIMIT 1 [ RunTime:0.000202s ]
[ sql ] [ SQL ] SELECT * FROM `xgj_message` WHERE  `content` LIKE '%%' ORDER BY id desc LIMIT 0,10 [ RunTime:0.000163s ]
---------------------------------------------------------------
[ 2023-02-08T22:21:25+08:00 ] 10.0.12.14 183.15.206.242 GET /admin/index.php/admin/product/index.html
[ info ] 159.75.70.173:5004/admin/index.php/admin/product/index.html [运行时间：0.023349s][吞吐率：42.83req/s] [内存消耗：3,149.95kb] [文件加载：49]
[ info ] [ LANG ] /www/wwwroot/ishop/home/admin/think/lang/zh-cn.php
[ info ] [ ROUTE ] array (
  'type' => 'module',
  'module' => 
  array (
    0 => 'admin',
    1 => 'product',
    2 => 'index',
  ),
)
[ info ] [ HEADER ] array (
  'host' => '159.75.70.173:5004',
  'connection' => 'keep-alive',
  'upgrade-insecure-requests' => '1',
  'user-agent' => 'Mozilla/5.0 (Windows NT 6.1; Win64; x64) AppleWebKit/537.36 (KHTML, like Gecko) Chrome/104.0.0.0 Safari/537.36',
  'accept' => 'text/html,application/xhtml+xml,application/xml;q=0.9,image/avif,image/webp,image/apng,*/*;q=0.8,application/signed-exchange;v=b3;q=0.9',
  'referer' => 'http://159.75.70.173:5004/admin/index.php/admin/Product/index.html',
  'accept-encoding' => 'gzip, deflate',
  'accept-language' => 'zh-CN,zh;q=0.9',
  'cookie' => 'skin=0; clear_0.0.1=1; mapKey=%22%22; expires=1618888254000; a1b3c212cd9d43cb7c39539e5ede3e11=93531608-a6b9-445f-b3db-16664f4f472f.s24KPzFBwc5ZQJxGujtyayPsWMo; order=id%20desc; serverType=nginx; pro_end=-1; ltd_end=-1; memSize=3788; bt_user_info=%7B%22status%22%3Atrue%2C%22msg%22%3A%22%u83B7%u53D6%u6210%u529F%21%22%2C%22data%22%3A%7B%22username%22%3A%22137****3439%22%7D%7D; rank=list; file_recycle_status=true; record_paste_type=null; sites_path=/www/wwwroot; site_model=php; PHPSESSID=df79pq05gcsscnpjoufookbq60; Path=/www/wwwroot/shoptest',
  'content-type' => '',
  'content-length' => '',
)
[ info ] [ PARAM ] array (
)
[ info ] [ LANG ] /www/wwwroot/ishop/home/admin/app/admin/lang/zh-cn.php
[ info ] [ SESSION ] INIT array (
  'id' => '',
  'var_session_id' => '',
  'prefix' => 'think',
  'type' => '',
  'auto_start' => true,
)
[ info ] [ RUN ] app\admin\controller\Product->index[ /www/wwwroot/ishop/home/admin/app/admin/controller/Product.php ]
[ info ] [ DB ] INIT mysql
[ info ] [ VIEW ] /www/wwwroot/ishop/home/admin/app/admin/view/product/index.html [ array (
  0 => 'action',
  1 => 'controller',
  2 => 'productTypeList',
) ]
[ info ] [ LOG ] INIT File
[ sql ] [ DB ] CONNECT:[ UseTime:0.000544s ] mysql:dbname=ishop;host=127.0.0.1;port=3306;charset=utf8
[ sql ] [ SQL ] SHOW COLUMNS FROM `xgj_product_type` [ RunTime:0.001438s ]
[ sql ] [ SQL ] SELECT * FROM `xgj_product_type` ORDER BY `sort` [ RunTime:0.000243s ]
---------------------------------------------------------------
[ 2023-02-08T22:21:25+08:00 ] 10.0.12.14 183.15.206.242 POST /admin/index.php/admin/product/index.html
[ info ] 159.75.70.173:5004/admin/index.php/admin/product/index.html [运行时间：0.022282s][吞吐率：44.88req/s] [内存消耗：3,279.16kb] [文件加载：51]
[ info ] [ LANG ] /www/wwwroot/ishop/home/admin/think/lang/zh-cn.php
[ info ] [ ROUTE ] array (
  'type' => 'module',
  'module' => 
  array (
    0 => 'admin',
    1 => 'product',
    2 => 'index',
  ),
)
[ info ] [ HEADER ] array (
  'host' => '159.75.70.173:5004',
  'connection' => 'keep-alive',
  'content-length' => '15',
  'accept' => 'application/json, text/javascript, */*; q=0.01',
  'x-requested-with' => 'XMLHttpRequest',
  'user-agent' => 'Mozilla/5.0 (Windows NT 6.1; Win64; x64) AppleWebKit/537.36 (KHTML, like Gecko) Chrome/104.0.0.0 Safari/537.36',
  'content-type' => 'application/x-www-form-urlencoded; charset=UTF-8',
  'origin' => 'http://159.75.70.173:5004',
  'referer' => 'http://159.75.70.173:5004/admin/index.php/admin/Product/index.html',
  'accept-encoding' => 'gzip, deflate',
  'accept-language' => 'zh-CN,zh;q=0.9',
  'cookie' => 'skin=0; skin=0; clear_0.0.1=1; mapKey=%22%22; expires=1618888254000; a1b3c212cd9d43cb7c39539e5ede3e11=93531608-a6b9-445f-b3db-16664f4f472f.s24KPzFBwc5ZQJxGujtyayPsWMo; order=id%20desc; serverType=nginx; pro_end=-1; ltd_end=-1; memSize=3788; bt_user_info=%7B%22status%22%3Atrue%2C%22msg%22%3A%22%u83B7%u53D6%u6210%u529F%21%22%2C%22data%22%3A%7B%22username%22%3A%22137****3439%22%7D%7D; rank=list; file_recycle_status=true; record_paste_type=null; sites_path=/www/wwwroot; site_model=php; PHPSESSID=df79pq05gcsscnpjoufookbq60; Path=/www/wwwroot/shoptest',
)
[ info ] [ PARAM ] array (
  'page' => '1',
  'limit' => '20',
)
[ info ] [ LANG ] /www/wwwroot/ishop/home/admin/app/admin/lang/zh-cn.php
[ info ] [ SESSION ] INIT array (
  'id' => '',
  'var_session_id' => '',
  'prefix' => 'think',
  'type' => '',
  'auto_start' => true,
)
[ info ] [ RUN ] app\admin\controller\Product->index[ /www/wwwroot/ishop/home/admin/app/admin/controller/Product.php ]
[ info ] [ DB ] INIT mysql
[ info ] [ LOG ] INIT File
[ sql ] [ DB ] CONNECT:[ UseTime:0.000506s ] mysql:dbname=ishop;host=127.0.0.1;port=3306;charset=utf8
[ sql ] [ SQL ] SHOW COLUMNS FROM `xgj_product` [ RunTime:0.001181s ]
[ sql ] [ SQL ] SELECT COUNT(*) AS tp_count FROM `xgj_product` `p` LEFT JOIN `xgj_product_type` `pt` ON `p`.`type_id`=`pt`.`id` LIMIT 1 [ RunTime:0.000401s ]
[ sql ] [ SQL ] SELECT `p`.*,pt.name as typename FROM `xgj_product` `p` LEFT JOIN `xgj_product_type` `pt` ON `p`.`type_id`=`pt`.`id` ORDER BY `p`.`sort` LIMIT 0,20 [ RunTime:0.000339s ]
---------------------------------------------------------------
[ 2023-02-08T22:21:37+08:00 ] 10.0.12.14 183.15.206.242 POST /admin/index.php/admin/product/index.html
[ info ] 159.75.70.173:5004/admin/index.php/admin/product/index.html [运行时间：0.024262s][吞吐率：41.22req/s] [内存消耗：3,259.91kb] [文件加载：51]
[ info ] [ LANG ] /www/wwwroot/ishop/home/admin/think/lang/zh-cn.php
[ info ] [ ROUTE ] array (
  'type' => 'module',
  'module' => 
  array (
    0 => 'admin',
    1 => 'product',
    2 => 'index',
  ),
)
[ info ] [ HEADER ] array (
  'host' => '159.75.70.173:5004',
  'connection' => 'keep-alive',
  'content-length' => '15',
  'accept' => 'application/json, text/javascript, */*; q=0.01',
  'x-requested-with' => 'XMLHttpRequest',
  'user-agent' => 'Mozilla/5.0 (Windows NT 6.1; Win64; x64) AppleWebKit/537.36 (KHTML, like Gecko) Chrome/104.0.0.0 Safari/537.36',
  'content-type' => 'application/x-www-form-urlencoded; charset=UTF-8',
  'origin' => 'http://159.75.70.173:5004',
  'referer' => 'http://159.75.70.173:5004/admin/index.php/admin/Product/index.html',
  'accept-encoding' => 'gzip, deflate',
  'accept-language' => 'zh-CN,zh;q=0.9',
  'cookie' => 'skin=0; skin=0; clear_0.0.1=1; mapKey=%22%22; expires=1618888254000; a1b3c212cd9d43cb7c39539e5ede3e11=93531608-a6b9-445f-b3db-16664f4f472f.s24KPzFBwc5ZQJxGujtyayPsWMo; order=id%20desc; serverType=nginx; pro_end=-1; ltd_end=-1; memSize=3788; bt_user_info=%7B%22status%22%3Atrue%2C%22msg%22%3A%22%u83B7%u53D6%u6210%u529F%21%22%2C%22data%22%3A%7B%22username%22%3A%22137****3439%22%7D%7D; rank=list; file_recycle_status=true; record_paste_type=null; sites_path=/www/wwwroot; site_model=php; PHPSESSID=df79pq05gcsscnpjoufookbq60; Path=/www/wwwroot/shoptest',
)
[ info ] [ PARAM ] array (
  'page' => '2',
  'limit' => '20',
)
[ info ] [ LANG ] /www/wwwroot/ishop/home/admin/app/admin/lang/zh-cn.php
[ info ] [ SESSION ] INIT array (
  'id' => '',
  'var_session_id' => '',
  'prefix' => 'think',
  'type' => '',
  'auto_start' => true,
)
[ info ] [ RUN ] app\admin\controller\Product->index[ /www/wwwroot/ishop/home/admin/app/admin/controller/Product.php ]
[ info ] [ DB ] INIT mysql
[ info ] [ LOG ] INIT File
[ sql ] [ DB ] CONNECT:[ UseTime:0.000582s ] mysql:dbname=ishop;host=127.0.0.1;port=3306;charset=utf8
[ sql ] [ SQL ] SHOW COLUMNS FROM `xgj_product` [ RunTime:0.001939s ]
[ sql ] [ SQL ] SELECT COUNT(*) AS tp_count FROM `xgj_product` `p` LEFT JOIN `xgj_product_type` `pt` ON `p`.`type_id`=`pt`.`id` LIMIT 1 [ RunTime:0.000312s ]
[ sql ] [ SQL ] SELECT `p`.*,pt.name as typename FROM `xgj_product` `p` LEFT JOIN `xgj_product_type` `pt` ON `p`.`type_id`=`pt`.`id` ORDER BY `p`.`sort` LIMIT 20,20 [ RunTime:0.000321s ]
---------------------------------------------------------------
[ 2023-02-08T22:22:24+08:00 ] 10.0.12.14 183.15.206.242 GET /admin/index.php/admin/Order/index.html
[ info ] 159.75.70.173:5004/admin/index.php/admin/Order/index.html [运行时间：0.016203s][吞吐率：61.72req/s] [内存消耗：2,132.36kb] [文件加载：42]
[ info ] [ LANG ] /www/wwwroot/ishop/home/admin/think/lang/zh-cn.php
[ info ] [ ROUTE ] array (
  'type' => 'module',
  'module' => 
  array (
    0 => 'admin',
    1 => 'Order',
    2 => 'index',
  ),
)
[ info ] [ HEADER ] array (
  'host' => '159.75.70.173:5004',
  'connection' => 'keep-alive',
  'upgrade-insecure-requests' => '1',
  'user-agent' => 'Mozilla/5.0 (Windows NT 6.1; Win64; x64) AppleWebKit/537.36 (KHTML, like Gecko) Chrome/104.0.0.0 Safari/537.36',
  'accept' => 'text/html,application/xhtml+xml,application/xml;q=0.9,image/avif,image/webp,image/apng,*/*;q=0.8,application/signed-exchange;v=b3;q=0.9',
  'referer' => 'http://159.75.70.173:5004/admin/index.php/index.html',
  'accept-encoding' => 'gzip, deflate',
  'accept-language' => 'zh-CN,zh;q=0.9',
  'cookie' => 'skin=0; clear_0.0.1=1; mapKey=%22%22; expires=1618888254000; a1b3c212cd9d43cb7c39539e5ede3e11=93531608-a6b9-445f-b3db-16664f4f472f.s24KPzFBwc5ZQJxGujtyayPsWMo; order=id%20desc; serverType=nginx; pro_end=-1; ltd_end=-1; memSize=3788; bt_user_info=%7B%22status%22%3Atrue%2C%22msg%22%3A%22%u83B7%u53D6%u6210%u529F%21%22%2C%22data%22%3A%7B%22username%22%3A%22137****3439%22%7D%7D; rank=list; file_recycle_status=true; record_paste_type=null; sites_path=/www/wwwroot; site_model=php; PHPSESSID=df79pq05gcsscnpjoufookbq60; Path=/www/wwwroot/shoptest',
  'content-type' => '',
  'content-length' => '',
)
[ info ] [ PARAM ] array (
)
[ info ] [ LANG ] /www/wwwroot/ishop/home/admin/app/admin/lang/zh-cn.php
[ info ] [ SESSION ] INIT array (
  'id' => '',
  'var_session_id' => '',
  'prefix' => 'think',
  'type' => '',
  'auto_start' => true,
)
[ info ] [ RUN ] app\admin\controller\Order->index[ /www/wwwroot/ishop/home/admin/app/admin/controller/Order.php ]
[ info ] [ VIEW ] /www/wwwroot/ishop/home/admin/app/admin/view/order/index.html [ array (
  0 => 'action',
  1 => 'controller',
) ]
[ info ] [ LOG ] INIT File
---------------------------------------------------------------
[ 2023-02-08T22:22:25+08:00 ] 10.0.12.14 183.15.206.242 POST /admin/index.php/admin/order/index.html
[ info ] 159.75.70.173:5004/admin/index.php/admin/order/index.html [运行时间：0.024559s][吞吐率：40.72req/s] [内存消耗：3,226.22kb] [文件加载：51]
[ info ] [ LANG ] /www/wwwroot/ishop/home/admin/think/lang/zh-cn.php
[ info ] [ ROUTE ] array (
  'type' => 'module',
  'module' => 
  array (
    0 => 'admin',
    1 => 'order',
    2 => 'index',
  ),
)
[ info ] [ HEADER ] array (
  'host' => '159.75.70.173:5004',
  'connection' => 'keep-alive',
  'content-length' => '15',
  'accept' => 'application/json, text/javascript, */*; q=0.01',
  'x-requested-with' => 'XMLHttpRequest',
  'user-agent' => 'Mozilla/5.0 (Windows NT 6.1; Win64; x64) AppleWebKit/537.36 (KHTML, like Gecko) Chrome/104.0.0.0 Safari/537.36',
  'content-type' => 'application/x-www-form-urlencoded; charset=UTF-8',
  'origin' => 'http://159.75.70.173:5004',
  'referer' => 'http://159.75.70.173:5004/admin/index.php/admin/Order/index.html',
  'accept-encoding' => 'gzip, deflate',
  'accept-language' => 'zh-CN,zh;q=0.9',
  'cookie' => 'skin=0; clear_0.0.1=1; mapKey=%22%22; expires=1618888254000; a1b3c212cd9d43cb7c39539e5ede3e11=93531608-a6b9-445f-b3db-16664f4f472f.s24KPzFBwc5ZQJxGujtyayPsWMo; order=id%20desc; serverType=nginx; pro_end=-1; ltd_end=-1; memSize=3788; bt_user_info=%7B%22status%22%3Atrue%2C%22msg%22%3A%22%u83B7%u53D6%u6210%u529F%21%22%2C%22data%22%3A%7B%22username%22%3A%22137****3439%22%7D%7D; rank=list; file_recycle_status=true; record_paste_type=null; sites_path=/www/wwwroot; site_model=php; PHPSESSID=df79pq05gcsscnpjoufookbq60; Path=/www/wwwroot/shoptest',
)
[ info ] [ PARAM ] array (
  'page' => '1',
  'limit' => '20',
)
[ info ] [ LANG ] /www/wwwroot/ishop/home/admin/app/admin/lang/zh-cn.php
[ info ] [ SESSION ] INIT array (
  'id' => '',
  'var_session_id' => '',
  'prefix' => 'think',
  'type' => '',
  'auto_start' => true,
)
[ info ] [ RUN ] app\admin\controller\Order->index[ /www/wwwroot/ishop/home/admin/app/admin/controller/Order.php ]
[ info ] [ DB ] INIT mysql
[ info ] [ LOG ] INIT File
[ sql ] [ DB ] CONNECT:[ UseTime:0.000497s ] mysql:dbname=ishop;host=127.0.0.1;port=3306;charset=utf8
[ sql ] [ SQL ] SHOW COLUMNS FROM `xgj_order` [ RunTime:0.001166s ]
[ sql ] [ SQL ] SELECT COUNT(*) AS tp_count FROM `xgj_order` `o` LIMIT 1 [ RunTime:0.000909s ]
[ sql ] [ SQL ] SELECT * FROM `xgj_order` `o` ORDER BY id desc LIMIT 0,20 [ RunTime:0.000736s ]
---------------------------------------------------------------
[ 2023-02-08T22:22:30+08:00 ] 10.0.12.14 183.15.206.242 GET /admin/index.php/admin/order/edit.html?id=17
[ info ] 159.75.70.173:5004/admin/index.php/admin/order/edit.html?id=17 [运行时间：0.026184s][吞吐率：38.19req/s] [内存消耗：3,119.88kb] [文件加载：49]
[ info ] [ LANG ] /www/wwwroot/ishop/home/admin/think/lang/zh-cn.php
[ info ] [ ROUTE ] array (
  'type' => 'module',
  'module' => 
  array (
    0 => 'admin',
    1 => 'order',
    2 => 'edit',
  ),
)
[ info ] [ HEADER ] array (
  'host' => '159.75.70.173:5004',
  'connection' => 'keep-alive',
  'upgrade-insecure-requests' => '1',
  'user-agent' => 'Mozilla/5.0 (Windows NT 6.1; Win64; x64) AppleWebKit/537.36 (KHTML, like Gecko) Chrome/104.0.0.0 Safari/537.36',
  'accept' => 'text/html,application/xhtml+xml,application/xml;q=0.9,image/avif,image/webp,image/apng,*/*;q=0.8,application/signed-exchange;v=b3;q=0.9',
  'referer' => 'http://159.75.70.173:5004/admin/index.php/admin/Order/index.html',
  'accept-encoding' => 'gzip, deflate',
  'accept-language' => 'zh-CN,zh;q=0.9',
  'cookie' => 'skin=0; clear_0.0.1=1; mapKey=%22%22; expires=1618888254000; a1b3c212cd9d43cb7c39539e5ede3e11=93531608-a6b9-445f-b3db-16664f4f472f.s24KPzFBwc5ZQJxGujtyayPsWMo; order=id%20desc; serverType=nginx; pro_end=-1; ltd_end=-1; memSize=3788; bt_user_info=%7B%22status%22%3Atrue%2C%22msg%22%3A%22%u83B7%u53D6%u6210%u529F%21%22%2C%22data%22%3A%7B%22username%22%3A%22137****3439%22%7D%7D; rank=list; file_recycle_status=true; record_paste_type=null; sites_path=/www/wwwroot; site_model=php; PHPSESSID=df79pq05gcsscnpjoufookbq60; Path=/www/wwwroot/shoptest',
  'content-type' => '',
  'content-length' => '',
)
[ info ] [ PARAM ] array (
  'id' => '17',
)
[ info ] [ LANG ] /www/wwwroot/ishop/home/admin/app/admin/lang/zh-cn.php
[ info ] [ SESSION ] INIT array (
  'id' => '',
  'var_session_id' => '',
  'prefix' => 'think',
  'type' => '',
  'auto_start' => true,
)
[ info ] [ RUN ] app\admin\controller\Order->edit[ /www/wwwroot/ishop/home/admin/app/admin/controller/Order.php ]
[ info ] [ DB ] INIT mysql
[ info ] [ VIEW ] /www/wwwroot/ishop/home/admin/app/admin/view/order/form.html [ array (
  0 => 'action',
  1 => 'controller',
  2 => 'info',
  3 => 'product',
) ]
[ info ] [ LOG ] INIT File
[ sql ] [ DB ] CONNECT:[ UseTime:0.000505s ] mysql:dbname=ishop;host=127.0.0.1;port=3306;charset=utf8
[ sql ] [ SQL ] SHOW COLUMNS FROM `xgj_order` [ RunTime:0.001176s ]
[ sql ] [ SQL ] SELECT * FROM `xgj_order` WHERE  `id` = 17 LIMIT 1 [ RunTime:0.000325s ]
---------------------------------------------------------------
[ 2023-02-08T22:22:34+08:00 ] 10.0.12.14 183.15.206.242 GET /admin/index.php/admin/order/index.html
[ info ] 159.75.70.173:5004/admin/index.php/admin/order/index.html [运行时间：0.015487s][吞吐率：64.57req/s] [内存消耗：2,132.35kb] [文件加载：42]
[ info ] [ LANG ] /www/wwwroot/ishop/home/admin/think/lang/zh-cn.php
[ info ] [ ROUTE ] array (
  'type' => 'module',
  'module' => 
  array (
    0 => 'admin',
    1 => 'order',
    2 => 'index',
  ),
)
[ info ] [ HEADER ] array (
  'host' => '159.75.70.173:5004',
  'connection' => 'keep-alive',
  'upgrade-insecure-requests' => '1',
  'user-agent' => 'Mozilla/5.0 (Windows NT 6.1; Win64; x64) AppleWebKit/537.36 (KHTML, like Gecko) Chrome/104.0.0.0 Safari/537.36',
  'accept' => 'text/html,application/xhtml+xml,application/xml;q=0.9,image/avif,image/webp,image/apng,*/*;q=0.8,application/signed-exchange;v=b3;q=0.9',
  'referer' => 'http://159.75.70.173:5004/admin/index.php/admin/Order/index.html',
  'accept-encoding' => 'gzip, deflate',
  'accept-language' => 'zh-CN,zh;q=0.9',
  'cookie' => 'skin=0; skin=0; clear_0.0.1=1; mapKey=%22%22; expires=1618888254000; a1b3c212cd9d43cb7c39539e5ede3e11=93531608-a6b9-445f-b3db-16664f4f472f.s24KPzFBwc5ZQJxGujtyayPsWMo; order=id%20desc; serverType=nginx; pro_end=-1; ltd_end=-1; memSize=3788; bt_user_info=%7B%22status%22%3Atrue%2C%22msg%22%3A%22%u83B7%u53D6%u6210%u529F%21%22%2C%22data%22%3A%7B%22username%22%3A%22137****3439%22%7D%7D; rank=list; file_recycle_status=true; record_paste_type=null; sites_path=/www/wwwroot; site_model=php; PHPSESSID=df79pq05gcsscnpjoufookbq60; Path=/www/wwwroot/shoptest',
  'content-type' => '',
  'content-length' => '',
)
[ info ] [ PARAM ] array (
)
[ info ] [ LANG ] /www/wwwroot/ishop/home/admin/app/admin/lang/zh-cn.php
[ info ] [ SESSION ] INIT array (
  'id' => '',
  'var_session_id' => '',
  'prefix' => 'think',
  'type' => '',
  'auto_start' => true,
)
[ info ] [ RUN ] app\admin\controller\Order->index[ /www/wwwroot/ishop/home/admin/app/admin/controller/Order.php ]
[ info ] [ VIEW ] /www/wwwroot/ishop/home/admin/app/admin/view/order/index.html [ array (
  0 => 'action',
  1 => 'controller',
) ]
[ info ] [ LOG ] INIT File
---------------------------------------------------------------
[ 2023-02-08T22:22:35+08:00 ] 10.0.12.14 183.15.206.242 POST /admin/index.php/admin/order/index.html
[ info ] 159.75.70.173:5004/admin/index.php/admin/order/index.html [运行时间：0.023281s][吞吐率：42.95req/s] [内存消耗：3,226.55kb] [文件加载：51]
[ info ] [ LANG ] /www/wwwroot/ishop/home/admin/think/lang/zh-cn.php
[ info ] [ ROUTE ] array (
  'type' => 'module',
  'module' => 
  array (
    0 => 'admin',
    1 => 'order',
    2 => 'index',
  ),
)
[ info ] [ HEADER ] array (
  'host' => '159.75.70.173:5004',
  'connection' => 'keep-alive',
  'content-length' => '15',
  'accept' => 'application/json, text/javascript, */*; q=0.01',
  'x-requested-with' => 'XMLHttpRequest',
  'user-agent' => 'Mozilla/5.0 (Windows NT 6.1; Win64; x64) AppleWebKit/537.36 (KHTML, like Gecko) Chrome/104.0.0.0 Safari/537.36',
  'content-type' => 'application/x-www-form-urlencoded; charset=UTF-8',
  'origin' => 'http://159.75.70.173:5004',
  'referer' => 'http://159.75.70.173:5004/admin/index.php/admin/Order/index.html',
  'accept-encoding' => 'gzip, deflate',
  'accept-language' => 'zh-CN,zh;q=0.9',
  'cookie' => 'skin=0; skin=0; clear_0.0.1=1; mapKey=%22%22; expires=1618888254000; a1b3c212cd9d43cb7c39539e5ede3e11=93531608-a6b9-445f-b3db-16664f4f472f.s24KPzFBwc5ZQJxGujtyayPsWMo; order=id%20desc; serverType=nginx; pro_end=-1; ltd_end=-1; memSize=3788; bt_user_info=%7B%22status%22%3Atrue%2C%22msg%22%3A%22%u83B7%u53D6%u6210%u529F%21%22%2C%22data%22%3A%7B%22username%22%3A%22137****3439%22%7D%7D; rank=list; file_recycle_status=true; record_paste_type=null; sites_path=/www/wwwroot; site_model=php; PHPSESSID=df79pq05gcsscnpjoufookbq60; Path=/www/wwwroot/shoptest',
)
[ info ] [ PARAM ] array (
  'page' => '1',
  'limit' => '20',
)
[ info ] [ LANG ] /www/wwwroot/ishop/home/admin/app/admin/lang/zh-cn.php
[ info ] [ SESSION ] INIT array (
  'id' => '',
  'var_session_id' => '',
  'prefix' => 'think',
  'type' => '',
  'auto_start' => true,
)
[ info ] [ RUN ] app\admin\controller\Order->index[ /www/wwwroot/ishop/home/admin/app/admin/controller/Order.php ]
[ info ] [ DB ] INIT mysql
[ info ] [ LOG ] INIT File
[ sql ] [ DB ] CONNECT:[ UseTime:0.000709s ] mysql:dbname=ishop;host=127.0.0.1;port=3306;charset=utf8
[ sql ] [ SQL ] SHOW COLUMNS FROM `xgj_order` [ RunTime:0.001276s ]
[ sql ] [ SQL ] SELECT COUNT(*) AS tp_count FROM `xgj_order` `o` LIMIT 1 [ RunTime:0.000291s ]
[ sql ] [ SQL ] SELECT * FROM `xgj_order` `o` ORDER BY id desc LIMIT 0,20 [ RunTime:0.000211s ]
---------------------------------------------------------------
[ 2023-02-08T22:22:37+08:00 ] 10.0.12.14 183.15.206.242 GET /admin/index.php/admin/order/edit.html?id=16
[ info ] 159.75.70.173:5004/admin/index.php/admin/order/edit.html?id=16 [运行时间：0.022169s][吞吐率：45.11req/s] [内存消耗：3,123.77kb] [文件加载：49]
[ info ] [ LANG ] /www/wwwroot/ishop/home/admin/think/lang/zh-cn.php
[ info ] [ ROUTE ] array (
  'type' => 'module',
  'module' => 
  array (
    0 => 'admin',
    1 => 'order',
    2 => 'edit',
  ),
)
[ info ] [ HEADER ] array (
  'host' => '159.75.70.173:5004',
  'connection' => 'keep-alive',
  'upgrade-insecure-requests' => '1',
  'user-agent' => 'Mozilla/5.0 (Windows NT 6.1; Win64; x64) AppleWebKit/537.36 (KHTML, like Gecko) Chrome/104.0.0.0 Safari/537.36',
  'accept' => 'text/html,application/xhtml+xml,application/xml;q=0.9,image/avif,image/webp,image/apng,*/*;q=0.8,application/signed-exchange;v=b3;q=0.9',
  'referer' => 'http://159.75.70.173:5004/admin/index.php/admin/order/index.html',
  'accept-encoding' => 'gzip, deflate',
  'accept-language' => 'zh-CN,zh;q=0.9',
  'cookie' => 'skin=0; skin=0; clear_0.0.1=1; mapKey=%22%22; expires=1618888254000; a1b3c212cd9d43cb7c39539e5ede3e11=93531608-a6b9-445f-b3db-16664f4f472f.s24KPzFBwc5ZQJxGujtyayPsWMo; order=id%20desc; serverType=nginx; pro_end=-1; ltd_end=-1; memSize=3788; bt_user_info=%7B%22status%22%3Atrue%2C%22msg%22%3A%22%u83B7%u53D6%u6210%u529F%21%22%2C%22data%22%3A%7B%22username%22%3A%22137****3439%22%7D%7D; rank=list; file_recycle_status=true; record_paste_type=null; sites_path=/www/wwwroot; site_model=php; PHPSESSID=df79pq05gcsscnpjoufookbq60; Path=/www/wwwroot/shoptest',
  'content-type' => '',
  'content-length' => '',
)
[ info ] [ PARAM ] array (
  'id' => '16',
)
[ info ] [ LANG ] /www/wwwroot/ishop/home/admin/app/admin/lang/zh-cn.php
[ info ] [ SESSION ] INIT array (
  'id' => '',
  'var_session_id' => '',
  'prefix' => 'think',
  'type' => '',
  'auto_start' => true,
)
[ info ] [ RUN ] app\admin\controller\Order->edit[ /www/wwwroot/ishop/home/admin/app/admin/controller/Order.php ]
[ info ] [ DB ] INIT mysql
[ info ] [ VIEW ] /www/wwwroot/ishop/home/admin/app/admin/view/order/form.html [ array (
  0 => 'action',
  1 => 'controller',
  2 => 'info',
  3 => 'product',
) ]
[ info ] [ LOG ] INIT File
[ sql ] [ DB ] CONNECT:[ UseTime:0.000593s ] mysql:dbname=ishop;host=127.0.0.1;port=3306;charset=utf8
[ sql ] [ SQL ] SHOW COLUMNS FROM `xgj_order` [ RunTime:0.001299s ]
[ sql ] [ SQL ] SELECT * FROM `xgj_order` WHERE  `id` = 16 LIMIT 1 [ RunTime:0.000360s ]
---------------------------------------------------------------
[ 2023-02-08T22:22:50+08:00 ] 10.0.12.14 183.15.206.242 GET /admin/index.php/admin/order/index.html
[ info ] 159.75.70.173:5004/admin/index.php/admin/order/index.html [运行时间：0.015336s][吞吐率：65.21req/s] [内存消耗：2,132.35kb] [文件加载：42]
[ info ] [ LANG ] /www/wwwroot/ishop/home/admin/think/lang/zh-cn.php
[ info ] [ ROUTE ] array (
  'type' => 'module',
  'module' => 
  array (
    0 => 'admin',
    1 => 'order',
    2 => 'index',
  ),
)
[ info ] [ HEADER ] array (
  'host' => '159.75.70.173:5004',
  'connection' => 'keep-alive',
  'upgrade-insecure-requests' => '1',
  'user-agent' => 'Mozilla/5.0 (Windows NT 6.1; Win64; x64) AppleWebKit/537.36 (KHTML, like Gecko) Chrome/104.0.0.0 Safari/537.36',
  'accept' => 'text/html,application/xhtml+xml,application/xml;q=0.9,image/avif,image/webp,image/apng,*/*;q=0.8,application/signed-exchange;v=b3;q=0.9',
  'referer' => 'http://159.75.70.173:5004/admin/index.php/admin/Order/index.html',
  'accept-encoding' => 'gzip, deflate',
  'accept-language' => 'zh-CN,zh;q=0.9',
  'cookie' => 'skin=0; skin=0; clear_0.0.1=1; mapKey=%22%22; expires=1618888254000; a1b3c212cd9d43cb7c39539e5ede3e11=93531608-a6b9-445f-b3db-16664f4f472f.s24KPzFBwc5ZQJxGujtyayPsWMo; order=id%20desc; serverType=nginx; pro_end=-1; ltd_end=-1; memSize=3788; bt_user_info=%7B%22status%22%3Atrue%2C%22msg%22%3A%22%u83B7%u53D6%u6210%u529F%21%22%2C%22data%22%3A%7B%22username%22%3A%22137****3439%22%7D%7D; rank=list; file_recycle_status=true; record_paste_type=null; sites_path=/www/wwwroot; site_model=php; PHPSESSID=df79pq05gcsscnpjoufookbq60; Path=/www/wwwroot/shoptest',
  'content-type' => '',
  'content-length' => '',
)
[ info ] [ PARAM ] array (
)
[ info ] [ LANG ] /www/wwwroot/ishop/home/admin/app/admin/lang/zh-cn.php
[ info ] [ SESSION ] INIT array (
  'id' => '',
  'var_session_id' => '',
  'prefix' => 'think',
  'type' => '',
  'auto_start' => true,
)
[ info ] [ RUN ] app\admin\controller\Order->index[ /www/wwwroot/ishop/home/admin/app/admin/controller/Order.php ]
[ info ] [ VIEW ] /www/wwwroot/ishop/home/admin/app/admin/view/order/index.html [ array (
  0 => 'action',
  1 => 'controller',
) ]
[ info ] [ LOG ] INIT File
---------------------------------------------------------------
[ 2023-02-08T22:22:50+08:00 ] 10.0.12.14 183.15.206.242 POST /admin/index.php/admin/order/index.html
[ info ] 159.75.70.173:5004/admin/index.php/admin/order/index.html [运行时间：0.022754s][吞吐率：43.95req/s] [内存消耗：3,226.55kb] [文件加载：51]
[ info ] [ LANG ] /www/wwwroot/ishop/home/admin/think/lang/zh-cn.php
[ info ] [ ROUTE ] array (
  'type' => 'module',
  'module' => 
  array (
    0 => 'admin',
    1 => 'order',
    2 => 'index',
  ),
)
[ info ] [ HEADER ] array (
  'host' => '159.75.70.173:5004',
  'connection' => 'keep-alive',
  'content-length' => '15',
  'accept' => 'application/json, text/javascript, */*; q=0.01',
  'x-requested-with' => 'XMLHttpRequest',
  'user-agent' => 'Mozilla/5.0 (Windows NT 6.1; Win64; x64) AppleWebKit/537.36 (KHTML, like Gecko) Chrome/104.0.0.0 Safari/537.36',
  'content-type' => 'application/x-www-form-urlencoded; charset=UTF-8',
  'origin' => 'http://159.75.70.173:5004',
  'referer' => 'http://159.75.70.173:5004/admin/index.php/admin/Order/index.html',
  'accept-encoding' => 'gzip, deflate',
  'accept-language' => 'zh-CN,zh;q=0.9',
  'cookie' => 'skin=0; skin=0; clear_0.0.1=1; mapKey=%22%22; expires=1618888254000; a1b3c212cd9d43cb7c39539e5ede3e11=93531608-a6b9-445f-b3db-16664f4f472f.s24KPzFBwc5ZQJxGujtyayPsWMo; order=id%20desc; serverType=nginx; pro_end=-1; ltd_end=-1; memSize=3788; bt_user_info=%7B%22status%22%3Atrue%2C%22msg%22%3A%22%u83B7%u53D6%u6210%u529F%21%22%2C%22data%22%3A%7B%22username%22%3A%22137****3439%22%7D%7D; rank=list; file_recycle_status=true; record_paste_type=null; sites_path=/www/wwwroot; site_model=php; PHPSESSID=df79pq05gcsscnpjoufookbq60; Path=/www/wwwroot/shoptest',
)
[ info ] [ PARAM ] array (
  'page' => '1',
  'limit' => '20',
)
[ info ] [ LANG ] /www/wwwroot/ishop/home/admin/app/admin/lang/zh-cn.php
[ info ] [ SESSION ] INIT array (
  'id' => '',
  'var_session_id' => '',
  'prefix' => 'think',
  'type' => '',
  'auto_start' => true,
)
[ info ] [ RUN ] app\admin\controller\Order->index[ /www/wwwroot/ishop/home/admin/app/admin/controller/Order.php ]
[ info ] [ DB ] INIT mysql
[ info ] [ LOG ] INIT File
[ sql ] [ DB ] CONNECT:[ UseTime:0.000663s ] mysql:dbname=ishop;host=127.0.0.1;port=3306;charset=utf8
[ sql ] [ SQL ] SHOW COLUMNS FROM `xgj_order` [ RunTime:0.001163s ]
[ sql ] [ SQL ] SELECT COUNT(*) AS tp_count FROM `xgj_order` `o` LIMIT 1 [ RunTime:0.000246s ]
[ sql ] [ SQL ] SELECT * FROM `xgj_order` `o` ORDER BY id desc LIMIT 0,20 [ RunTime:0.000220s ]
