---------------------------------------------------------------
[ 2021-05-01T02:02:29+08:00 ] 10.0.12.14 183.192.179.16 GET /admin/index.php/admin/product/index.html
[ info ] 159.75.70.173:5004/admin/index.php/admin/product/index.html [运行时间：0.016399s][吞吐率：60.98req/s] [内存消耗：2,127.95kb] [文件加载：42]
[ info ] [ LANG ] /www/wwwroot/ishop/home/admin/think/lang/zh-cn.php
[ info ] [ ROUTE ] array (
  'type' => 'module',
  'module' => 
  array (
    0 => 'admin',
    1 => 'product',
    2 => 'index',
  ),
)
[ info ] [ HEADER ] array (
  'accept' => 'text/html,application/xhtml+xml,application/xml;q=0.9,*/*;q=0.8',
  'accept-encoding' => 'gzip',
  'cookie' => 'X_CACHE_KEY=f4afa86cf11f78e24df30646ddfe95a2; vds=gaLKNXOpoJtqIraMEKiZIZazbWIZGMNViKtFGvNFQKazPpiJOrOHEZQVnzmq; PHPSESSID=7rm8lfi17mt11uroh3e009idc2; ASPSESSIONIDQABTSTBT=DPDHJDKBLDBHFEBMAKNDEPPN; security_session_verify=7cd076b00cd0543cc511917f197d857a; ASP.NET_SessionId=lcfxf1j3fo5k5knupvwij045; route=b60aed433127e5bf38289cecb00ee673; JSESSIONID=2004C253C7405ACAC6DE99FF1F394A6C; supe_supe_refresh_articles=0_1194632_4390799; ASPSESSIONIDSABQQTQA=HOOELILBNALDBLKMLDHLMBBD; ASPSESSIONIDCSDQRTBT=CHBNNOPBINPIJOAGLAEHKHBG; CURRENT_USER_DIGITALID=YW5vbnltb3Vz; client-id=5925d435-6c4e-4498-8614-c7da46a5bf37; ASPSESSIONIDSCSRARBT=EIJNKBBCEMEGAPFPKJDDNOHN; _d_id=0d06210363be632de709735f44f303; BIGipServerpool_m.jianshe99.com=419511050.20480.0000; IPLOC=CN3100; ASPSESSIONIDCQRCRTSQ=LIEKDJMBLNJENKKGJDBKGDJG; lang=en; fikker-EBMV-gBsT=Qj7fLZk0WFObuV1vel3Z1x7VA476OZSb; LORD_2132_saltkey=P8Z78vRK; LORD_2132_lastvisit=1619798060; LORD_2132_sid=U9o18o; LORD_2132_lastact=1619801660%09forum.php%09; DjtA_2132_saltkey=RzJ2z2Bj; DjtA_2132_lastvisit=1619798112; DjtA_2132_sid=ZCnIJV; DjtA_2132_lastact=1619801712%09home.php%09; ArticleViewsFor_68852=68852; __RequestVerificationToken=05dXaO02EgKVSO4PEvhJKs-Vftn3JWvQt4VcJgDbAki4nYbF2fZQ27j0w-SufxO6GGC5vgSgvOKOfr5W2wrMnmJQI1Mpn6pTvSbiesyUj9g1; WAPPHSESSION=ov0p9t6i713bbahcumkcqsgsi0; egwP_2132_saltkey=qzbt7OqU; egwP_2132_lastvisit=1619798552; egwP_2132_lastact=1619802152%09forum.php%09viewthread; is_first_tc=isfirst; egwP_2132_visitedfid=69; egwP_2132_viewid=tid_18323344; Dc0_city=2%7Chttp%3A%2F%2Fwww.xzfang.net%2F; SID=cb38f892367864eefd3d3aa951a5906c; kuxin_history=16181%2C483%7C1214%2C334; cityname=%E5%85%A8%E5%9B%BD; stb_csrf_cookie=338e482a3498325b171ae7b339ddd911; stb_session=1JZVFNWX6Kg70rhHVzMapAe8tYp4OXhuuNJyr1lRD%2FqgKDsuYlmW%2FVmz8g%2FKYVqleMDcG9blVswOJ28abXey9NVdBrPitrEuvm3U6ZEjDHaOmpSzTGBj4HQYvR91%2BX61Yciki78mKLzgFksMFfcnhyUSPxV9eaN3bAMgzvXcRKjFZB2wCf6zsY9RyDNQO7iopUkyeuS45JJjPxws2RtzGoVBU15sC%2BYb6CXVAFZ2xmW8VT5CEyXlX0Ya2%2Bwj1pzYDrHF%2FGYswHztHpjlK5jDRRcl1rdSY06aHSPL1tettQ7WWtyJ9Pv5SxGssSJqGmQCeDJC%2FD0l7Bo5wzrd28Wf2HJT9VCqKjA%2FPWnUNR%2BEoCEH8Q31WUhwgLBpYHjDu2ztKBOcBZ26krPUjXo%2FYzSHLULogDC52VS9W1CbdhGNduQ%3D; waf_cookie=31c4f9bc-c3dd-40382dcf85652d67a7169cb53520b23ed574; ASPSESSIONIDCCARTQRS=HLFDHIACPCBIBLMJPAKGANBG; SeesionID=; fikker-GBup-EDAV=sFADLRQTu8KVYLJP3REKAM5Ka4E2Y6Qt; BIGipServerpool_m.med66.com=704723722.20480.0000; visittimes_0=1; t0em_2132_saltkey=FZdJ141F; t0em_2132_lastvisit=1619799482; t0em_2132_sid=yA559W; t0em_2132_lastact=1619803082%09forum.php%09viewthread; fikker-dkh9-VErS=nkKEfJJGtW8yINjq41nG4wFOXkVgOiTw; yunsuo_session_verify=6fbf67510ba31adeb8ea7f578e19e066; home_lang=cn; admin_lang=cn; ASPSESSIONIDSSSSSSBA=GBBMMDHBGPNBLMDMMBCOEJNL; ASPSESSIONIDCCQDBDAQ=HNCJDPBCLJIKFPLCALACPMKD; 10Qy_2132_saltkey=KMQmU7a7; 10Qy_2132_lastvisit=1619800449; 10Qy_2132_sid=hZN6iV; 10Qy_2132_lastact=1619804049%09forum.php%09viewthread; 10Qy_2132_st_p=0%7C1619804049%7C424f8e58aeb27a5a2d3d9d1572c741d5; 10Qy_2132_visitedfid=31; 10Qy_2132_viewid=tid_2569114; azU1_2132_saltkey=H18pxwW8; azU1_2132_lastvisit=1619800514; azU1_2132_sid=jiPP8u; azU1_2132_lastact=1619804114%09home.php%09; azU1_2132_home_readfeed=1619804114; SESSIONID=780016fe-6742-4f98-894e-f339a6f08ef9.FOLYTToxVRlWUCNLI_sQwHMWxik; __jsluid_h=ca659dbbbe9bacb343d1bb5773bdf241; wNrU_2132_saltkey=rWV3mAIo; wNrU_2132_lastvisit=1619801090; wNrU_2132_sid=lcRmbf; wNrU_2132_lastact=1619804690%09portal.php%09view; c2u_mobile=pc; mid=nXUDEg; ASPSESSIONIDSQDRQSBS=CCMAPGBCGDDJBMFENBMDGCLL; ASPSESSIONIDQARDRDAQ=IBMNNFJAAEPNHFFBPHALBNIP; lastfid=0; lastvisit=0%091619804962%09%2Fread.php%3Ftid%3D407301%26page%3D2%26fpage%3D%26otherref%3D%26urlkey%3DKEY-Little_Busters%26; ol_offset=161408; ccoo=userface=&user%5Fblack=&nickname=&userclass=&jf=&username=; xxoo=userstate=; ASPSESSIONIDACCDQADQ=JOHLMLBCMHNHEDGNDPILJIGD; oschina_new_user=false; cityInfo=think%3A%7B%22id%22%3A%22181%22%2C%22name%22%3A%22%25E6%2583%25A0%25E5%25B7%259E%25E6%25A5%25BC%25E7%259B%2598%22%2C%22lng%22%3A%22114.42020796584%22%2C%22lat%22%3A%2223.079412006273%22%2C%22domain%22%3A%22www%22%2C%22seo_title%22%3A%22%25E6%2583%25A0%25E5%25B7%259E%25E6%25A5%25BC%25E7%259B%2598%22%2C%22seo_keys%22%3A%22%25E6%2583%25A0%25E5%25B7%259E%25E6%25A5%25BC%25E7%259B%2598%22%2C%22seo_desc%22%3A%22%25E6%2583%25A0%25E6%2596%25B0%25E6%2588%25BF%25E8%2587%25B4%25E5%258A%259B%25E4%25BA%258E%25E5%2581%259A%25E4%25B8%2593%25E4%25B8%259A%25E6%2588%25BF%25E4%25BA%25A7%25E4%25BF%25A1%25E6%2581%25AF%25E7%25BD%2591%25E7%25AB%2599%25EF%25BC%258C%25E4%25B8%25BA%25E8%25B4%25AD%25E6%2588%25BF%25E8%2580%2585%25E6%258F%2590%25E4%25BE%259B%25E6%2583%25A0%25E5%25B7%259E%25E4%25B9%25B0%25E6%2588%25BF%25E8%25B5%2584%25E8%25AE%25AF%25EF%25BC%258C%25E6%2583%25A0%25E5%25B7%259E%25E6%25A5%25BC%25E7%259B%2598%25E4%25BF%25A1%25E6%2581%25AF%25EF%25BC%258C%25E6%2583%25A0%25E5%25B7%259E%25E6%2588%25BF%25E4%25BB%25B7%25EF%25BC%258C%25E6%2583%25A0%25E5%25B7%259E%25E6%25A5%25BC%25E7%259B%2598%25E6%2594%25BF%25E7%25AD%2596%25E7%25AD%2589%25E5%2585%25A8%25E9%259D%25A2%25E7%259A%2584%25E5%2586%2585%25E5%25AE%25B9%25E3%2580%2582%22%7D; 8b284_lastvisit=0%091619805535%09%2Fu.php%3Fa%253Dinfo%2526uid%253D6296; 8b284_lastpos=other; tgw_l7_route=efe624e84345905de79060eb46403463',
  'host' => '159.75.70.173:5004',
  'q-sub-business' => 'contentsecurity',
  'user-agent' => 'Mozilla/5.0 (Windows NT 6.1; WOW64; rv:57.0) Gecko/20100101 Firefox/57.0',
  'content-type' => '',
  'content-length' => '',
)
[ info ] [ PARAM ] array (
)
[ info ] [ LANG ] /www/wwwroot/ishop/home/admin/app/admin/lang/zh-cn.php
[ info ] [ SESSION ] INIT array (
  'id' => '',
  'var_session_id' => '',
  'prefix' => 'think',
  'type' => '',
  'auto_start' => true,
)
[ info ] [ LOG ] INIT File
---------------------------------------------------------------
[ 2021-05-01T02:02:29+08:00 ] 10.0.12.14 183.192.179.16 GET /admin/index.php/login
[ info ] 159.75.70.173:5004/admin/index.php/login [运行时间：0.015382s][吞吐率：65.01req/s] [内存消耗：2,113.67kb] [文件加载：41]
[ info ] [ LANG ] /www/wwwroot/ishop/home/admin/think/lang/zh-cn.php
[ info ] [ ROUTE ] array (
  'type' => 'module',
  'module' => 
  array (
    0 => 'admin',
    1 => 'login',
    2 => 'index',
  ),
  'convert' => false,
)
[ info ] [ HEADER ] array (
  'accept' => 'text/html,application/xhtml+xml,application/xml;q=0.9,*/*;q=0.8',
  'accept-encoding' => 'gzip',
  'cookie' => '10Qy_2132_lastact=1619804049%09forum.php%09viewthread; 10Qy_2132_lastvisit=1619800449; 10Qy_2132_saltkey=KMQmU7a7; 10Qy_2132_sid=hZN6iV; 10Qy_2132_st_p=0%7C1619804049%7C424f8e58aeb27a5a2d3d9d1572c741d5; 10Qy_2132_viewid=tid_2569114; 10Qy_2132_visitedfid=31; 8b284_lastpos=other; 8b284_lastvisit=0%091619805535%09%2Fu.php%3Fa%253Dinfo%2526uid%253D6296; __jsluid_h=ca659dbbbe9bacb343d1bb5773bdf241; __RequestVerificationToken=05dXaO02EgKVSO4PEvhJKs-Vftn3JWvQt4VcJgDbAki4nYbF2fZQ27j0w-SufxO6GGC5vgSgvOKOfr5W2wrMnmJQI1Mpn6pTvSbiesyUj9g1; _d_id=0d06210363be632de709735f44f303; admin_lang=cn; ArticleViewsFor_68852=68852; ASP.NET_SessionId=lcfxf1j3fo5k5knupvwij045; ASPSESSIONIDACCDQADQ=JOHLMLBCMHNHEDGNDPILJIGD; ASPSESSIONIDCCARTQRS=HLFDHIACPCBIBLMJPAKGANBG; ASPSESSIONIDCCQDBDAQ=HNCJDPBCLJIKFPLCALACPMKD; ASPSESSIONIDCQRCRTSQ=LIEKDJMBLNJENKKGJDBKGDJG; ASPSESSIONIDCSDQRTBT=CHBNNOPBINPIJOAGLAEHKHBG; ASPSESSIONIDQABTSTBT=DPDHJDKBLDBHFEBMAKNDEPPN; ASPSESSIONIDQARDRDAQ=IBMNNFJAAEPNHFFBPHALBNIP; ASPSESSIONIDSABQQTQA=HOOELILBNALDBLKMLDHLMBBD; ASPSESSIONIDSCSRARBT=EIJNKBBCEMEGAPFPKJDDNOHN; ASPSESSIONIDSQDRQSBS=CCMAPGBCGDDJBMFENBMDGCLL; ASPSESSIONIDSSSSSSBA=GBBMMDHBGPNBLMDMMBCOEJNL; azU1_2132_home_readfeed=1619804114; azU1_2132_lastact=1619804114%09home.php%09; azU1_2132_lastvisit=1619800514; azU1_2132_saltkey=H18pxwW8; azU1_2132_sid=jiPP8u; BIGipServerpool_m.jianshe99.com=419511050.20480.0000; BIGipServerpool_m.med66.com=704723722.20480.0000; c2u_mobile=pc; ccoo=userface=&user%5Fblack=&nickname=&userclass=&jf=&username=; cityInfo=think%3A%7B%22id%22%3A%22181%22%2C%22name%22%3A%22%25E6%2583%25A0%25E5%25B7%259E%25E6%25A5%25BC%25E7%259B%2598%22%2C%22lng%22%3A%22114.42020796584%22%2C%22lat%22%3A%2223.079412006273%22%2C%22domain%22%3A%22www%22%2C%22seo_title%22%3A%22%25E6%2583%25A0%25E5%25B7%259E%25E6%25A5%25BC%25E7%259B%2598%22%2C%22seo_keys%22%3A%22%25E6%2583%25A0%25E5%25B7%259E%25E6%25A5%25BC%25E7%259B%2598%22%2C%22seo_desc%22%3A%22%25E6%2583%25A0%25E6%2596%25B0%25E6%2588%25BF%25E8%2587%25B4%25E5%258A%259B%25E4%25BA%258E%25E5%2581%259A%25E4%25B8%2593%25E4%25B8%259A%25E6%2588%25BF%25E4%25BA%25A7%25E4%25BF%25A1%25E6%2581%25AF%25E7%25BD%2591%25E7%25AB%2599%25EF%25BC%258C%25E4%25B8%25BA%25E8%25B4%25AD%25E6%2588%25BF%25E8%2580%2585%25E6%258F%2590%25E4%25BE%259B%25E6%2583%25A0%25E5%25B7%259E%25E4%25B9%25B0%25E6%2588%25BF%25E8%25B5%2584%25E8%25AE%25AF%25EF%25BC%258C%25E6%2583%25A0%25E5%25B7%259E%25E6%25A5%25BC%25E7%259B%2598%25E4%25BF%25A1%25E6%2581%25AF%25EF%25BC%258C%25E6%2583%25A0%25E5%25B7%259E%25E6%2588%25BF%25E4%25BB%25B7%25EF%25BC%258C%25E6%2583%25A0%25E5%25B7%259E%25E6%25A5%25BC%25E7%259B%2598%25E6%2594%25BF%25E7%25AD%2596%25E7%25AD%2589%25E5%2585%25A8%25E9%259D%25A2%25E7%259A%2584%25E5%2586%2585%25E5%25AE%25B9%25E3%2580%2582%22%7D; cityname=%E5%85%A8%E5%9B%BD; client-id=5925d435-6c4e-4498-8614-c7da46a5bf37; CURRENT_USER_DIGITALID=YW5vbnltb3Vz; Dc0_city=2%7Chttp%3A%2F%2Fwww.xzfang.net%2F; DjtA_2132_lastact=1619801712%09home.php%09; DjtA_2132_lastvisit=1619798112; DjtA_2132_saltkey=RzJ2z2Bj; DjtA_2132_sid=ZCnIJV; egwP_2132_lastact=1619802152%09forum.php%09viewthread; egwP_2132_lastvisit=1619798552; egwP_2132_saltkey=qzbt7OqU; egwP_2132_viewid=tid_18323344; egwP_2132_visitedfid=69; fikker-dkh9-VErS=nkKEfJJGtW8yINjq41nG4wFOXkVgOiTw; fikker-EBMV-gBsT=Qj7fLZk0WFObuV1vel3Z1x7VA476OZSb; fikker-GBup-EDAV=sFADLRQTu8KVYLJP3REKAM5Ka4E2Y6Qt; home_lang=cn; IPLOC=CN3100; is_first_tc=isfirst; JSESSIONID=2004C253C7405ACAC6DE99FF1F394A6C; kuxin_history=16181%2C483%7C1214%2C334; lang=en; lastfid=0; lastvisit=0%091619804962%09%2Fread.php%3Ftid%3D407301%26page%3D2%26fpage%3D%26otherref%3D%26urlkey%3DKEY-Little_Busters%26; LORD_2132_lastact=1619801660%09forum.php%09; LORD_2132_lastvisit=1619798060; LORD_2132_saltkey=P8Z78vRK; LORD_2132_sid=U9o18o; mid=nXUDEg; ol_offset=161408; oschina_new_user=false; PHPSESSID=7rm8lfi17mt11uroh3e009idc2; route=b60aed433127e5bf38289cecb00ee673; security_session_verify=7cd076b00cd0543cc511917f197d857a; SESSIONID=780016fe-6742-4f98-894e-f339a6f08ef9.FOLYTToxVRlWUCNLI_sQwHMWxik; SID=cb38f892367864eefd3d3aa951a5906c; stb_csrf_cookie=338e482a3498325b171ae7b339ddd911; stb_session=1JZVFNWX6Kg70rhHVzMapAe8tYp4OXhuuNJyr1lRD%2FqgKDsuYlmW%2FVmz8g%2FKYVqleMDcG9blVswOJ28abXey9NVdBrPitrEuvm3U6ZEjDHaOmpSzTGBj4HQYvR91%2BX61Yciki78mKLzgFksMFfcnhyUSPxV9eaN3bAMgzvXcRKjFZB2wCf6zsY9RyDNQO7iopUkyeuS45JJjPxws2RtzGoVBU15sC%2BYb6CXVAFZ2xmW8VT5CEyXlX0Ya2%2Bwj1pzYDrHF%2FGYswHztHpjlK5jDRRcl1rdSY06aHSPL1tettQ7WWtyJ9Pv5SxGssSJqGmQCeDJC%2FD0l7Bo5wzrd28Wf2HJT9VCqKjA%2FPWnUNR%2BEoCEH8Q31WUhwgLBpYHjDu2ztKBOcBZ26krPUjXo%2FYzSHLULogDC52VS9W1CbdhGNduQ%3D; supe_supe_refresh_articles=0_1194632_4390799; t0em_2132_lastact=1619803082%09forum.php%09viewthread; t0em_2132_lastvisit=1619799482; t0em_2132_saltkey=FZdJ141F; t0em_2132_sid=yA559W; tgw_l7_route=efe624e84345905de79060eb46403463; vds=gaLKNXOpoJtqIraMEKiZIZazbWIZGMNViKtFGvNFQKazPpiJOrOHEZQVnzmq; visittimes_0=1; waf_cookie=31c4f9bc-c3dd-40382dcf85652d67a7169cb53520b23ed574; WAPPHSESSION=ov0p9t6i713bbahcumkcqsgsi0; wNrU_2132_lastact=1619804690%09portal.php%09view; wNrU_2132_lastvisit=1619801090; wNrU_2132_saltkey=rWV3mAIo; wNrU_2132_sid=lcRmbf; X_CACHE_KEY=f4afa86cf11f78e24df30646ddfe95a2; xxoo=userstate=; yunsuo_session_verify=6fbf67510ba31adeb8ea7f578e19e066',
  'host' => '159.75.70.173:5004',
  'q-sub-business' => 'contentsecurity',
  'referer' => 'http://159.75.70.173:5004/admin/index.php/admin/product/index.html',
  'user-agent' => 'Mozilla/5.0 (Windows NT 6.1; WOW64; rv:57.0) Gecko/20100101 Firefox/57.0',
  'content-type' => '',
  'content-length' => '',
)
[ info ] [ PARAM ] array (
)
[ info ] [ LANG ] /www/wwwroot/ishop/home/admin/app/admin/lang/zh-cn.php
[ info ] [ SESSION ] INIT array (
  'id' => '',
  'var_session_id' => '',
  'prefix' => 'think',
  'type' => '',
  'auto_start' => true,
)
[ info ] [ RUN ] app\admin\controller\Login->index[ /www/wwwroot/ishop/home/admin/app/admin/controller/Login.php ]
[ info ] [ VIEW ] /www/wwwroot/ishop/home/admin/app/admin/view/login/index.html [ array (
) ]
[ info ] [ LOG ] INIT File
---------------------------------------------------------------
[ 2021-05-01T02:02:29+08:00 ] 10.0.12.14 113.96.221.251 GET /admin/index.php/captcha.html
[ info ] 159.75.70.173:5004/admin/index.php/captcha.html [运行时间：0.016352s][吞吐率：61.15req/s] [内存消耗：1,707.70kb] [文件加载：32]
[ info ] [ LANG ] /www/wwwroot/ishop/home/admin/think/lang/zh-cn.php
[ info ] [ ROUTE ] array (
  'type' => 'method',
  'method' => 
  array (
    0 => '\\think\\captcha\\CaptchaController',
    1 => 'index',
  ),
  'var' => 
  array (
  ),
)
[ info ] [ HEADER ] array (
  'host' => '159.75.70.173:5004',
  'accept' => '*/*',
  'x-from-cdn' => 'xinan',
  'content-type' => '',
  'content-length' => '',
)
[ info ] [ PARAM ] array (
  'id' => NULL,
)
[ info ] [ RUN ] think\captcha\CaptchaController->index[ /www/wwwroot/ishop/home/admin/vendor/topthink/think-captcha/src/CaptchaController.php ]
[ info ] [ SESSION ] INIT array (
  'id' => '',
  'var_session_id' => '',
  'prefix' => 'think',
  'type' => '',
  'auto_start' => true,
)
[ info ] [ LOG ] INIT File
---------------------------------------------------------------
[ 2021-05-01T02:04:59+08:00 ] 10.0.12.14 61.241.50.63 GET /admin/index.php/captcha.html
[ info ] 159.75.70.173:5004/admin/index.php/captcha.html [运行时间：0.015855s][吞吐率：63.07req/s] [内存消耗：1,778.83kb] [文件加载：32]
[ info ] [ LANG ] /www/wwwroot/ishop/home/admin/think/lang/zh-cn.php
[ info ] [ ROUTE ] array (
  'type' => 'method',
  'method' => 
  array (
    0 => '\\think\\captcha\\CaptchaController',
    1 => 'index',
  ),
  'var' => 
  array (
  ),
)
[ info ] [ HEADER ] array (
  'accept' => 'text/html,application/xhtml+xml,application/xml;q=0.9,*/*;q=0.8',
  'accept-encoding' => 'gzip',
  'cookie' => 'JSESSIONID=97fmld3n89sje7t46gj8qe6cg7; cf0_lastvisit=fBgVdHFEEnF2RHoeawMDYAM5fBg; route=4068944e4cff66723a4f7cbffbcb44b0; cook_name=jIodVZ; clientlanguage=zh_CN; _d_id=a8172d47a1fc6ddbf309735f44f3a6; xpcvb_siteid=9c0d_VccJvuMDd1XpnyaEQs9ypUc0mxBwN_97AYi; ASPSESSIONIDCAAQBBRS=OJHAFADBDGLPFFKBONOKLONG; ZDEDebuggerPresent="php,phtml,php3"; route_openapi=952f50de4af3479170d0b5647c3a7b0a; kuxin_history=355%2C336%7C6847%2C27%7C33991%2C603%7C13681%2C204%7C25074%2C762%7C38%2C391%7C8438%2C2656%7C4385%2C21%7C159389%2C357%7C24619%2C349%7C54706%2C1; house=think%3A%5B%225501%22%2C%224078%22%5D; vds=gaLwNGOtGoENibEIoEmNPmEbGbPyaLOGmEoNLyomPyQOoELNLQQNbwoLtiNw; visittimes_0=1; ASP.NET_SessionId=d5wmzbfhaeoktpwsq1zuqh10; timestamp=1619703226000; sign=8B5438B158B8D46F228298D6C651BC46; __jsluid_h=146a69879eccc6f3fb917fb72d2fcc87; ASPSESSIONIDSSRSBTBR=EPJGBAOADKIEBFMNGDFMKNAO; security_session_verify=10cf161b1e65599ffd1b86a4724d3941; NotwxOpenId_55858217=321b7475-b0cc-4542-a71d-3b21bcb2bbcd; NotwxWeimobOpenId=14fd26e6-f198-4beb-be87-bd08e0e1c679; express.vshop.session=s%3AcANWLl93u-IlOLEVCJ6AQyoGClJMvDRb.8rcDpqCKjJqPbhjBc8SsAqdjcHem%2FkGSb5JrP6%2BBEx0; Qyfg_2132_saltkey=lddU3WXL; Qyfg_2132_lastvisit=1619698338; Qyfg_2132_st_p=0%7C1619701938%7C040c36a4e678e46f50615847b5263263; Qyfg_2132_visitedfid=155; Qyfg_2132_viewid=tid_33600; ASPSESSIONIDSACCCQSD=HJAOFDOAJBBBCAGPEAIKKGMG; ASPSESSIONIDSAASRBBD=PFMECAFBFCOFAJLHGKOBINFM; X_CACHE_KEY=42de18ba9eb065f15a12a633e0381ae3; PTCMS_history=167693%2C1%7C81961%2C1%7C270081%2C30%7C46188%2C25%7C543104%2C892%7C96450%2C511%7C35343%2C820%7C27263%2C1076%7C4631%2C673%7C1250%2C12%7C2308%2C12%7C46083%2C311%7C5949%2C11; ASPSESSIONIDSSCSTTCQ=CHNIALEBJDEEBGNFAJOKEPFI; _csrf-frontend=92c5e86e6694e031bd0cca5048df1d6871ff204980d25c918e33e3a10f41e622a%3A2%3A%7Bi%3A0%3Bs%3A14%3A%22_csrf-frontend%22%3Bi%3A1%3Bs%3A32%3A%22HVKjTvtjU7zs-gK-A0M5x1UGUiqNaM7s%22%3B%7D; cum_mobile=touch; ASPSESSIONIDQQSQTBBC=DDDAKIFBNLBFOHMKICHDMBJA; ASPSESSIONIDSQQQTRBS=DHCGMIKANPICBMLMDCFBBHGF; ABTEST=2|1619702406|v1; VIDEO_DEBUG=off; csrftoken=rHpEC2eTNCGs0mGIh4r0zmbeiAQCc6en; BIGipServerpool_m.med66.com=721500938.20480.0000; nvhm_2132_saltkey=d3PnY2Ne; nvhm_2132_lastvisit=1619699208; nvhm_2132_st_p=0%7C1619702808%7C3b38abcff3ff9ac267268a5530e66819; nvhm_2132_viewid=tid_183934; ecology_JSessionid=aaa9JHAIOZ_0daNWc4eJx; SERVERID=_srv80-65_; InitSiteID=12310843; SiteType=1; IsDefaultLang=0; WUserID=15157597272952; Lang=cn; yz_site=isSite; beegosessionID=29c694a8c033559fa311caad86059d95; csc__Session=bprnoiuat4jg59182m3agr6463; lg=cn; PbootSystem=ooasia347ef86s1cafhfq9nidl; d2d977c58444271d9c780187e93f80e5=think%3A%7B%22verify_code%22%3A%228878545e6a1c3e66cb5f8845091f1f86%22%2C%22verify_time%22%3A%221619705955%22%7D; xPrc_2132_saltkey=IXpY9mG7; xPrc_2132_lastvisit=1619699718; xPrc_2132_home_readfeed=1619703318; PZnky_CK_cityid=bXdiSwAL; SID=87507aed94636341a7451201cf65fa40; ASPSESSIONIDQQQDAQSQ=EGAPKNNAOAMAGBDCGDHBGGCG; VyPM_2132_saltkey=F3DR67iz; VyPM_2132_lastvisit=1619699951; VyPM_2132_st_p=0%7C1619703551%7C8a123e732b53060301a22228a94f71db; VyPM_2132_visitedfid=215; VyPM_2132_viewid=tid_1228043; yunsuo_session_verify=c1c38b3fb49fc3fb96054ba2d2864212; _yuanfeng_mall_session=WlNIV1BDNDBEbEh5RXk2NE5hN0h6Y3pFQWtYQlJ4OHhWK2xiejVRZURtME8wVkRtYUJtVkt6WUdhUzZBUnlQb21yK05WYU5wa3diYjAwTG9ocUZSUzhUL1U3R2MwUTlhSWNLdmxFQWRIY0pIR0toQ2J2OXEzQU9BSFYzem1MMFd6VUxXTGtmRFlCRUdLU2dZTUVhTnR3PT0tLWlFYiswSSt2YUM1MjJndjJweWxCQ2c9PQ%3D%3D--6cc45f0cac2d6f71b1fb75322d2ba9b2bde2aea8; hmf_search_engine=e30=; uloginid=7363037990; think_template=default; ASPSESSIONIDQSQTSQSQ=EHKLLKMAMOHNLHIJOBCMNDOE; _d2785=http://10.42.18.13:20030; lastfid=0; lastvisit=0%091619704416%09%2Fsimple%2Findex.php%3Ft660442.html%26; ol_offset=162863; VmU0_2132_saltkey=naZ93F8W; VmU0_2132_lastvisit=1619701026; language=en; language.sig=I6dntcxGxIDd22D1Z-UljFHlnWA; IPLOC=CN4419; raia_2132_saltkey=V4LdWOIo; SeesionID=; omcy_2132_saltkey=g0VbwRwF; omcy_2132_lastvisit=1619701955; omcy_2132_st_p=0%7C1619705555%7Cacb32c92ce3e95cb2f1d64f2f24d4a04; omcy_2132_visitedfid=30; omcy_2132_viewid=tid_959; rh8h_2132_saltkey=s5755D77; rh8h_2132_lastvisit=1619702003; rh8h_2132_lastact=1619804364%09forum.php%09viewthread; hV7N_2132_saltkey=F7UU6LS1; hV7N_2132_lastvisit=1619702035; hV7N_2132_st_p=0%7C1619705635%7C7da08e113a163b4133d38327431a9bd8; hV7N_2132_visitedfid=11; hV7N_2132_viewid=tid_4352; discuz_2132_saltkey=uN7vgU99; discuz_2132_lastvisit=1619702042; cmr_sell_history=a%3A1%3A%7Bi%3A0%3Ba%3A4%3A%7Bs%3A5%3A%22title%22%3Bs%3A100%3A%22TN243+Compatible+Color+Toner+For+Brother+HL-L3210%2FL3230%2FL3270++DCP-L3510+%2F+L3550++MFC-L3710+%2F+L3730+%22%3Bs%3A7%3A%22linkurl%22%3Bs%3A124%3A%22%2Fsell%2FTN243-Compatible-Color-Toner-For-Brother-HL-L3210-L3230-L3270--DCP-L3510---L3550--MFC-L3710---L3730-_show_3036618.html%22%3Bs%3A5%3A%22thumb%22%3Bs%3A103%3A%22http%3A%2F%2Fimage2.waimaotong.com%2Ffile%2Fupload%2Fnew3%2F202012%2F30%2Fkf%2FH3bab3f07794a41d18164899fc677026e5.thumb.jpg%22%3Bs%3A5%3A%22price%22%3Bs%3A1%3A%229%22%3B%7D%7D; ASPSESSIONIDSQRSRRSB=MKGBEENACNGPMGKJFEGPABAF; sid=TdkdNR; Dc0_city=2%7Chttp%3A%2F%2Fwww.xzfang.net%2F; shop_id=4031303; csrf_token=9d103ddad67a4537a6b62078ae78e3f7; Themes=default; ASPSESSIONIDQCRSCDQQ=LBECJIKAJCEBODFDPPKDFKIC; G1gn_2132_saltkey=A32bzL5u; G1gn_2132_lastvisit=1619702963; G1gn_2132_st_p=0%7C1619706563%7C7e20407693d79342e9e71e75cd462763; G1gn_2132_viewid=tid_202696; hnyHkdu5_2132_lastvisit=1619703701; .ASPXANONYMOUS=OL_trcNz1wEkAAAANWE0ZWM2MmQtZWEzOC00ZWEzLWE2ZWEtMzM4MzA5YmRhNjZj-bq6c9vZGyogWEsjvaa2_LO4yb0FJXyju98c_UmHkIQ1; hdmPlayNum=video_comic_id_v_2568; Tc18GQ8t_2132_lastvisit=1619704376; BIGipServerfl_asp_pool=1325454090.20480.0000; ASPSESSIONIDAQTCRRDQ=EEHJMENAKPHOLADPNBADHLNI; nouid=608ac8e2b99b22337; pvStime=D807D0F5A8E59042525D; pvTimes=D8; __pid__=159F3DF98AAD; __puno__=54C164A2D5FC11F454EAA2BF1AE7E0F7; d8lq_2132_saltkey=ny4yEMeD; d8lq_2132_lastvisit=1619704536; session=eyJjc3JmX3Rva2VuIjoiOGQ3MTRkZTQ5MDY5ZWJkNWJjMjI1ZWY4ZmY1ZjkzNzRiM2NiODM0ZiJ9.E2xdow.rkS03SykJ7p99DqiTqkef_cxMZc; ASPSESSIONIDQCSDRACS=EGLNFKMAKAJLKCIJPEMECCFO; cof_city=31%7Chttp%3A%2F%2Fyf.fangsk.net%2F; frontCityCode=fusui; route_bbs=d183b59af94599ac5496eae0a79bc70f; ASPSESSIONIDSQACSATS=AJMNBGGBCDEEGOLNMHIALDJG; pY0J_2132_saltkey=wH7h2Ljn; pY0J_2132_lastvisit=1619705550; ASPSESSIONIDSAABSDBC=DPEHKGGBEPHGCFKDJABAEIAF; Hm_lpvt_d2eddf9b155bdbd9ea015490aef570fa=1619714338; Hm_lvt_d2eddf9b155bdbd9ea015490aef570fa=1619714338; VUxu_2132_saltkey=S8M01B30; VUxu_2132_lastvisit=1619706256; ASPSESSIONIDQSBQRTRC=GCFANIEBEKOLELPACEHAPJOK; home_lang=cn; admin_lang=cn; PNmw_2132_saltkey=xSAzkKS4; PNmw_2132_lastvisit=1619706787; lf___forward__=%2Fbook%2F801_27.html; ASPSESSIONIDSQCDSBST=DODNEJGBMDBAJLKFFLGMJJIN; czv_first_view=1; ecsid=adedfd7a3bf962ccf76570ed0dd66529ed5430ea; lf_read_log=a%3A3%3A%7Bi%3A4280%3Bs%3A30%3A%2216486%7C1452c8d25a4af%7C1619712015%22%3Bi%3A7390%3Bs%3A30%3A%2219596%7Ce5db8d69b10e0%7C1619722144%22%3Bi%3A801%3Bs%3A17%3A%22801%7C27%7C1619732652%22%3B%7D; sMfi_2132_saltkey=i3H3jZT3; sMfi_2132_lastvisit=1619708638; sMfi_2132_sid=e99Ko9; sMfi_2132_lastact=1619755118%09music.php%09play; 9m75_2132_saltkey=tKVZLGLK; 9m75_2132_lastvisit=1619708859; 9m75_2132_st_p=0%7C1619712459%7Cd7754c0fa9dec3879945fe76308a3639; 9m75_2132_visitedfid=286; 9m75_2132_viewid=tid_27121; ASPSESSIONIDSABRRADB=FOGGEDGBMIOLGNANMNFMNFPC; yunsuo_leech_key=64; geturl=%2Fdispbbs%2Easp%3FboardID%3D82%26ID%3D257379%26page%3D12; ASPSESSIONIDCQTCARBS=CFEEGEKACPKAEGLGPEBICDPJ; ASPSESSIONIDACRRDQSS=ECDBELGBEMJKHPOABDOCKDDM; mysid=5852cfcaee47bad413d2d1b76995e591; PHPSESSID_USERID=97fmld3n89sje7t46gj8qe6cg7; youdianinfo_historycn=33356; history=c3047287cf32b404a27ef152e508bc0d2b0d3054%7E182407; cart_returnUrl=a52971f5ea44fc8058b44d7ab68529a9bd2db41f%7Ehttp%3A%2F%2Fwww.5lux.com%2Fgood%2Fdetail%2F477671; _csrf=a74630bc7011fcb3e3c048679ab7145c0eb2539bad1dc03c6addf38b107ba585a%3A2%3A%7Bi%3A0%3Bs%3A5%3A%22_csrf%22%3Bi%3A1%3Bs%3A32%3A%226JJUvqwEfCBEMUsRs7Y29ON0pFPzyFEK%22%3B%7D; ECS_ID=326d5e2638898b096f93bae79ca3fc605dd71103; waf_cookie=6781db4a-580a-472441ce93d363d0c48d85f08746a11ed536; ASPSESSIONIDACTRDCQS=JFHKBJDBOILBLGDEPNLCKNME; rh8h_2132_st_p=0%7C1619804364%7Cc8beeac5add19fdcec5b755f9ddd3e71; rh8h_2132_visitedfid=2D278D25D24; rh8h_2132_viewid=tid_3758233; visitedforums="52,65"; dnt=visitedforums=65&referer=showtopic.aspx%3ftopicid%3d112102%26page%3d1%26forumpage%3d1; session_prefix=fb213e6ec17e2b6d5da6fefd3b91aab0; hkCK_2132_saltkey=sNVykqbn; hkCK_2132_lastvisit=1619713915; hkCK_2132_home_readfeed=1619717515; ASPSESSIONIDSATARBQA=NJMBPJEBDHBOGKMHNJOALKPJ; vierge%5FShops=NmUserName=20210430014124MTIH; ASPSESSIONIDSQATQTTC=JPDMKGHBFEOOHPDDDAIDLKNB; ASPSESSIONIDACSCRCAD=ILKFICBBEKKPCNFDBNACJMEC; ASPSESSIONIDQQDAAACQ=MDGNGHHBAECNCHDFIMLHPDOK; EMcP_2132_saltkey=KRZCn2Iy; EMcP_2132_lastvisit=1619715121; ASPSESSIONIDSQCQABAB=COALAOABMODMIBCNHLLOLNCN; s759597ac=rl5anluocjmp8s1lap5b8kmmc9; X52e_2132_saltkey=eoq9y5W3; X52e_2132_lastvisit=1619715661; cf_ob_info=502:647f5b269844e7cd:LAX; cf_use_ob=0; 1cb2e20d80ded00fa316c6960f6e3ca66356523a=eyJpdiI6ImZJRUV6QXpNK1wvS3NPUzFWZkFmWDJRPT0iLCJ2YWx1ZSI6IjVXdDdHekwxT1AyUnU4cDRzeHd4RGRydSsxS1hqaDZ4WFJxMEZoVWsxMjg1SGxER1IrdkVsbGVTSlVtN2xRYTFMckd5VWdtblVrVTl4c2VCbHp2bmptU0syVCtDUXZKd0c3WGFHV0ppWnF6QklaaUpmTWU5MWRPUmo0NDRvdVpleFhsZFwvSlRBRDlJXC9KS2VSd3VlUFFqK2RaN1RhbHFORUhiaTlsTlhZMUxwNUNUSnBMQkdOYkRTWTBOWXRaQmNicTUzKzRZXC8wMG05aUhubW10ZU5MYWRuK3RcL2F0c01IYWtpWE1QNEdxNitVMlRiUXE1TlpvVGhZZ0RSVVN1YWt0TDkwVGtOQWNRdDl4dkxuS3N6WjFvYkFlbkF5MWJIekZVcDlCV2VVSTNPc0tsRCtDdCtqSG1ldVFmdHhhckg1NmhkeW11bXIrVm5rWHVMM1A5WHFFR1NGc1wvcDVhZ3U3Qlpra3hqb3RuZHNWbkVTc2ZNb3NUSGNyczEza3NhVjNaWEpEYlc1T0o0MHI0Tk1JQ1JcL1p4b3IybEdWSENsTG16dCtZQmNUNVFSdVluYkxcL3ZqZUk3TDVPWURWSEN1UTZkVUxBZXdzOGJHNlBIYnBReUM1YlJtUT09IiwibWFjIjoiM2M3ZjhhZWM3YTQ5NTk2ZmYxZWY0MWY0YjFkZTdiOTMyNTc0YTI4NWI2MWRkMjRkZDAwNTQyNzQxMzYwNDY0YyJ9; aIY6_2132_saltkey=lOS1661n; aIY6_2132_lastvisit=1619716540; aIY6_2132_lastact=1619720140%09forum.php%09viewthread; ASPSESSIONIDAAATCRTC=LHCBFMHBINDDENLNMEKLODGN; cyg_last_search=1619721742; _D_SID=B777956500000000EC6588B1DBFF27CD; app_cv=unknown; cityInfo=think%3A%7B%22id%22%3A%221%22%2C%22name%22%3A%22%25E6%25B6%25BF%25E5%25B7%259E%22%2C%22lng%22%3A%22116.0107980218%22%2C%22lat%22%3A%2239.491586132869%22%2C%22domain%22%3A%22zhuozhou%22%2C%22seo_title%22%3A%22%22%2C%22seo_keys%22%3A%22%22%2C%22seo_desc%22%3A%22%22%7D; ASPSESSIONIDQQRTTABD=LEHFCOHBKLEBCHJMHCPEGNKJ; baiduseo_data_category=%7B%22book%22%3A%22baiduseo_category%22%7D; 83hE_2132_saltkey=w1C5CFGB; 83hE_2132_lastvisit=1619718579; 83hE_2132_sid=CdGXFf; 83hE_2132_lastact=1619782330%09forum.php%09viewthread; ArticleViewsFor_36234=36234; __RequestVerificationToken=bYCoVyw0gtJINbgwnh6p3ncq6_51XWx976CjVGhu91PXRR2u_TeW-QSZHPNpGpaCygfvPfyPJdv-vAb6i_5DENaKDAhrAs9zGx1EgGk0mM81; 0Rx1_2132_saltkey=y21KV10h; 0Rx1_2132_lastvisit=1619720332; 0Rx1_2132_sid=R2Fm4e; 0Rx1_2132_lastact=1619723932%09home.php%09; 0Rx1_2132_home_readfeed=1619723932; ASPSESSIONIDQQQQSSCQ=MNILKEHBMAODKBECKPJGKGOO; giQd_2132_saltkey=eb975e7M; giQd_2132_lastvisit=1619720875; giQd_2132_sid=F478JH; giQd_2132_lastact=1619724475%09forum.php%09viewthread; MLEg_2132_saltkey=rrv8uxnU; MLEg_2132_lastvisit=1619720991; MLEg_2132_sid=ED35DQ; MLEg_2132_lastact=1619724591%09lingxian1.php%09; ASPSESSIONIDAASDSACS=IAPJDFIBCHLKGBBAMHMPNAIL; supe_supe_refresh_articles=0_1162642_4535827_4031971; ASPSESSIONIDSCDDQRDC=PPNNDNABFMAAGDAOCDGBONMH; USR=b71v1elm%090%091619726085%09http%3A%2F%2Fxiamen.xdgxxg.com%2Flist.php%3Fcity_id%253D56%2526fid%253D164%2526sortid2%253D1%2526sortid%253D4%2526zone_id%253D154; choose_cityID=56; city_id=56; ASPSESSIONIDAQQQRSDB=NKCHLBIBNJPMPBOKAELMMOJO; ASPSESSIONIDAQTDRQDQ=BMFMBLHBGIPACEECKNMGEOFN; SessionId=qlimeejqeahvzszplkukrqsp; cvds_2132_saltkey=cEnNEL6K; cvds_2132_lastvisit=1619723120; cvds_2132_sid=I0Q0O4; cvds_2132_lastact=1619726720%09forum.php%09viewthread; cvds_2132_st_p=0%7C1619726720%7C7732f42550eabb2fe325de05a80065bf; cvds_2132_visitedfid=38; cvds_2132_viewid=tid_167835; ASPSESSIONIDSSTSRSDQ=LGHKKEHBBFOKLCFPHMFEKKDG; uuid=rBEADmCMB1pEKhBaA59LAg==; his_goods_ids=%7B%22type%22%3A%22B%22%2C%22goodsid%22%3A%22617284197242%22%2C%22time%22%3A1619727543%7D%3B%7B%22type%22%3A%22B%22%2C%22goodsid%22%3A%22596661369638%22%2C%22time%22%3A1619766494%7D%3B%7B%22type%22%3A%22C%22%2C%22goodsid%22%3A%22639052028846%22%2C%22time%22%3A1619777454%7D%3B; ASPSESSIONIDCQCSCDTQ=HODPBABBDDKLOEBEDACFEMFJ; Dj7Y_2132_saltkey=wp88wpPO; Dj7Y_2132_lastvisit=1619724753; Dj7Y_2132_sid=iAy0Zx; Dj7Y_2132_lastact=1619728353%09forum.php%09viewthread; Dj7Y_2132_st_p=0%7C1619728353%7C3aeb961187364ccc1926404fb51009cb; Dj7Y_2132_visitedfid=111; Dj7Y_2132_viewid=tid_69095; houseid=think%3A%5B%22518035%22%5D; slGu_2132_saltkey=xHPg0hnp; slGu_2132_lastvisit=1619724874; slGu_2132_sid=x9K89k; slGu_2132_lastact=1619728474%09forum.php%09; ASPSESSIONIDQCBBBTTD=JEKGKLIBFNIKJHOKOGIGFEOP; prohistoy=90155xcf; oasidcookiekey=ef803e21091566e4; ASPSESSIONIDSQCTSQTD=GJDHINIBPALFAKIDANLEMLGO; BIGipServerpool_m.jianshe99.com=402733834.20480.0000; SSUID=F084243BDF2FE1D744FD960F800C49B6; MyCity=%B1%B1%BE%A9; MyCityLogo=http%3A%2F%2Fwww%2Etijian123%2Ecom%2Fimages%2Flogo%2Egif; MyCityEng=bj; MyCityBM=%3Cdiv+class%3Dbmdiv%3E%3Cul%3E%3Cli+class%3Dbm%5Fred%3E%D2%BA%BB%AF%C6%F8%A3%BA%D5%D0%C9%CC%D6%D0%3C%2Fli%3E%3Cli+class%3Dbm%5Fred%3E%BF%ED%B4%F8%B0%B2%D7%B0%A3%BA%D5%D0%C9%CC%D6%D0%3C%2Fli%3E%3Cli%3E%BC%D2%D5%FE%B1%A3%BD%E0%A3%BA%D5%D0%C9%CC%D6%D0%3C%2Fli%3E%3Cli+class%3Dbm%5Fred%3E%B3%E8%CE%EF%D2%BD%D4%BA%A3%BA%D5%D0%C9%CC%D6%D0%3C%2Fli%3E%3Cli%3E%C9%E3%D3%B0%CF%B4%CF%E0%A3%BA%D5%D0%C9%CC%D6%D0%3C%2Fli%3E%3Cli%3E%B4%BF%BE%BB%CB%AE%A3%BA%D5%D0%C9%CC%D6%D0%3C%2Fli%3E%3Cli%3E%B5%E7%C4%D4%CE%AC%D0%DE%A3%BA%D5%D0%C9%CC%D6%D0%3C%2Fli%3E%3Cli%3E%C6%FB%B3%B5%CE%AC%D0%DE%A3%BA%D5%D0%C9%CC%D6%D0%3C%2Fli%3E%3C%2Ful%3E%3C%2Fdiv%3E; MyCityDomain=; MyCityTempID=0; ASPSESSIONIDCABRDBQS=EMCPCKNABCBKBMFHOAPGHCNJ; Z5yv_2132_saltkey=BaAPdyIW; Z5yv_2132_lastvisit=1619726291; Z5yv_2132_sid=Mv44DO; Z5yv_2132_lastact=1619729891%09forum.php%09; UUID=ee07a67eae7e4a4e570b4c726111b675; PlatVisitCount=c3VHNnR3eHRSdVJFOVROalNDVXRKZSsvb0lzRlYvQmhmZ3BIUXFST0FsUT0=; php-webapp-srv=af87eb520bea7f9ac33728cf75ded1ed; php-webapp-gwy=0b235e7e2db1495a1bf8703aa97b53cb; admin_session_config=a%3A5%3A%7Bs%3A10%3A%22session_id%22%3Bs%3A32%3A%2226519806af89e76277ef531b3ba8ec4f%22%3Bs%3A10%3A%22ip_address%22%3Bs%3A12%3A%2261.241.50.63%22%3Bs%3A10%3A%22user_agent%22%3Bs%3A72%3A%22Mozilla%2F5.0+%28Windows+NT+6.1%3B+WOW64%3B+rv%3A57.0%29+Gecko%2F20100101+Firefox%2F57.0%22%3Bs%3A13%3A%22last_activity%22%3Bi%3A1619732686%3Bs%3A9%3A%22user_data%22%3Bs%3A0%3A%22%22%3B%7D185f481df3c5a442ecb56ac2e19dbd79; ASPSESSIONIDQCTBRCTA=EBAIGKEBIOOCOBICKBDHGEEA; baiduseo_data_alt=%7B%22book%22%3A%22seo_alt_auto%22%7D; baiduseo_data_tag=%7B%22book%22%3A%22baiduseo_tag_manage%22%7D; searchReport-log=0; user_search_history_hotel=a%3A1%3A%7Bi%3A0%3BO%3A19%3A%22Model_History_Hotel%22%3A8%3A%7Bs%3A8%3A%22regionId%22%3Bs%3A9%3A%22100003201%22%3Bs%3A7%3A%22hotelId%22%3Bs%3A6%3A%22141217%22%3Bs%3A11%3A%22hotelNameCn%22%3Bs%3A47%3A%22%E9%A6%99%E6%B8%AF%E6%82%A6%E5%93%81%E6%B5%B7%E6%99%AF%E9%85%92%E5%BA%97%28%E5%8E%9F%E8%A7%82%E5%A1%98%E4%B8%BD%E4%B8%9C%E9%85%92%E5%BA%97%29%22%3Bs%3A11%3A%22hotelNameEn%22%3Bs%3A23%3A%22Hotel+COZI+Harbour+View%22%3Bs%3A11%3A%22checkInDate%22%3Bs%3A10%3A%222021-05-01%22%3Bs%3A12%3A%22checkOutDate%22%3Bs%3A10%3A%222021-05-02%22%3Bs%3A11%3A%22lowestPrice%22%3Bi%3A0%3Bs%3A6%3A%22imgUrl%22%3Bs%3A41%3A%22%2F%2Fpavo.elongstatic.com%2F206%2FMlFdWREhG0.jpg%22%3B%7D%7D; ASPSESSIONIDQAQAQARD=CHJIHKEBMMLFCJGKOLMGCKBH; 6Bh1_2132_saltkey=C6NHM99B; 6Bh1_2132_lastvisit=1619732353; 6Bh1_2132_lastact=1619735953%09forum.php%09viewthread; 6Bh1_2132_st_p=0%7C1619735953%7Cc70871e3c9c78c2680c234e4c55a1c90; 6Bh1_2132_visitedfid=57; 6Bh1_2132_viewid=tid_36282; ASPSESSIONIDSAQQCTCA=KEGIOBDBAGMGFADCEOKLMHAD; currency=USD; view_log=%5B%228389%22%2C%2220807%22%5D; g34r_2132_saltkey=wzUhtpX8; g34r_2132_lastvisit=1619734969; g34r_2132_sid=OtSzq2; g34r_2132_lastact=1619738569%09index.php%09viewthread; g34r_2132_pc_size_c=0; g34r_2132_st_p=0%7C1619738569%7C2f4384acc32f41f4df83097187a83dec; g34r_2132_visitedfid=39; g34r_2132_viewid=tid_5; aliyungf_tc=aaff63550d79478c4215ee897c6fb23acdee8b27f404294a22bbb54a8c6cbff9; ASPSESSIONIDSACAACDR=GMEDOFPAHHENMDOAJKOKPOJF; pDhe_2132_saltkey=D7s477h6; pDhe_2132_lastvisit=1619737242; pDhe_2132_sid=Ol2mnm; pDhe_2132_lastact=1619740842%09forum.php%09viewthread; pDhe_2132_pc_size_c=0; pDhe_2132_st_p=0%7C1619740842%7Cc98e14da6f51adf6f305b84a8b976f04; pDhe_2132_visitedfid=126; pDhe_2132_viewid=tid_8243; h3bc_2132_saltkey=FUBKKs9U; h3bc_2132_lastvisit=1619738877; h3bc_2132_sid=ECV55c; h3bc_2132_lastact=1619790214%09home.php%09; PHPSESSID=38d1ddb7a770e5f2b577758bab1db02e; oHlEi_safecode=ec8c938374NjAwNTkwNDgwMDFmZG83NDozNjJnPTdkYGM9ZGljMW9hOGwyPWUwNjdgNjI%2BM2JkMWw5YWI6NWQyZjAwZzo5OA; oHlEi_user_id=88bcd875fbMDAwMDIwMzAwMGRrMT9lYDBmNmI0PjcxPTQzNGU5ZmI; oHlEi_username=7448f81eb6MDA2NzAyMDA5MGNiMzFsazNhNWMzMjI1ODQ2MWU4ZWQ; oHlEi_head_ico=4af49d1ef9OTM0MDEwMDM2N2NiNDBtYjNjNWI2MT42OjEwM2Y0ZmQ; oHlEi_user_pwd=37f79b3b8fOTc3MDAwMDg1NmFiMzdsYTthN2IyNj4zODIxM2I4Zmw; oHlEi_shoppingcart=4991699b08OTAwMDAwODA0MDFiNWY2PWI6PzE6M2NkNzY3ODRhNmJ5IGJvbmR3JDpbXSQmcHJvZXdqcyY6WV19; BT_PANEL=2b76ebd9191bc6c08147d067af3bde18aa8ee34a; KT-GUID=KT-D67E7015063C1920E739B2C16035A806; KT-curr_city_id=7; site_r=clearTimeout%28AT%29%3BresponsiveImage%3Dfunction%28el%29%7Bel%3Del%3Fel%3A%27body%27%3B%24%28%27img.responsiveImage%27%2C%24%28el%29%29.responsiveImage%28%29%3B%7D%3B; IW5E_2132_saltkey=R4iOfidI; IW5E_2132_lastvisit=1619744033; IW5E_2132_sid=v2m02O; IW5E_2132_lastact=1619747633%09home.php%09space; IW5E_2132_home_diymode=1; IW5E_2132_pc_size_c=0; ASPSESSIONIDQCQDRCTA=GABOGKEBAEGNJGDIGLNLOEHO; pwg_id=r7v1g54j7vlbprrp76jfo63l91; 56b821f0423b668ae5b1bf0e93e1bf39=574601539247d5359815511dd1fc44b3; h3bc_2132_st_t=0%7C1619749282%7C843d9fb1f1f963e331c145a0b66d8840; h3bc_2132_forum_lastvisit=D_82_1619749282; h3bc_2132_groupviewed=82; ofkqireturnurl=%2F; vwl2_2132_saltkey=UNtPWNQ7; vwl2_2132_lastvisit=1619747493; vwl2_2132_sid=YNZEwZ; vwl2_2132_lastact=1619751093%09forum.php%09viewthread; vwl2_2132_st_p=0%7C1619751093%7C390615ed54a14662f725bff697717fb7; vwl2_2132_visitedfid=2; vwl2_2132_viewid=tid_1062; rNeI_2132_saltkey=oohHbTtw; rNeI_2132_lastvisit=1619748344; rNeI_2132_sid=C5Hxl6; rNeI_2132_lastact=1619751944%09portal.php%09view; ShopVisitCount-1=c3VHNnR3eHRSdVJFOVROalNDVXRKZSsvb0lzRlYvQmhmZ3BIUXFST0FsUT0=; ProductVisitCount=c3VHNnR3eHRSdVJFOVROalNDVXRKVDVMY0JkQTFQVGxYZ1VPdlJPVnQ2WT0=; tid=101240302; ASPSESSIONIDCCBQTTRT=JPFPLGCBLDBHJKHMCHJHDMOJ; 3Foy_2132_saltkey=uHw3H6Cz; 3Foy_2132_lastvisit=1619750863; 3Foy_2132_sid=Joo3kU; 3Foy_2132_lastact=1619754463%09home.php%09space; 3Foy_2132_home_diymode=1; czy_mobile=touch; ds_session=i00kqf2lp8ecl93calqmshhqf6lqr0ue; uYBX_2132_saltkey=ehh5FjVk; uYBX_2132_lastvisit=1619754473; uYBX_2132_sid=Q93U4q; uYBX_2132_lastact=1619758073%09forum.php%09; h3bc_2132_st_p=0%7C1619758926%7C3a091c1ed65bb2cae5b299075d7ce652; h3bc_2132_viewid=tid_152984; d7a47e008c479af12bf42880863e7774=0lgf2p0tgotfgb3tkjnolt5040; security_leech_key=29; BT_PANEL_6=c33f7c1a-6ce7-43de-bf28-a95a536ace32.7N6ImMngN3b3C9ggCMAkqnuAL0c; jgg__Session=p2pvvi41ks3q8th3dgjpkti9ic; vix__Session=7q8embsrt6bb748g20ccfq4m48; frontsid=uctlj2jad9ru6qe97c6sj1n234; frontLang=zh-cn; frontDevice=desktop; theme=default; VgpA_2132_saltkey=rQ33AE0W; VgpA_2132_lastvisit=1619761526; VgpA_2132_lastact=1619765126%09forum.php%09viewthread; VgpA_2132_st_p=0%7C1619765126%7C88eeabf1c1f68b34b8369191af64bc29; VgpA_2132_visitedfid=22; VgpA_2132_viewid=tid_13175; Z5ZJ_2132_saltkey=KRR6Gfri; Z5ZJ_2132_lastvisit=1619762177; Z5ZJ_2132_sid=fzIvVq; Z5ZJ_2132_lastact=1619791971%09index.php%09viewthread; Z5ZJ_2132_st_p=0%7C1619791971%7Cd3b9ff4fee45b22bdaaa8436ecd479c3; Z5ZJ_2132_visitedfid=57D40; Z5ZJ_2132_viewid=tid_36541; key1=value1; key2=value2; guolvUserToken=088dec5e-4922-4b48-a3fd-aea0ff6c82a6; dj_current_src=%7B%22CityId%22%3A%22321%22%2C%22CityArea%22%3A%22%E5%8D%8E%E4%B8%9C%22%2C%22CityName%22%3A%22%E4%B8%8A%E6%B5%B7%22%2C%22FullPinyinName%22%3A%22shanghai%22%2C%22FirstZiMu%22%3A%22S%22%2C%22ProvinceId%22%3A%2225%22%2C%22ProvinceName%22%3A%22%E4%B8%8A%E6%B5%B7%22%2C%22ShortPy%22%3A%22sh%22%2C%22TcShortPy%22%3A%22sh%22%7D; hnyHkiub_2132_lastvisit=1619765241; hnyHkiub_2132_sessionid=1552826762; ASPSESSIONIDCQRSAQTB=NOMLCCKBMJJAHKHANKBGDHNN; nat123session4slb=e011b35ad220f6ce844e69481e14eea4; bh_myaction=Tutor%2Findex%2Fs%2F2%2Fi%2F16%2Fg%2F4%2Fpre%2F10001%2Fsub%2F13; IW6E2132_saltkey=pVneCknd; IW6E2132_lastvisit=1619767767; IW6E2132_sid=AAS333; IW6E2132_lastact=1619771367%09plugin.php%09; CSRF_TOKEN=kzqQAmHFD2nviCJu; user_name=s7c8jqc2C7; ASPSESSIONIDAQCSTRBR=KADBCDNBPKFJNANEMMILLBJP; sitepath=%2F; liketrue=1; VDSSKEY=h4tqgud0do3hfk88cuktnh1hd3; FOOTPRINT=646780; 8469427f3cceb2db020ed905c57b3534extend_contents_views=32; scan_code=161977850777575677449423620605; SESSIONID=24d6df43-4811-4e64-ad3a-69e44b07ea4e.LB4DWVWoWeqq-Xj4NHv_ju9o6aI; rmsbackusersessionid=c67d386bb6b1ce91c3a6ceca9ca7fff8; ASPSESSIONIDCABQTASA=CGAPMAOBACMJFAGEBOJGENNE; uyjJ_2132_saltkey=ZR1XPpKy; uyjJ_2132_lastvisit=1619778417; uyjJ_2132_sid=vqTk8j; uyjJ_2132_lastact=1619782017%09forum.php%09viewthread; t0em_2132_saltkey=szDl93d1; t0em_2132_lastvisit=1619780659; t0em_2132_sid=nkQt2w; t0em_2132_lastact=1619784259%09forum.php%09viewthread; _xsrf=2|649fd432|3082cdcc1123fd2d1eaa382073a75ca7|1619785453; XSRF-TOKEN=eyJpdiI6Img3WjU3Y3NUbkpiZzF5UmhhMzJJU1E9PSIsInZhbHVlIjoiYXdVT1RDaUkydjNySkh0V0FNWGtIZVAwNDVoUlE5TmhqMHBhSGRMV3cyUDJ5MU5lK0djOUpwc1NTYXJPRUxBOSIsIm1hYyI6IjJhZTUxYWJkZjI3NTRiZjE3NGEyNTQ3YTJjNTE0N2EyMGQ3MzM1YmQ5NmFmNDYyNDVhZjNmMzQ3NzAwYzQ0YzEifQ%3D%3D; laravel_session=eyJpdiI6ImJINEVIVmNYc1BHN1dUUDZIK3FFXC93PT0iLCJ2YWx1ZSI6IlpUaHFEUmtKcHFWOUpxV1RDcGN0RGhcL0hENzBXUFVpOUViMWgwRWFcL3JoUG1uQTJZenQ1QllsNTVkbFQwMkRNNyIsIm1hYyI6ImUxZTIxOWY1Mzg2ZTliNDAxNzg3YzA3ZGExNGEwMmZmYzlmOGIxYjdjMmUzODg2NjczMGZkYWZiZDFmY2U0ODAifQ%3D%3D; q7qO_2132_saltkey=z4qKr7ya; q7qO_2132_lastvisit=1619783241; q7qO_2132_sid=r67v6x; q7qO_2132_lastact=1619786841%09forum.php%09viewthread; q7qO_2132_st_p=0%7C1619786841%7Cf2e057e9ab37893a95a6655119642ee6; q7qO_2132_visitedfid=72; q7qO_2132_viewid=tid_33008; h3bc_2132_home_readfeed=1619790214; vUkp_2132_saltkey=okZ88aIE; vUkp_2132_lastvisit=1619787180; vUkp_2132_lastact=1619790780%09portal.php%09view; 86Ze_2132_saltkey=gdILKioV; 86Ze_2132_lastvisit=1619788469; 86Ze_2132_sid=ZvokXh; 86Ze_2132_lastact=1619792069%09forum.php%09viewthread; _ismobile=0; wp-editormd-lang=zh-CN; ASPSESSIONIDCQDDASCB=LBHBCMNDAFCCNCHEGPEGPAIC; rh8h_2132_home_diymode=1; datoushe_session=eyJpdiI6IkkxTlZUd2Q5MGE0ZFNqYnB2eFRyN0E9PSIsInZhbHVlIjoibnJNa1JNSlhhMEhpQVFFSVQycGZxd0NzWUFxUVBOYVY3Vk1GQm9SSmdxU3VFSHdIWDBzb1padUxHdVFUUHFUZVh0UzhITzVEZ010TEhxMThWRTZOOUE9PSIsIm1hYyI6IjRhZjIxZDQ0MzAwYTE1NjY4NzMyN2Y4M2Y0ZjIxYjFlNjQyYTM0ZGE4ZDI2MWY3NmZhZTcwNTBmNTY0Y2JlMGMifQ%3D%3D; cp_language=zh; 5Ili_2132_saltkey=t27577OZ; 5Ili_2132_lastvisit=1619791517; 5Ili_2132_sid=hgXZ61; 5Ili_2132_lastact=1619795117%09forum.php%09viewthread; 5Ili_2132_pc_size_c=0; sDcX_2132_saltkey=XIdPSAjd; sDcX_2132_lastvisit=1619794883; sDcX_2132_sid=kN2w3R; sDcX_2132_lastact=1619798483%09home.php%09space; sDcX_2132_home_diymode=1; ypzan_session=OVPLUDXHleH3lb9xzLF63eTXfd73kTxZA4ws8EuE; lp_ipzjxhf593613224038d1ddb7a770e5f2b577758bab1db02e291=59.36.132.240; lp_id5936132240zjxhf38d1ddb7a770e5f2b577758bab1db02e291=zjxhf; lpck_comments38d1ddb7a770e5f2b577758bab1db02e=38d1ddb7a770e5f2b577758bab1db02e; v_lzpan_session=eyJpdiI6IkxxVFhpdkZsbytQaTk4M3VXSjEyY2c9PSIsInZhbHVlIjoiTWlzcDNSNjJRdCt1UlVpRGdBdUl5VGhnQzU5bGUyQ1NlZVBiSDZtSllzWnB2cUJncEw3MXRObnM0eVhzOXZaaSIsIm1hYyI6IjZhYmM4Y2JiMzEyNTdiODZjYjA0MzUxM2Q0OTQ4ODg2YzYzODdiNDBlZDA5NjQwNTI0MDU3M2NiYjNkNmRlMzcifQ%3D%3D; ukjA_2132_saltkey=XAN5XXa6; ukjA_2132_lastvisit=1619800067; ukjA_2132_sid=i7eS49; cart_goods_num=0; wordpress_test_cookie=WP+Cookie+check; IPISP=CTC',
  'host' => '159.75.70.173:5004',
  'q-sub-business' => 'contentsecurity',
  'user-agent' => 'Mozilla/5.0 (Windows NT 6.1; WOW64; rv:57.0) Gecko/20100101 Firefox/57.0',
  'content-type' => '',
  'content-length' => '',
)
[ info ] [ PARAM ] array (
  'id' => NULL,
)
[ info ] [ RUN ] think\captcha\CaptchaController->index[ /www/wwwroot/ishop/home/admin/vendor/topthink/think-captcha/src/CaptchaController.php ]
[ info ] [ SESSION ] INIT array (
  'id' => '',
  'var_session_id' => '',
  'prefix' => 'think',
  'type' => '',
  'auto_start' => true,
)
[ info ] [ LOG ] INIT File
---------------------------------------------------------------
[ 2021-05-01T02:08:21+08:00 ] 10.0.12.14 182.254.52.17 GET /admin/index.php/admin/order/edit.html?id%3D15
[ info ] 159.75.70.173:5004/admin/index.php/admin/order/edit.html?id%3D15 [运行时间：0.015419s][吞吐率：64.86req/s] [内存消耗：2,116.15kb] [文件加载：42]
[ info ] [ LANG ] /www/wwwroot/ishop/home/admin/think/lang/zh-cn.php
[ info ] [ ROUTE ] array (
  'type' => 'module',
  'module' => 
  array (
    0 => 'admin',
    1 => 'order',
    2 => 'edit',
  ),
)
[ info ] [ HEADER ] array (
  'accept' => 'text/html,application/xhtml+xml,application/xml;q=0.9,*/*;q=0.8',
  'accept-encoding' => 'gzip',
  'cookie' => 'beegosessionID=3fbbbf85956ff9efa78fabec2fcb46fc; X_CACHE_KEY=710fe8121d74ce37ab21c440950a8714; PHPSESSID=240cda2edc61471af015e6bb2d2390da8b9dd423; ft=1; BT_PANEL=fb8606c0f3ddefd61439d225c6fafe34b536b7d0; ASP.NET_SessionId=t4dx3rz2gamhzolsetx0y4cx; vds=gaLRNVOMtzoSbHtzEKEgEFyjyVIMnVLMNpGkOjtWQgGWnpmAPkokiVogakNH; route=a07eb972b772c779f29f4f7458cc0dad; g2643511893=t2018-02-14+10%3A03%3A01; pvp__Session=3b95girip7ghqqoljj5db70fb2; JSESSIONID=021A1EB6B4E09754DE9D4DE346F1653B; tradeLdc=NJYH; BIGipServerpool_m.med66.com=687946506.20480.0000; ASPSESSIONIDCCARCBTS=DCGNDPMBBLHGIKHMLGAEAKJA; qhXr_2132_saltkey=tpD7b1zs; qhXr_2132_lastvisit=1619769656; qhXr_2132_sid=EuMgF2; qhXr_2132_lastact=1619773256%09plugin.php%09; lastfid=0; lastvisit=6551%091619779832%09%2Fsimple%2Findex.php%3Ft648373.html%26; ol_offset=475397; ecology_JSessionid=aaaJW6GwVCPKq9QzyOLvx; _d_id=641c43ccaefa431fa309735f44f36a; __AntiXsrfToken=bcfe248d09d64dada85950297bd216bd; hzsessionid=878812a36cd4d5479197021e22192f8a; SeesionID=; __jsluid_h=f708c7d2ae5c0a1491259d1fec1d2e7d; jJTg_2132_saltkey=jyYIX58Q; jJTg_2132_lastvisit=1619770371; jJTg_2132_sid=Aw9R3N; jJTg_2132_lastact=1619773971%09forum.php%09viewthread; jJTg_2132_st_p=0%7C1619773971%7Ce1fddaf365827a7839f14335f74614cc; jJTg_2132_visitedfid=40; jJTg_2132_viewid=tid_137; ASPSESSIONIDSACQTCTS=FJDHOEJBCHLEAHHCPOLBBPNA; security_session_verify=e8f454a9e9239ba1ec7120ddc335c186; t0em_2132_saltkey=WLWH717n; t0em_2132_lastvisit=1619770450; t0em_2132_sid=mN9QQB; t0em_2132_lastact=1619774050%09forum.php%09viewthread; sitepath=%2F; liketrue=1; VDSSKEY=njvnon8e2s5ejpl1kjar37uuc1; FOOTPRINT=834060%2C875447; cm_recent_posts=a%3A1%3A%7Bi%3A0%3Bi%3A23049%3B%7D; cum_mobile=touch; etRj_2132_saltkey=MhPVsX9P; etRj_2132_lastvisit=1619770939; etRj_2132_sid=bc3s9C; etRj_2132_lastact=1619774539%09forum.php%09viewthread; etRj_2132_st_p=0%7C1619774539%7Cd97274339d06eaed71ceaf35decbfefe; etRj_2132_visitedfid=5; etRj_2132_viewid=tid_2269067; IPLOC=CN1200; yunsuo_session_verify=7c3fd910f02b3755408c39f4e90bfa28; ASPSESSIONIDQCBBBTTD=IPIMAMIBLGDNBLMDNABHNFIF; PTCMS_history=1648%2C601%7C37722%2C31%7C162271%2C1121%7C1257%2C1024%7C38424%2C438; 83hE_2132_saltkey=hmUBKQvf; 83hE_2132_lastvisit=1619771205; 83hE_2132_sid=aO3hjK; 83hE_2132_lastact=1619774805%09forum.php%09viewthread; 83hE_2132_st_p=0%7C1619774805%7Cf7f78d7034443fa02a163bcb2fb0f7d2; 83hE_2132_visitedfid=63; 83hE_2132_viewid=tid_21534; ASPSESSIONIDQQDDQRRS=DNJHNGMBFNKHNPFCMIKKENDE; s2ec4a384=joou9sjf3i98nbbs1ibnkokqp4; ASPSESSIONIDSSSTSAAD=MFHAHGOBKDICDANKNDILBKHA; SESSIONID=0f7b259f-8fac-43b3-a81a-6f4027ea9f9a.ZVucBVLdfPEEHVrl4abusjHdFXY; visittimes_0=3; session_id=240cda2edc61471af015e6bb2d2390da8b9dd423; cdb_sid=FCTZt6; ASPSESSIONIDQQBBRCRB=HGFABMFBHOBDDOONLFHLPPMI; __RequestVerificationToken=-rElTVTPbbYG1ryYlDLLks5Tghle7KjTtMvMEKA5Ny251W3uEhcdxQaUJRS65-d9Z26ip_eZnD9_M5JeqoES5ua2hFqddQFCM5DFOZH9bI41; ASPSESSIONIDSARBSDSA=EBFLGKEBIOJLBKLCOKFANKMN; seedcode=34672395; fingerprint=5a7d9a47c03eebaa374bb08f4933671a; InitSiteID=77309; SiteType=1; IsDefaultLang=1; WUserID=16158745182124; Lang=cn; yz_site=isSite; cyh_lastvisit=0a88lqKSo5tRUAFfKOGkiQ0IrzasM2Kp4IDbOK56WaELPxRiJYTCHR-P-N; biz_key=xretail; PlatVisitCount=c3VHNnR3eHRSdVJFOVROalNDVXRKZSsvb0lzRlYvQmhmZ3BIUXFST0FsUT0=; _csrf-frontend=76edf67c14b6f0f017f3e82a3189c5a475ca16d207b65b7139c2b93e1e20bc10a%3A2%3A%7Bi%3A0%3Bs%3A14%3A%22_csrf-frontend%22%3Bi%3A1%3Bs%3A32%3A%22oCCUFAj19namdE3OLga0wjo7_KSJYjMh%22%3B%7D; _xsrf=2|600ec83a|9f9a29045a38933d3d42127230c4fb8b|1619776982; vierge%5FShops=NmUserName=2021043018080929WW; ASPSESSIONIDQQCSTSSD=HOFBLKOBAFMOODMDHFAJGPKB; timestamp=1619777523000; sign=FF1BC0E9B003A8B79EED3A0879F7D269; mid=cXhfhy; ASPSESSIONIDAQQARQDC=FECPOFCBNKOCCNLBGPMDGKEN; BIGipServermember.med66.com=721500938.20480.0000; supe_supe_refresh_articles=0_259929; Tc18GQ8t_2132_lastvisit=1619774421; Tc18GQ8t_2132_sessionid=1462226611; VyPM_2132_saltkey=Y99MVvth; VyPM_2132_lastvisit=1619774512; VyPM_2132_sid=m4AWsq; VyPM_2132_lastact=1619780035%09forum.php%09viewthread; VyPM_2132_home_diymode=1; AUSHOP_sid=9443955a5ddfd5eba70360c9f7bc947a; youdianinfo_historycn=41733-204; cof_city=246%7Chttp%3A%2F%2Fzh.fangsk.net%2F; nvhm_2132_saltkey=kHCz84i4; nvhm_2132_lastvisit=1619774643; nvhm_2132_sid=PuYGyu; nvhm_2132_lastact=1619778243%09home.php%09; nvhm_2132_home_readfeed=1619778243; ASPSESSIONIDAQCBRTDQ=ELCBGOOBGADAKLGHEAAKKMEF; ASPSESSIONIDACRTQQSQ=AMDIKBGBGKFCHFFKJLKADOJO; FS_4470736058=1619778953; djpk_2132_saltkey=bxv8ud76; djpk_2132_lastvisit=1619775433; djpk_2132_lastact=1619779033%09forum.php%09viewthread; djpk_2132_st_p=0%7C1619779033%7C6c702644021567b245e0aaa228db5018; djpk_2132_visitedfid=152; djpk_2132_viewid=tid_280269; _wp_session=BAh7B0kiD3Nlc3Npb25faWQGOgZFVEkiJTIwYzdmNjk0MzAzMTQxNmJhYjEwNDMxM2M0MzM3ZGVhBjsAVEkiEHN1cHBsaWVyX2lkBjsARkkiCjc5NjM5BjsAVA%3D%3D--081f40ef3ea2859b7276b7a679b9b39d42ce8dfd; SID=570b9d199a0b2dabc86ac9a2227a902c; nouid=608bdf63b0cb13602; pvStime=D807D0F5A8E29147535A; pvTimes=D8; __pid__=129B3DF480A14B; __puno__=54C164A2D5FC11F457E9A4B015E8E7; ZDEDebuggerPresent="php,phtml,php3"; TNpt_2132_saltkey=BQxIEMxJ; TNpt_2132_lastvisit=1619776243; TNpt_2132_lastact=1619779843%09forum.php%09viewthread; TNpt_2132_st_p=0%7C1619779843%7C2919df2a67c3d3c67da6288c97748f33; TNpt_2132_visitedfid=40; TNpt_2132_viewid=tid_34189; Session=t4dx3rz2gamhzolsetx0y4cx; Dc0_city=9%7Chttps%3A%2F%2Fwww.mcfang.cn%2F; home_lang=cn; admin_lang=cn; xpcvb_siteid=780fkP8u5ZbuyByesNThXIOsBsZrM-SwcyR336Sm; VyPM_2132_st_p=0%7C1619780035%7C614d130407262d026bf64616a4a07142; VyPM_2132_visitedfid=215; VyPM_2132_viewid=tid_1001219; session=235bdd28-8aca-4e40-919c-2486ece9ef95; guolvUserToken=38591a72-8d65-4225-80bc-ab1ad2da48cd; .ASPXANONYMOUS=Cl2hjnx01wEkAAAAMDgwZTRlMTQtNzQ2NC00YmViLWJiZDktZTY4MjAwZWFiYTY5hfdcmYRjniGftc-RbgOB02l6aq03gnS4FcZu7Q3Dd6U1; ASPSESSIONIDSQRSSACD=AJJJPAPBDIMIDFCOHAKPMGAM; o8My_2132_saltkey=akePSt1d; o8My_2132_lastvisit=1619776836; o8My_2132_sid=FZzaMN; o8My_2132_lastact=1619780436%09home.php%09; o8My_2132_home_readfeed=1619780436; MyCity=%C4%CF%C4%FE; MyCityEng=nn; MyCityLogo=http%3A%2F%2Fwww%2Etijian123%2Ecom%2Fimages%2Flogo%2Egif; MyCityBM=%3Cdiv+class%3Dbmdiv%3E%3Cul%3E%3Cli+class%3Dbm%5Fred%3E%D2%BA%BB%AF%C6%F8%A3%BA%D5%D0%C9%CC%D6%D0%3C%2Fli%3E%3Cli+class%3Dbm%5Fred%3E%BF%ED%B4%F8%B0%B2%D7%B0%A3%BA%D5%D0%C9%CC%D6%D0%3C%2Fli%3E%3Cli%3E%BC%D2%D5%FE%B1%A3%BD%E0%A3%BA%D5%D0%C9%CC%D6%D0%3C%2Fli%3E%3Cli+class%3Dbm%5Fred%3E%B3%E8%CE%EF%D2%BD%D4%BA%A3%BA%D5%D0%C9%CC%D6%D0%3C%2Fli%3E%3Cli%3E%C9%E3%D3%B0%CF%B4%CF%E0%A3%BA%D5%D0%C9%CC%D6%D0%3C%2Fli%3E%3Cli%3E%B4%BF%BE%BB%CB%AE%A3%BA%D5%D0%C9%CC%D6%D0%3C%2Fli%3E%3Cli%3E%B5%E7%C4%D4%CE%AC%D0%DE%A3%BA%D5%D0%C9%CC%D6%D0%3C%2Fli%3E%3Cli%3E%C6%FB%B3%B5%CE%AC%D0%DE%A3%BA%D5%D0%C9%CC%D6%D0%3C%2Fli%3E%3C%2Ful%3E%3C%2Fdiv%3E; MyCityDomain=; MyCityTempID=0; ASPSESSIONIDAACQBAQT=HFLKPFKBEOKHDHDPHEANBDNK; JBuC_2132_saltkey=AQf2rOO3; JBuC_2132_lastvisit=1619777027; JBuC_2132_sid=A36mO7; JBuC_2132_lastact=1619780627%09forum.php%09viewthread; JBuC_2132_st_p=0%7C1619780627%7Ca5b8ac1d0df1b7eabfdac54db735204a; JBuC_2132_visitedfid=17; JBuC_2132_viewid=tid_5983; 6Bh1_2132_saltkey=eMBfVbXX; 6Bh1_2132_lastvisit=1619777163; 6Bh1_2132_lastact=1619780763%09forum.php%09viewthread; 6Bh1_2132_st_p=0%7C1619780763%7C91571524686d3cf38a84dee26ab97230; 6Bh1_2132_visitedfid=55; 6Bh1_2132_viewid=tid_29646; ABTEST=1|1619780957|v1; session_prefix=f8b804f855e7dd91b8ad562606c0eb16; cookiehistory=/5C3aZzKv0k=; hnyHkdu5_2132_lastvisit=1619777531; hnyHkdu5_2132_sessionid=1620295535; z0PU_2132_saltkey=L8sk8sF8; z0PU_2132_lastvisit=1619778401; z0PU_2132_sid=dr0zOC; z0PU_2132_lastact=1619782001%09forum.php%09viewthread; z0PU_2132_st_p=0%7C1619782001%7C226c9aebab49ff6643e469418b7dde36; z0PU_2132_visitedfid=44; z0PU_2132_viewid=tid_112609; ECS_ID=326c665e47a12af1d984fd19b0aaaa157b80f7c4; discuz_2132_saltkey=Vyouoaut; discuz_2132_lastvisit=1619778637; discuz_2132_sid=Ij1sZt; discuz_2132_lastact=1619782237%09forum.php%09forumdisplay; discuz_2132_pc_size_c=0; discuz_2132_st_t=0%7C1619782237%7C46805ba11438123d0548fed011ba7874; discuz_2132_forum_lastvisit=D_12_1619782237; discuz_2132_visitedfid=12; ASPSESSIONIDQQARABAA=DHJOOJNBNKDGMCAGMOANIHBA; __secdyid=b950c2313db27a0858723799598efe9cdcc26a3db314f31d021619782791; ASPSESSIONIDSASBBBAS=IKACMFPBICFKEGFLFHAIGNDP; _ismobile=0; ASPSESSIONIDCATDAATR=GHLJNGFBJCPKKHBDJDCAKMCD; ASPSESSIONIDQABDBCAD=EIKGBOGBECLGLFLAOPPPOFJM; h3bc_2132_saltkey=uEW8z2aM; h3bc_2132_lastvisit=1619780105; h3bc_2132_sid=eYe4yt; h3bc_2132_lastact=1619783705%09forum.php%09viewthread; h3bc_2132_st_p=0%7C1619783705%7C816f4c5adbdc23b15e4df3aa1a722d13; h3bc_2132_viewid=tid_126340; lf___forward__=%2Fall%2Fid%2F4%2Forder%2Fhits_month%2Bdesc%2Fupdate%2F1%2Fsize%2F2.html; guestId=6618aa4b-bdb2-40cc-8f25-e59147238d7e; language=ENGLISH; c2u_mobile=pc; ff1Z_2132_saltkey=zO1lg14G; ff1Z_2132_lastvisit=1619780718; ff1Z_2132_sid=diUMNi; ff1Z_2132_lastact=1619784318%09plugin.php%09; ASPSESSIONIDSQRQQDDC=NMCDGHPBKOBIOMIKMDLAGNDF; ASPSESSIONIDSSSBARDB=CNFFIHPBPDDLIAMDCEHBMPJK; wordpress_test_cookie=WP%20Cookie%20check; real_ipd=182.254.52.17; cnc_mobile=touch; ASPSESSIONIDSCDAADSB=LMGDAMGBFGCBEHIEKBDMCKAN; twUl6kj_is_mobile=0; ASPSESSIONIDASDRQSAS=LDJMFAIBIPHKIIDIMBMODEBE; ASPSESSIONIDQQBCRAQS=AOGDKKPBJLGLPJLPGDCGDIKL; think_template=default; mysid=a935424f86bb62c3c2f0d3eef3fdb23a; BT_PANEL_6=b102e8d2-e5d2-434c-ab13-51447a1ccc18.FZ6cjHtGRt4ZMsZpd3sqqWlyna0; ASPSESSIONIDQQAAQBQS=HNDLBMPBONOIFCGNFEIEMPIN; __tads_uuid=1154D-00608BF927; kuxin_history=63%2C522%7C14329%2C61; rh8h_2132_saltkey=Z4s6kooD; rh8h_2132_lastvisit=1619782609; rh8h_2132_lastact=1619786899%09forum.php%09viewthread; rh8h_2132_st_p=0%7C1619786899%7Ce7e131940df81b340c49ca42ce136912; rh8h_2132_visitedfid=3D25; rh8h_2132_viewid=tid_3553789; ASPSESSIONIDSACQQRCQ=FFDOKJGBAGGMKKGJAGPDBLBE; ASPSESSIONIDCCTDRBDR=ACJPGNPBAFCNKLJEGPHCBECM; geturl=%2Fdispbbs%2Easp%3Fboardid%3D268%26id%3D106957%26page%3D0%26move%3Dpre; ASPSESSIONIDAARARBCQ=NICPDBJBJJFJNONGGNDPNJPC; ASPSESSIONIDCQSADCBB=BGMJHOKBPPMFPMCAJAEMBBMH; g8cD_2132_saltkey=W3sVH2VA; g8cD_2132_lastvisit=1619784088; g8cD_2132_sid=LSiT8k; g8cD_2132_lastact=1619787688%09misc.php%09; ASPSESSIONIDSQRSQDCB=NHBABPPBDJPDJJHMJGAFCGLN; ASPSESSIONIDAATABDBB=FLEAJKKBCMOEDALMNHEICEEH; ASPSESSIONIDCASRCDDS=AGKOGGGBPPJDKLBMPNDIBJGG; J7Bx_2132_saltkey=LchXAku1; J7Bx_2132_lastvisit=1619785194; J7Bx_2132_sid=LgP9Yq; J7Bx_2132_lastact=1619788794%09forum.php%09viewthread; J7Bx_2132_st_p=0%7C1619788794%7C634d84313acf8e945a8e1aff8bb0ee7c; J7Bx_2132_visitedfid=63; J7Bx_2132_viewid=tid_8227; _csrf=07a110fadd441a149ef7df376a39c0a2fca3eafbe27cae2de727cd790abd6ed4a%3A2%3A%7Bi%3A0%3Bs%3A5%3A%22_csrf%22%3Bi%3A1%3Bs%3A32%3A%22giUmcM3nYz_1VO5RtSsbSjf6JhB6-8D6%22%3B%7D; SHOPEX_SID_MEMBER=d720d868499b6404783d1855801fe9c4; ASPSESSIONIDQSSSTBCD=EKOKLDACEKDNGBJJJFCMCBLG; 3C05_2132_saltkey=CXF2z1FP; 3C05_2132_lastvisit=1619787094; 3C05_2132_sid=fCgO4Y; 3C05_2132_lastact=1619790694%09forum.php%09; cityInfo=think%3A%7B%22id%22%3A%221%22%2C%22name%22%3A%22%25E6%25B6%25BF%25E5%25B7%259E%22%2C%22lng%22%3A%22116.0107980218%22%2C%22lat%22%3A%2239.491586132869%22%2C%22domain%22%3A%22zhuozhou%22%2C%22seo_title%22%3A%22%22%2C%22seo_keys%22%3A%22%22%2C%22seo_desc%22%3A%22%22%7D; XSRF-TOKEN=eyJpdiI6ImdTVmFpZ0M1YzE5V3BzWGVYcDRBNlE9PSIsInZhbHVlIjoianpNSmRHckw3dlRNQmp0cjgxTjlHT3pyMFJwWUFVWXh5enYweEpGU1NOM0srazBmVER1b0lcL1hpK2dBM0FcL3VoZVJRQ0hoK0xFcnluNUswakFvbytJQT09IiwibWFjIjoiMzM5OTc2ODZiMjk4OTM2YWY1MzJkYmRiNTViMzhjMGY0YzhhYjliYjVmOWRmYjU4OWViOTYzYTk2ZjI0MGY1OSJ9; laravel_session=eyJpdiI6InFkbW80Zm43MDV2T1JqNXZNdmlBZGc9PSIsInZhbHVlIjoid2dvTEhGYWNQZXlmMndzblZocVpDczlheXRzNEVRb3NcL00rWUVIYXRjYWJBekI5M3ZVNk1UdUNWY1MwR29cL1dTZFVmZUN2N3dLOTZRNURURHdjZUhaUT09IiwibWFjIjoiZGJiZWQ0ZDRiZWE2MWNlMTY2ZGYwZGJhNmY4NWRiNGE3ZDgyNGM1YTg1MGY4MjQ2MDlkMDAzZDIwYmI2MTc0OSJ9; ASPSESSIONIDQAQCATSQ=DMPDDGJBOGDBPIEJDFHABDNO; uyjJ_2132_saltkey=UNw66P3P; uyjJ_2132_lastvisit=1619789469; uyjJ_2132_sid=U7hn0s; uyjJ_2132_lastact=1619793069%09index.php%09viewthread; ASPSESSIONIDQQRTCSBC=NDMEODACAFDEKOLMKNPGAHPH; ASPSESSIONIDAQCBQBQD=PAMELFEBKILABBMLNLHIEHCF; 96519_lastvisit=0%091619793336%09%2Fbbs%2Findex.php%2Fimage%2Fthewei-pw1%2Findex%2Fsimple%2Fimage%2Fimage%2Fhot%2Fimage%2Fhot%2Findex.php%3Fonline-yes.html; 96519_lastpos=index; 96519_ol_offset=22019; 553b2_c_stamp=1619794047; 553b2_lastvisit=0%091619794047%09%2Fread.php%3Ftid-43095-fpage-5-page-2.html; 553b2_lastpos=T43095; ASPSESSIONIDSATBBRCQ=CBCEIIGBKOOBLENOGBJOLNJJ; USR=jl5d2iry%090%091619795470%09http%3A%2F%2Fwww.lwbike.cn%2Fdo%2Falonepage.php%3Fid%253D7; baiduseo_data_category=%7B%22book%22%3A%22baiduseo_category%22%7D; baiduseo_data_alt=%7B%22book%22%3A%22seo_alt_auto%22%7D; baiduseo_data_tag=%7B%22book%22%3A%22baiduseo_tag_manage%22%7D; kW05_2132_saltkey=QidPqdVD; kW05_2132_lastvisit=1619793011; kW05_2132_sid=y86ib2; kW05_2132_lastact=1619796611%09home.php%09; xmplp_session=eyJpdiI6IlFJS3JJbFRMNmdIQkhhSG9vSkxYa1E9PSIsInZhbHVlIjoieEhvRnhNRjhpMDhCdHNpaWdqXC8xVEY3TnJDNWRhRE5GYUhOaWFmb3poVWNJZThEZ3ArM3ZoYURXRTZXRklZWjk3NTNWWEdrTXFhcEJnZTNSWmw1XC9mZz09IiwibWFjIjoiOWMyMjg2MmFmM2E0ZWVkYTIzOTdmN2Y1MjNhOWE3Yzc2OTZiNGZhYmUzZjY4YTMzYjFiNzI4ZDA1ZDAyMjViNyJ9; stb_session=LmLgykCsw28GYozNpENdvo%2Bu6y1R%2B5%2FNQSDPOXjyq5%2Fsk4bBvf1wFSUpOXG%2FaVVbA%2F0qqNZ8GaT2vtFHjN9rUr%2Bf65dcZLDPvPST0KG8eGqVl8s5liwLJRnWuQQ4aMLU4bIdtxfLtMS7E%2FdbxXbQNCmNUIBERj6TtAunSiR952y0%2Byhgw%2BRBSajZWIvqxR2QItocTL4si1vbX20RLAP90gbpJUq4S89JxSuVNgbWBXiO%2BXR7hTk%2BkwTsNtu3b3jFLOPDwMeniJs%2FIkWiuOJNt%2FT341i%2BGqaQUjqJnQ%2BQaTMPlw7i9dNCIbpHi2CtlQOEJYvTIh0Maijey6KvGRint0iARSJ0R4U1WhnPy9Xn9mzK9MixWPCGZxXcqZIg1wDmYpNy5c78%2BGt2snBgcQiShM9c7859i%2F4u5t4KVeHs7BA%3D; ecsid=3b7b820a335eb0bb615828d07e3695aad34ad2f4; 9m75_2132_saltkey=GA2s9l6l; 9m75_2132_lastvisit=1619795261; 9m75_2132_sid=bOPOmC; 9m75_2132_lastact=1619798861%09forum.php%09viewthread; 9m75_2132_st_p=0%7C1619798861%7C80b76b43701006d23beed19282620d06; 9m75_2132_visitedfid=59; 9m75_2132_viewid=tid_25386; user_sid=c74f545d2b; tp_sid=e2a179697820d264; ASPSESSIONIDCSASTTTC=DIJLLHBCFMAOEFJFGPOKANIO; O13Q_2132_saltkey=iNAkT7T7; O13Q_2132_lastvisit=1619796440; O13Q_2132_lastact=1619800040%09forum.php%09viewthread; O13Q_2132_st_p=0%7C1619800040%7Cbb8797893321759b2c04788c8dc1755c; O13Q_2132_visitedfid=22; O13Q_2132_viewid=tid_62283; ASPSESSIONIDSCCDRRAQ=FEMJFDKBLBJONNAHNDECCDHM; bu_session_=iq6af4s3j69hmk14j6iv1irueahrjs7j; SessionId=tphqokssi0wfh4wtg0kjp1x4; alRL_2132_saltkey=qndKah13; alRL_2132_lastvisit=1619796892; alRL_2132_sid=u6KIie; alRL_2132_lastact=1619800492%09forum.php%09viewthread; alRL_2132_st_p=0%7C1619800492%7Cd2db86315f1e1acf0249e8087cf6ab5e; alRL_2132_visitedfid=2; alRL_2132_viewid=tid_3187734; 5d6fb81d1f871a290099d01c15e4d68d=20f6425ac2643c92596f047217084f46eff46837s%3A18%3A%22%2Fyigui%2Fp15315.html%22%3B; YII_CSRF_TOKEN=147daec61745ad34cd39e0debcb638338e9565e7s%3A40%3A%2275d2a1254d3f3877ddcaf4c83af482fafc57777d%22%3B; 2byb_2132_saltkey=i8jpyb40; 2byb_2132_lastvisit=1619797680; 2byb_2132_sid=e25Rue; 2byb_2132_lastact=1619801280%09home.php%09; 2byb_2132_pc_size_c=0; lkMq_2132_saltkey=sggqpqE8; lkMq_2132_lastvisit=1619797822; lkMq_2132_sid=PPPBYM; lkMq_2132_lastact=1619801422%09forum.php%09viewthread; lkMq_2132_visitedfid=3; lkMq_2132_viewid=tid_117444; ds_session=7u5htvr3ed4iq6o8dbgp3a1s5fdsak09; ASPSESSIONIDCCARATBB=AFIAFJACNIEPDANIPBIBKAMP; sc9a0665d=50d68j7hf21p335arrh55gju0l; ASPSESSIONIDQSBQSSSD=MKHNOLBCMNBHOCAOLLOGMGKG; ASPSESSIONIDQSBDQSQB=GIAPKGMBJPOMOHGIKDDCAPKN; ASPSESSIONIDSAASQQDA=GLAHIPPBHJKKNHLIACLPOCJO; cart_goods_num=0; is_mobile=0; user_name=CE97ABaH71; fikker-GBup-EDAV=sFADLRQTu8KVYLJP3REKAM5Ka4E2Y6Qt; session_nname=jtfnqcd1b0j2ddh9onq16lkfe3; cart_returnUrl=3292500a4d0b4e83c87e96bcbcc7e6dee7d3523c%7Ehttp%3A%2F%2Fiosv200.restful.5lux.com%2Fgood%2Fdetail%2F7178306; fikker-EBMV-gBsT=Qj7fLZk0WFObuV1vel3Z1x7VA476OZSb; ASPSESSIONIDQQDTSQRB=IPFAPIFBBBADNNCGDMGCFALA',
  'host' => '159.75.70.173:5004',
  'q-sub-business' => 'contentsecurity',
  'user-agent' => 'Mozilla/5.0 (Windows NT 6.1; WOW64; rv:57.0) Gecko/20100101 Firefox/57.0',
  'content-type' => '',
  'content-length' => '',
)
[ info ] [ PARAM ] array (
  'id=15' => '',
)
[ info ] [ LANG ] /www/wwwroot/ishop/home/admin/app/admin/lang/zh-cn.php
[ info ] [ SESSION ] INIT array (
  'id' => '',
  'var_session_id' => '',
  'prefix' => 'think',
  'type' => '',
  'auto_start' => true,
)
[ info ] [ LOG ] INIT File
---------------------------------------------------------------
[ 2021-05-01T02:08:21+08:00 ] 10.0.12.14 182.254.52.17 GET /admin/index.php/login
[ info ] 159.75.70.173:5004/admin/index.php/login [运行时间：0.016145s][吞吐率：61.94req/s] [内存消耗：2,144.60kb] [文件加载：41]
[ info ] [ LANG ] /www/wwwroot/ishop/home/admin/think/lang/zh-cn.php
[ info ] [ ROUTE ] array (
  'type' => 'module',
  'module' => 
  array (
    0 => 'admin',
    1 => 'login',
    2 => 'index',
  ),
  'convert' => false,
)
[ info ] [ HEADER ] array (
  'accept' => 'text/html,application/xhtml+xml,application/xml;q=0.9,*/*;q=0.8',
  'accept-encoding' => 'gzip',
  'cookie' => '.ASPXANONYMOUS=Cl2hjnx01wEkAAAAMDgwZTRlMTQtNzQ2NC00YmViLWJiZDktZTY4MjAwZWFiYTY5hfdcmYRjniGftc-RbgOB02l6aq03gnS4FcZu7Q3Dd6U1; 2byb_2132_lastact=1619801280%09home.php%09; 2byb_2132_lastvisit=1619797680; 2byb_2132_pc_size_c=0; 2byb_2132_saltkey=i8jpyb40; 2byb_2132_sid=e25Rue; 3C05_2132_lastact=1619790694%09forum.php%09; 3C05_2132_lastvisit=1619787094; 3C05_2132_saltkey=CXF2z1FP; 3C05_2132_sid=fCgO4Y; 553b2_c_stamp=1619794047; 553b2_lastpos=T43095; 553b2_lastvisit=0%091619794047%09%2Fread.php%3Ftid-43095-fpage-5-page-2.html; 5d6fb81d1f871a290099d01c15e4d68d=20f6425ac2643c92596f047217084f46eff46837s%3A18%3A%22%2Fyigui%2Fp15315.html%22%3B; 6Bh1_2132_lastact=1619780763%09forum.php%09viewthread; 6Bh1_2132_lastvisit=1619777163; 6Bh1_2132_saltkey=eMBfVbXX; 6Bh1_2132_st_p=0%7C1619780763%7C91571524686d3cf38a84dee26ab97230; 6Bh1_2132_viewid=tid_29646; 6Bh1_2132_visitedfid=55; 83hE_2132_lastact=1619774805%09forum.php%09viewthread; 83hE_2132_lastvisit=1619771205; 83hE_2132_saltkey=hmUBKQvf; 83hE_2132_sid=aO3hjK; 83hE_2132_st_p=0%7C1619774805%7Cf7f78d7034443fa02a163bcb2fb0f7d2; 83hE_2132_viewid=tid_21534; 83hE_2132_visitedfid=63; 96519_lastpos=index; 96519_lastvisit=0%091619793336%09%2Fbbs%2Findex.php%2Fimage%2Fthewei-pw1%2Findex%2Fsimple%2Fimage%2Fimage%2Fhot%2Fimage%2Fhot%2Findex.php%3Fonline-yes.html; 96519_ol_offset=22019; 9m75_2132_lastact=1619798861%09forum.php%09viewthread; 9m75_2132_lastvisit=1619795261; 9m75_2132_saltkey=GA2s9l6l; 9m75_2132_sid=bOPOmC; 9m75_2132_st_p=0%7C1619798861%7C80b76b43701006d23beed19282620d06; 9m75_2132_viewid=tid_25386; 9m75_2132_visitedfid=59; __AntiXsrfToken=bcfe248d09d64dada85950297bd216bd; __jsluid_h=f708c7d2ae5c0a1491259d1fec1d2e7d; __pid__=129B3DF480A14B; __puno__=54C164A2D5FC11F457E9A4B015E8E7; __RequestVerificationToken=-rElTVTPbbYG1ryYlDLLks5Tghle7KjTtMvMEKA5Ny251W3uEhcdxQaUJRS65-d9Z26ip_eZnD9_M5JeqoES5ua2hFqddQFCM5DFOZH9bI41; __secdyid=b950c2313db27a0858723799598efe9cdcc26a3db314f31d021619782791; __tads_uuid=1154D-00608BF927; _csrf=07a110fadd441a149ef7df376a39c0a2fca3eafbe27cae2de727cd790abd6ed4a%3A2%3A%7Bi%3A0%3Bs%3A5%3A%22_csrf%22%3Bi%3A1%3Bs%3A32%3A%22giUmcM3nYz_1VO5RtSsbSjf6JhB6-8D6%22%3B%7D; _csrf-frontend=76edf67c14b6f0f017f3e82a3189c5a475ca16d207b65b7139c2b93e1e20bc10a%3A2%3A%7Bi%3A0%3Bs%3A14%3A%22_csrf-frontend%22%3Bi%3A1%3Bs%3A32%3A%22oCCUFAj19namdE3OLga0wjo7_KSJYjMh%22%3B%7D; _d_id=641c43ccaefa431fa309735f44f36a; _ismobile=0; _wp_session=BAh7B0kiD3Nlc3Npb25faWQGOgZFVEkiJTIwYzdmNjk0MzAzMTQxNmJhYjEwNDMxM2M0MzM3ZGVhBjsAVEkiEHN1cHBsaWVyX2lkBjsARkkiCjc5NjM5BjsAVA%3D%3D--081f40ef3ea2859b7276b7a679b9b39d42ce8dfd; _xsrf=2|600ec83a|9f9a29045a38933d3d42127230c4fb8b|1619776982; ABTEST=1|1619780957|v1; admin_lang=cn; alRL_2132_lastact=1619800492%09forum.php%09viewthread; alRL_2132_lastvisit=1619796892; alRL_2132_saltkey=qndKah13; alRL_2132_sid=u6KIie; alRL_2132_st_p=0%7C1619800492%7Cd2db86315f1e1acf0249e8087cf6ab5e; alRL_2132_viewid=tid_3187734; alRL_2132_visitedfid=2; ASP.NET_SessionId=t4dx3rz2gamhzolsetx0y4cx; ASPSESSIONIDAACQBAQT=HFLKPFKBEOKHDHDPHEANBDNK; ASPSESSIONIDAARARBCQ=NICPDBJBJJFJNONGGNDPNJPC; ASPSESSIONIDAATABDBB=FLEAJKKBCMOEDALMNHEICEEH; ASPSESSIONIDACRTQQSQ=AMDIKBGBGKFCHFFKJLKADOJO; ASPSESSIONIDAQCBQBQD=PAMELFEBKILABBMLNLHIEHCF; ASPSESSIONIDAQCBRTDQ=ELCBGOOBGADAKLGHEAAKKMEF; ASPSESSIONIDAQQARQDC=FECPOFCBNKOCCNLBGPMDGKEN; ASPSESSIONIDASDRQSAS=LDJMFAIBIPHKIIDIMBMODEBE; ASPSESSIONIDCASRCDDS=AGKOGGGBPPJDKLBMPNDIBJGG; ASPSESSIONIDCATDAATR=GHLJNGFBJCPKKHBDJDCAKMCD; ASPSESSIONIDCCARATBB=AFIAFJACNIEPDANIPBIBKAMP; ASPSESSIONIDCCARCBTS=DCGNDPMBBLHGIKHMLGAEAKJA; ASPSESSIONIDCCTDRBDR=ACJPGNPBAFCNKLJEGPHCBECM; ASPSESSIONIDCQSADCBB=BGMJHOKBPPMFPMCAJAEMBBMH; ASPSESSIONIDCSASTTTC=DIJLLHBCFMAOEFJFGPOKANIO; ASPSESSIONIDQABDBCAD=EIKGBOGBECLGLFLAOPPPOFJM; ASPSESSIONIDQAQCATSQ=DMPDDGJBOGDBPIEJDFHABDNO; ASPSESSIONIDQCBBBTTD=IPIMAMIBLGDNBLMDNABHNFIF; ASPSESSIONIDQQAAQBQS=HNDLBMPBONOIFCGNFEIEMPIN; ASPSESSIONIDQQARABAA=DHJOOJNBNKDGMCAGMOANIHBA; ASPSESSIONIDQQBBRCRB=HGFABMFBHOBDDOONLFHLPPMI; ASPSESSIONIDQQBCRAQS=AOGDKKPBJLGLPJLPGDCGDIKL; ASPSESSIONIDQQCSTSSD=HOFBLKOBAFMOODMDHFAJGPKB; ASPSESSIONIDQQDDQRRS=DNJHNGMBFNKHNPFCMIKKENDE; ASPSESSIONIDQQDTSQRB=IPFAPIFBBBADNNCGDMGCFALA; ASPSESSIONIDQQRTCSBC=NDMEODACAFDEKOLMKNPGAHPH; ASPSESSIONIDQSBDQSQB=GIAPKGMBJPOMOHGIKDDCAPKN; ASPSESSIONIDQSBQSSSD=MKHNOLBCMNBHOCAOLLOGMGKG; ASPSESSIONIDQSSSTBCD=EKOKLDACEKDNGBJJJFCMCBLG; ASPSESSIONIDSAASQQDA=GLAHIPPBHJKKNHLIACLPOCJO; ASPSESSIONIDSACQQRCQ=FFDOKJGBAGGMKKGJAGPDBLBE; ASPSESSIONIDSACQTCTS=FJDHOEJBCHLEAHHCPOLBBPNA; ASPSESSIONIDSARBSDSA=EBFLGKEBIOJLBKLCOKFANKMN; ASPSESSIONIDSASBBBAS=IKACMFPBICFKEGFLFHAIGNDP; ASPSESSIONIDSATBBRCQ=CBCEIIGBKOOBLENOGBJOLNJJ; ASPSESSIONIDSCCDRRAQ=FEMJFDKBLBJONNAHNDECCDHM; ASPSESSIONIDSCDAADSB=LMGDAMGBFGCBEHIEKBDMCKAN; ASPSESSIONIDSQRQQDDC=NMCDGHPBKOBIOMIKMDLAGNDF; ASPSESSIONIDSQRSQDCB=NHBABPPBDJPDJJHMJGAFCGLN; ASPSESSIONIDSQRSSACD=AJJJPAPBDIMIDFCOHAKPMGAM; ASPSESSIONIDSSSBARDB=CNFFIHPBPDDLIAMDCEHBMPJK; ASPSESSIONIDSSSTSAAD=MFHAHGOBKDICDANKNDILBKHA; AUSHOP_sid=9443955a5ddfd5eba70360c9f7bc947a; baiduseo_data_alt=%7B%22book%22%3A%22seo_alt_auto%22%7D; baiduseo_data_category=%7B%22book%22%3A%22baiduseo_category%22%7D; baiduseo_data_tag=%7B%22book%22%3A%22baiduseo_tag_manage%22%7D; beegosessionID=3fbbbf85956ff9efa78fabec2fcb46fc; BIGipServermember.med66.com=721500938.20480.0000; BIGipServerpool_m.med66.com=687946506.20480.0000; biz_key=xretail; BT_PANEL=fb8606c0f3ddefd61439d225c6fafe34b536b7d0; BT_PANEL_6=b102e8d2-e5d2-434c-ab13-51447a1ccc18.FZ6cjHtGRt4ZMsZpd3sqqWlyna0; bu_session_=iq6af4s3j69hmk14j6iv1irueahrjs7j; c2u_mobile=pc; cart_goods_num=0; cart_returnUrl=3292500a4d0b4e83c87e96bcbcc7e6dee7d3523c%7Ehttp%3A%2F%2Fiosv200.restful.5lux.com%2Fgood%2Fdetail%2F7178306; cdb_sid=FCTZt6; cityInfo=think%3A%7B%22id%22%3A%221%22%2C%22name%22%3A%22%25E6%25B6%25BF%25E5%25B7%259E%22%2C%22lng%22%3A%22116.0107980218%22%2C%22lat%22%3A%2239.491586132869%22%2C%22domain%22%3A%22zhuozhou%22%2C%22seo_title%22%3A%22%22%2C%22seo_keys%22%3A%22%22%2C%22seo_desc%22%3A%22%22%7D; cm_recent_posts=a%3A1%3A%7Bi%3A0%3Bi%3A23049%3B%7D; cnc_mobile=touch; cof_city=246%7Chttp%3A%2F%2Fzh.fangsk.net%2F; cookiehistory=/5C3aZzKv0k=; cum_mobile=touch; cyh_lastvisit=0a88lqKSo5tRUAFfKOGkiQ0IrzasM2Kp4IDbOK56WaELPxRiJYTCHR-P-N; Dc0_city=9%7Chttps%3A%2F%2Fwww.mcfang.cn%2F; discuz_2132_forum_lastvisit=D_12_1619782237; discuz_2132_lastact=1619782237%09forum.php%09forumdisplay; discuz_2132_lastvisit=1619778637; discuz_2132_pc_size_c=0; discuz_2132_saltkey=Vyouoaut; discuz_2132_sid=Ij1sZt; discuz_2132_st_t=0%7C1619782237%7C46805ba11438123d0548fed011ba7874; discuz_2132_visitedfid=12; djpk_2132_lastact=1619779033%09forum.php%09viewthread; djpk_2132_lastvisit=1619775433; djpk_2132_saltkey=bxv8ud76; djpk_2132_st_p=0%7C1619779033%7C6c702644021567b245e0aaa228db5018; djpk_2132_viewid=tid_280269; djpk_2132_visitedfid=152; ds_session=7u5htvr3ed4iq6o8dbgp3a1s5fdsak09; ecology_JSessionid=aaaJW6GwVCPKq9QzyOLvx; ECS_ID=326c665e47a12af1d984fd19b0aaaa157b80f7c4; ecsid=3b7b820a335eb0bb615828d07e3695aad34ad2f4; etRj_2132_lastact=1619774539%09forum.php%09viewthread; etRj_2132_lastvisit=1619770939; etRj_2132_saltkey=MhPVsX9P; etRj_2132_sid=bc3s9C; etRj_2132_st_p=0%7C1619774539%7Cd97274339d06eaed71ceaf35decbfefe; etRj_2132_viewid=tid_2269067; etRj_2132_visitedfid=5; ff1Z_2132_lastact=1619784318%09plugin.php%09; ff1Z_2132_lastvisit=1619780718; ff1Z_2132_saltkey=zO1lg14G; ff1Z_2132_sid=diUMNi; fikker-EBMV-gBsT=Qj7fLZk0WFObuV1vel3Z1x7VA476OZSb; fikker-GBup-EDAV=sFADLRQTu8KVYLJP3REKAM5Ka4E2Y6Qt; fingerprint=5a7d9a47c03eebaa374bb08f4933671a; FOOTPRINT=834060%2C875447; FS_4470736058=1619778953; ft=1; g2643511893=t2018-02-14+10%3A03%3A01; g8cD_2132_lastact=1619787688%09misc.php%09; g8cD_2132_lastvisit=1619784088; g8cD_2132_saltkey=W3sVH2VA; g8cD_2132_sid=LSiT8k; geturl=%2Fdispbbs%2Easp%3Fboardid%3D268%26id%3D106957%26page%3D0%26move%3Dpre; guestId=6618aa4b-bdb2-40cc-8f25-e59147238d7e; guolvUserToken=38591a72-8d65-4225-80bc-ab1ad2da48cd; h3bc_2132_lastact=1619783705%09forum.php%09viewthread; h3bc_2132_lastvisit=1619780105; h3bc_2132_saltkey=uEW8z2aM; h3bc_2132_sid=eYe4yt; h3bc_2132_st_p=0%7C1619783705%7C816f4c5adbdc23b15e4df3aa1a722d13; h3bc_2132_viewid=tid_126340; hnyHkdu5_2132_lastvisit=1619777531; hnyHkdu5_2132_sessionid=1620295535; home_lang=cn; hzsessionid=878812a36cd4d5479197021e22192f8a; InitSiteID=77309; IPLOC=CN1200; is_mobile=0; IsDefaultLang=1; J7Bx_2132_lastact=1619788794%09forum.php%09viewthread; J7Bx_2132_lastvisit=1619785194; J7Bx_2132_saltkey=LchXAku1; J7Bx_2132_sid=LgP9Yq; J7Bx_2132_st_p=0%7C1619788794%7C634d84313acf8e945a8e1aff8bb0ee7c; J7Bx_2132_viewid=tid_8227; J7Bx_2132_visitedfid=63; JBuC_2132_lastact=1619780627%09forum.php%09viewthread; JBuC_2132_lastvisit=1619777027; JBuC_2132_saltkey=AQf2rOO3; JBuC_2132_sid=A36mO7; JBuC_2132_st_p=0%7C1619780627%7Ca5b8ac1d0df1b7eabfdac54db735204a; JBuC_2132_viewid=tid_5983; JBuC_2132_visitedfid=17; jJTg_2132_lastact=1619773971%09forum.php%09viewthread; jJTg_2132_lastvisit=1619770371; jJTg_2132_saltkey=jyYIX58Q; jJTg_2132_sid=Aw9R3N; jJTg_2132_st_p=0%7C1619773971%7Ce1fddaf365827a7839f14335f74614cc; jJTg_2132_viewid=tid_137; jJTg_2132_visitedfid=40; JSESSIONID=021A1EB6B4E09754DE9D4DE346F1653B; kuxin_history=63%2C522%7C14329%2C61; kW05_2132_lastact=1619796611%09home.php%09; kW05_2132_lastvisit=1619793011; kW05_2132_saltkey=QidPqdVD; kW05_2132_sid=y86ib2; Lang=cn; language=ENGLISH; laravel_session=eyJpdiI6InFkbW80Zm43MDV2T1JqNXZNdmlBZGc9PSIsInZhbHVlIjoid2dvTEhGYWNQZXlmMndzblZocVpDczlheXRzNEVRb3NcL00rWUVIYXRjYWJBekI5M3ZVNk1UdUNWY1MwR29cL1dTZFVmZUN2N3dLOTZRNURURHdjZUhaUT09IiwibWFjIjoiZGJiZWQ0ZDRiZWE2MWNlMTY2ZGYwZGJhNmY4NWRiNGE3ZDgyNGM1YTg1MGY4MjQ2MDlkMDAzZDIwYmI2MTc0OSJ9; lastfid=0; lastvisit=6551%091619779832%09%2Fsimple%2Findex.php%3Ft648373.html%26; lf___forward__=%2Fall%2Fid%2F4%2Forder%2Fhits_month%2Bdesc%2Fupdate%2F1%2Fsize%2F2.html; liketrue=1; lkMq_2132_lastact=1619801422%09forum.php%09viewthread; lkMq_2132_lastvisit=1619797822; lkMq_2132_saltkey=sggqpqE8; lkMq_2132_sid=PPPBYM; lkMq_2132_viewid=tid_117444; lkMq_2132_visitedfid=3; mid=cXhfhy; MyCity=%C4%CF%C4%FE; MyCityBM=%3Cdiv+class%3Dbmdiv%3E%3Cul%3E%3Cli+class%3Dbm%5Fred%3E%D2%BA%BB%AF%C6%F8%A3%BA%D5%D0%C9%CC%D6%D0%3C%2Fli%3E%3Cli+class%3Dbm%5Fred%3E%BF%ED%B4%F8%B0%B2%D7%B0%A3%BA%D5%D0%C9%CC%D6%D0%3C%2Fli%3E%3Cli%3E%BC%D2%D5%FE%B1%A3%BD%E0%A3%BA%D5%D0%C9%CC%D6%D0%3C%2Fli%3E%3Cli+class%3Dbm%5Fred%3E%B3%E8%CE%EF%D2%BD%D4%BA%A3%BA%D5%D0%C9%CC%D6%D0%3C%2Fli%3E%3Cli%3E%C9%E3%D3%B0%CF%B4%CF%E0%A3%BA%D5%D0%C9%CC%D6%D0%3C%2Fli%3E%3Cli%3E%B4%BF%BE%BB%CB%AE%A3%BA%D5%D0%C9%CC%D6%D0%3C%2Fli%3E%3Cli%3E%B5%E7%C4%D4%CE%AC%D0%DE%A3%BA%D5%D0%C9%CC%D6%D0%3C%2Fli%3E%3Cli%3E%C6%FB%B3%B5%CE%AC%D0%DE%A3%BA%D5%D0%C9%CC%D6%D0%3C%2Fli%3E%3C%2Ful%3E%3C%2Fdiv%3E; MyCityEng=nn; MyCityLogo=http%3A%2F%2Fwww%2Etijian123%2Ecom%2Fimages%2Flogo%2Egif; MyCityTempID=0; mysid=a935424f86bb62c3c2f0d3eef3fdb23a; nouid=608bdf63b0cb13602; nvhm_2132_home_readfeed=1619778243; nvhm_2132_lastact=1619778243%09home.php%09; nvhm_2132_lastvisit=1619774643; nvhm_2132_saltkey=kHCz84i4; nvhm_2132_sid=PuYGyu; O13Q_2132_lastact=1619800040%09forum.php%09viewthread; O13Q_2132_lastvisit=1619796440; O13Q_2132_saltkey=iNAkT7T7; O13Q_2132_st_p=0%7C1619800040%7Cbb8797893321759b2c04788c8dc1755c; O13Q_2132_viewid=tid_62283; O13Q_2132_visitedfid=22; o8My_2132_home_readfeed=1619780436; o8My_2132_lastact=1619780436%09home.php%09; o8My_2132_lastvisit=1619776836; o8My_2132_saltkey=akePSt1d; o8My_2132_sid=FZzaMN; ol_offset=475397; PHPSESSID=240cda2edc61471af015e6bb2d2390da8b9dd423; PlatVisitCount=c3VHNnR3eHRSdVJFOVROalNDVXRKZSsvb0lzRlYvQmhmZ3BIUXFST0FsUT0=; PTCMS_history=1648%2C601%7C37722%2C31%7C162271%2C1121%7C1257%2C1024%7C38424%2C438; pvp__Session=3b95girip7ghqqoljj5db70fb2; pvStime=D807D0F5A8E29147535A; pvTimes=D8; qhXr_2132_lastact=1619773256%09plugin.php%09; qhXr_2132_lastvisit=1619769656; qhXr_2132_saltkey=tpD7b1zs; qhXr_2132_sid=EuMgF2; real_ipd=182.254.52.17; rh8h_2132_lastact=1619786899%09forum.php%09viewthread; rh8h_2132_lastvisit=1619782609; rh8h_2132_saltkey=Z4s6kooD; rh8h_2132_st_p=0%7C1619786899%7Ce7e131940df81b340c49ca42ce136912; rh8h_2132_viewid=tid_3553789; rh8h_2132_visitedfid=3D25; route=a07eb972b772c779f29f4f7458cc0dad; s2ec4a384=joou9sjf3i98nbbs1ibnkokqp4; sc9a0665d=50d68j7hf21p335arrh55gju0l; security_session_verify=e8f454a9e9239ba1ec7120ddc335c186; seedcode=34672395; Session=t4dx3rz2gamhzolsetx0y4cx; session_id=240cda2edc61471af015e6bb2d2390da8b9dd423; session_nname=jtfnqcd1b0j2ddh9onq16lkfe3; session_prefix=f8b804f855e7dd91b8ad562606c0eb16; SESSIONID=0f7b259f-8fac-43b3-a81a-6f4027ea9f9a.ZVucBVLdfPEEHVrl4abusjHdFXY; SHOPEX_SID_MEMBER=d720d868499b6404783d1855801fe9c4; SID=570b9d199a0b2dabc86ac9a2227a902c; sign=FF1BC0E9B003A8B79EED3A0879F7D269; sitepath=%2F; SiteType=1; stb_session=LmLgykCsw28GYozNpENdvo%2Bu6y1R%2B5%2FNQSDPOXjyq5%2Fsk4bBvf1wFSUpOXG%2FaVVbA%2F0qqNZ8GaT2vtFHjN9rUr%2Bf65dcZLDPvPST0KG8eGqVl8s5liwLJRnWuQQ4aMLU4bIdtxfLtMS7E%2FdbxXbQNCmNUIBERj6TtAunSiR952y0%2Byhgw%2BRBSajZWIvqxR2QItocTL4si1vbX20RLAP90gbpJUq4S89JxSuVNgbWBXiO%2BXR7hTk%2BkwTsNtu3b3jFLOPDwMeniJs%2FIkWiuOJNt%2FT341i%2BGqaQUjqJnQ%2BQaTMPlw7i9dNCIbpHi2CtlQOEJYvTIh0Maijey6KvGRint0iARSJ0R4U1WhnPy9Xn9mzK9MixWPCGZxXcqZIg1wDmYpNy5c78%2BGt2snBgcQiShM9c7859i%2F4u5t4KVeHs7BA%3D; supe_supe_refresh_articles=0_259929; t0em_2132_lastact=1619774050%09forum.php%09viewthread; t0em_2132_lastvisit=1619770450; t0em_2132_saltkey=WLWH717n; t0em_2132_sid=mN9QQB; Tc18GQ8t_2132_lastvisit=1619774421; Tc18GQ8t_2132_sessionid=1462226611; think_template=default; timestamp=1619777523000; TNpt_2132_lastact=1619779843%09forum.php%09viewthread; TNpt_2132_lastvisit=1619776243; TNpt_2132_saltkey=BQxIEMxJ; TNpt_2132_st_p=0%7C1619779843%7C2919df2a67c3d3c67da6288c97748f33; TNpt_2132_viewid=tid_34189; TNpt_2132_visitedfid=40; tp_sid=e2a179697820d264; tradeLdc=NJYH; twUl6kj_is_mobile=0; user_name=CE97ABaH71; user_sid=c74f545d2b; USR=jl5d2iry%090%091619795470%09http%3A%2F%2Fwww.lwbike.cn%2Fdo%2Falonepage.php%3Fid%253D7; uyjJ_2132_lastact=1619793069%09index.php%09viewthread; uyjJ_2132_lastvisit=1619789469; uyjJ_2132_saltkey=UNw66P3P; uyjJ_2132_sid=U7hn0s; vds=gaLRNVOMtzoSbHtzEKEgEFyjyVIMnVLMNpGkOjtWQgGWnpmAPkokiVogakNH; VDSSKEY=njvnon8e2s5ejpl1kjar37uuc1; vierge%5FShops=NmUserName=2021043018080929WW; visittimes_0=3; VyPM_2132_home_diymode=1; VyPM_2132_lastact=1619780035%09forum.php%09viewthread; VyPM_2132_lastvisit=1619774512; VyPM_2132_saltkey=Y99MVvth; VyPM_2132_sid=m4AWsq; VyPM_2132_st_p=0%7C1619780035%7C614d130407262d026bf64616a4a07142; VyPM_2132_viewid=tid_1001219; VyPM_2132_visitedfid=215; wordpress_test_cookie=WP%20Cookie%20check; WUserID=16158745182124; X_CACHE_KEY=710fe8121d74ce37ab21c440950a8714; xmplp_session=eyJpdiI6IlFJS3JJbFRMNmdIQkhhSG9vSkxYa1E9PSIsInZhbHVlIjoieEhvRnhNRjhpMDhCdHNpaWdqXC8xVEY3TnJDNWRhRE5GYUhOaWFmb3poVWNJZThEZ3ArM3ZoYURXRTZXRklZWjk3NTNWWEdrTXFhcEJnZTNSWmw1XC9mZz09IiwibWFjIjoiOWMyMjg2MmFmM2E0ZWVkYTIzOTdmN2Y1MjNhOWE3Yzc2OTZiNGZhYmUzZjY4YTMzYjFiNzI4ZDA1ZDAyMjViNyJ9; xpcvb_siteid=780fkP8u5ZbuyByesNThXIOsBsZrM-SwcyR336Sm; XSRF-TOKEN=eyJpdiI6ImdTVmFpZ0M1YzE5V3BzWGVYcDRBNlE9PSIsInZhbHVlIjoianpNSmRHckw3dlRNQmp0cjgxTjlHT3pyMFJwWUFVWXh5enYweEpGU1NOM0srazBmVER1b0lcL1hpK2dBM0FcL3VoZVJRQ0hoK0xFcnluNUswakFvbytJQT09IiwibWFjIjoiMzM5OTc2ODZiMjk4OTM2YWY1MzJkYmRiNTViMzhjMGY0YzhhYjliYjVmOWRmYjU4OWViOTYzYTk2ZjI0MGY1OSJ9; YII_CSRF_TOKEN=147daec61745ad34cd39e0debcb638338e9565e7s%3A40%3A%2275d2a1254d3f3877ddcaf4c83af482fafc57777d%22%3B; youdianinfo_historycn=41733-204; yunsuo_session_verify=7c3fd910f02b3755408c39f4e90bfa28; yz_site=isSite; z0PU_2132_lastact=1619782001%09forum.php%09viewthread; z0PU_2132_lastvisit=1619778401; z0PU_2132_saltkey=L8sk8sF8; z0PU_2132_sid=dr0zOC; z0PU_2132_st_p=0%7C1619782001%7C226c9aebab49ff6643e469418b7dde36; z0PU_2132_viewid=tid_112609; z0PU_2132_visitedfid=44; ZDEDebuggerPresent="php,phtml,php3"',
  'host' => '159.75.70.173:5004',
  'q-sub-business' => 'contentsecurity',
  'referer' => 'http://159.75.70.173:5004/admin/index.php/admin/order/edit.html?id%3D15',
  'user-agent' => 'Mozilla/5.0 (Windows NT 6.1; WOW64; rv:57.0) Gecko/20100101 Firefox/57.0',
  'content-type' => '',
  'content-length' => '',
)
[ info ] [ PARAM ] array (
)
[ info ] [ LANG ] /www/wwwroot/ishop/home/admin/app/admin/lang/zh-cn.php
[ info ] [ SESSION ] INIT array (
  'id' => '',
  'var_session_id' => '',
  'prefix' => 'think',
  'type' => '',
  'auto_start' => true,
)
[ info ] [ RUN ] app\admin\controller\Login->index[ /www/wwwroot/ishop/home/admin/app/admin/controller/Login.php ]
[ info ] [ VIEW ] /www/wwwroot/ishop/home/admin/app/admin/view/login/index.html [ array (
) ]
[ info ] [ LOG ] INIT File
