---------------------------------------------------------------
[ 2021-05-05T21:11:32+08:00 ] 10.0.12.14 121.32.50.209 GET /admin/index.php/login
[ info ] 159.75.70.173:5004/admin/index.php/login [运行时间：0.016185s][吞吐率：61.79req/s] [内存消耗：2,098.90kb] [文件加载：41]
[ info ] [ LANG ] /www/wwwroot/ishop/home/admin/think/lang/zh-cn.php
[ info ] [ ROUTE ] array (
  'type' => 'module',
  'module' => 
  array (
    0 => 'admin',
    1 => 'login',
    2 => 'index',
  ),
  'convert' => false,
)
[ info ] [ HEADER ] array (
  'host' => '159.75.70.173:5004',
  'connection' => 'keep-alive',
  'upgrade-insecure-requests' => '1',
  'user-agent' => 'Mozilla/5.0 (Windows NT 10.0; Win64; x64) AppleWebKit/537.36 (KHTML, like Gecko) Chrome/88.0.4324.96 Safari/537.36',
  'accept' => 'text/html,application/xhtml+xml,application/xml;q=0.9,image/avif,image/webp,image/apng,*/*;q=0.8,application/signed-exchange;v=b3;q=0.9',
  'accept-encoding' => 'gzip, deflate',
  'accept-language' => 'zh-CN,zh;q=0.9',
  'content-type' => '',
  'content-length' => '',
)
[ info ] [ PARAM ] array (
)
[ info ] [ LANG ] /www/wwwroot/ishop/home/admin/app/admin/lang/zh-cn.php
[ info ] [ SESSION ] INIT array (
  'id' => '',
  'var_session_id' => '',
  'prefix' => 'think',
  'type' => '',
  'auto_start' => true,
)
[ info ] [ RUN ] app\admin\controller\Login->index[ /www/wwwroot/ishop/home/admin/app/admin/controller/Login.php ]
[ info ] [ VIEW ] /www/wwwroot/ishop/home/admin/app/admin/view/login/index.html [ array (
) ]
[ info ] [ LOG ] INIT File
---------------------------------------------------------------
[ 2021-05-05T21:11:32+08:00 ] 10.0.12.14 121.32.50.209 GET /admin/index.php/captcha.html
[ info ] 159.75.70.173:5004/admin/index.php/captcha.html [运行时间：0.016439s][吞吐率：60.83req/s] [内存消耗：1,709.40kb] [文件加载：32]
[ info ] [ LANG ] /www/wwwroot/ishop/home/admin/think/lang/zh-cn.php
[ info ] [ ROUTE ] array (
  'type' => 'method',
  'method' => 
  array (
    0 => '\\think\\captcha\\CaptchaController',
    1 => 'index',
  ),
  'var' => 
  array (
  ),
)
[ info ] [ HEADER ] array (
  'host' => '159.75.70.173:5004',
  'connection' => 'keep-alive',
  'user-agent' => 'Mozilla/5.0 (Windows NT 10.0; Win64; x64) AppleWebKit/537.36 (KHTML, like Gecko) Chrome/88.0.4324.96 Safari/537.36',
  'accept' => 'image/avif,image/webp,image/apng,image/svg+xml,image/*,*/*;q=0.8',
  'referer' => 'http://159.75.70.173:5004/admin/index.php/login',
  'accept-encoding' => 'gzip, deflate',
  'accept-language' => 'zh-CN,zh;q=0.9',
  'cookie' => 'PHPSESSID=l5s9jntpmnap20mdpedao18p42',
  'content-type' => '',
  'content-length' => '',
)
[ info ] [ PARAM ] array (
  'id' => NULL,
)
[ info ] [ RUN ] think\captcha\CaptchaController->index[ /www/wwwroot/ishop/home/admin/vendor/topthink/think-captcha/src/CaptchaController.php ]
[ info ] [ SESSION ] INIT array (
  'id' => '',
  'var_session_id' => '',
  'prefix' => 'think',
  'type' => '',
  'auto_start' => true,
)
[ info ] [ LOG ] INIT File
---------------------------------------------------------------
[ 2021-05-05T21:18:00+08:00 ] 10.0.12.14 121.32.50.209 GET /admin/index.php/login
[ info ] 159.75.70.173:5004/admin/index.php/login [运行时间：0.016639s][吞吐率：60.10req/s] [内存消耗：2,099.55kb] [文件加载：41]
[ info ] [ LANG ] /www/wwwroot/ishop/home/admin/think/lang/zh-cn.php
[ info ] [ ROUTE ] array (
  'type' => 'module',
  'module' => 
  array (
    0 => 'admin',
    1 => 'login',
    2 => 'index',
  ),
  'convert' => false,
)
[ info ] [ HEADER ] array (
  'host' => '159.75.70.173:5004',
  'connection' => 'keep-alive',
  'upgrade-insecure-requests' => '1',
  'user-agent' => 'Mozilla/5.0 (Windows NT 10.0; Win64; x64) AppleWebKit/537.36 (KHTML, like Gecko) Chrome/88.0.4324.96 Safari/537.36',
  'accept' => 'text/html,application/xhtml+xml,application/xml;q=0.9,image/avif,image/webp,image/apng,*/*;q=0.8,application/signed-exchange;v=b3;q=0.9',
  'accept-encoding' => 'gzip, deflate',
  'accept-language' => 'zh-CN,zh;q=0.9',
  'cookie' => 'PHPSESSID=l5s9jntpmnap20mdpedao18p42',
  'content-type' => '',
  'content-length' => '',
)
[ info ] [ PARAM ] array (
)
[ info ] [ LANG ] /www/wwwroot/ishop/home/admin/app/admin/lang/zh-cn.php
[ info ] [ SESSION ] INIT array (
  'id' => '',
  'var_session_id' => '',
  'prefix' => 'think',
  'type' => '',
  'auto_start' => true,
)
[ info ] [ RUN ] app\admin\controller\Login->index[ /www/wwwroot/ishop/home/admin/app/admin/controller/Login.php ]
[ info ] [ VIEW ] /www/wwwroot/ishop/home/admin/app/admin/view/login/index.html [ array (
) ]
[ info ] [ LOG ] INIT File
---------------------------------------------------------------
[ 2021-05-05T21:18:00+08:00 ] 10.0.12.14 121.32.50.209 GET /admin/index.php/captcha.html
[ info ] 159.75.70.173:5004/admin/index.php/captcha.html [运行时间：0.015400s][吞吐率：64.93req/s] [内存消耗：1,709.51kb] [文件加载：32]
[ info ] [ LANG ] /www/wwwroot/ishop/home/admin/think/lang/zh-cn.php
[ info ] [ ROUTE ] array (
  'type' => 'method',
  'method' => 
  array (
    0 => '\\think\\captcha\\CaptchaController',
    1 => 'index',
  ),
  'var' => 
  array (
  ),
)
[ info ] [ HEADER ] array (
  'host' => '159.75.70.173:5004',
  'connection' => 'keep-alive',
  'user-agent' => 'Mozilla/5.0 (Windows NT 10.0; Win64; x64) AppleWebKit/537.36 (KHTML, like Gecko) Chrome/88.0.4324.96 Safari/537.36',
  'accept' => 'image/avif,image/webp,image/apng,image/svg+xml,image/*,*/*;q=0.8',
  'referer' => 'http://159.75.70.173:5004/admin/index.php/login',
  'accept-encoding' => 'gzip, deflate',
  'accept-language' => 'zh-CN,zh;q=0.9',
  'cookie' => 'PHPSESSID=l5s9jntpmnap20mdpedao18p42',
  'content-type' => '',
  'content-length' => '',
)
[ info ] [ PARAM ] array (
  'id' => NULL,
)
[ info ] [ RUN ] think\captcha\CaptchaController->index[ /www/wwwroot/ishop/home/admin/vendor/topthink/think-captcha/src/CaptchaController.php ]
[ info ] [ SESSION ] INIT array (
  'id' => '',
  'var_session_id' => '',
  'prefix' => 'think',
  'type' => '',
  'auto_start' => true,
)
[ info ] [ LOG ] INIT File
---------------------------------------------------------------
[ 2021-05-05T21:18:07+08:00 ] 10.0.12.14 121.32.50.209 POST /admin/index.php/login.html
[ info ] 159.75.70.173:5004/admin/index.php/login.html [运行时间：0.028241s][吞吐率：35.41req/s] [内存消耗：3,637.59kb] [文件加载：54]
[ info ] [ LANG ] /www/wwwroot/ishop/home/admin/think/lang/zh-cn.php
[ info ] [ ROUTE ] array (
  'type' => 'module',
  'module' => 
  array (
    0 => 'admin',
    1 => 'login',
    2 => 'index',
  ),
  'convert' => false,
)
[ info ] [ HEADER ] array (
  'host' => '159.75.70.173:5004',
  'connection' => 'keep-alive',
  'content-length' => '43',
  'accept' => '*/*',
  'x-requested-with' => 'XMLHttpRequest',
  'user-agent' => 'Mozilla/5.0 (Windows NT 10.0; Win64; x64) AppleWebKit/537.36 (KHTML, like Gecko) Chrome/88.0.4324.96 Safari/537.36',
  'content-type' => 'application/x-www-form-urlencoded; charset=UTF-8',
  'origin' => 'http://159.75.70.173:5004',
  'referer' => 'http://159.75.70.173:5004/admin/index.php/login',
  'accept-encoding' => 'gzip, deflate',
  'accept-language' => 'zh-CN,zh;q=0.9',
  'cookie' => 'PHPSESSID=l5s9jntpmnap20mdpedao18p42',
)
[ info ] [ PARAM ] array (
  'username' => 'admin',
  'password' => '123456',
  'captcha' => 'zrzh',
)
[ info ] [ LANG ] /www/wwwroot/ishop/home/admin/app/admin/lang/zh-cn.php
[ info ] [ SESSION ] INIT array (
  'id' => '',
  'var_session_id' => '',
  'prefix' => 'think',
  'type' => '',
  'auto_start' => true,
)
[ info ] [ RUN ] app\admin\controller\Login->index[ /www/wwwroot/ishop/home/admin/app/admin/controller/Login.php ]
[ info ] [ DB ] INIT mysql
[ info ] [ LOG ] INIT File
[ sql ] [ DB ] CONNECT:[ UseTime:0.000801s ] mysql:dbname=ishop;host=127.0.0.1;port=3306;charset=utf8
[ sql ] [ SQL ] SHOW COLUMNS FROM `xgj_admin` [ RunTime:0.001461s ]
[ sql ] [ SQL ] SELECT * FROM `xgj_admin` WHERE  `username` = 'admin' LIMIT 1 [ RunTime:0.000272s ]
[ error ] [8]未定义数组索引: avatar[/www/wwwroot/ishop/home/admin/app/admin/model/Admin.php:12]
---------------------------------------------------------------
[ 2021-05-05T21:18:08+08:00 ] 10.0.12.14 121.32.50.209 GET /admin/index.php/index.html
[ info ] 159.75.70.173:5004/admin/index.php/index.html [运行时间：0.016677s][吞吐率：59.96req/s] [内存消耗：2,131.06kb] [文件加载：42]
[ info ] [ LANG ] /www/wwwroot/ishop/home/admin/think/lang/zh-cn.php
[ info ] [ ROUTE ] array (
  'type' => 'module',
  'module' => 
  array (
    0 => 'admin',
    1 => 'index',
    2 => 'index',
  ),
  'convert' => false,
)
[ info ] [ HEADER ] array (
  'host' => '159.75.70.173:5004',
  'connection' => 'keep-alive',
  'upgrade-insecure-requests' => '1',
  'user-agent' => 'Mozilla/5.0 (Windows NT 10.0; Win64; x64) AppleWebKit/537.36 (KHTML, like Gecko) Chrome/88.0.4324.96 Safari/537.36',
  'accept' => 'text/html,application/xhtml+xml,application/xml;q=0.9,image/avif,image/webp,image/apng,*/*;q=0.8,application/signed-exchange;v=b3;q=0.9',
  'referer' => 'http://159.75.70.173:5004/admin/index.php/login',
  'accept-encoding' => 'gzip, deflate',
  'accept-language' => 'zh-CN,zh;q=0.9',
  'cookie' => 'PHPSESSID=l5s9jntpmnap20mdpedao18p42',
  'content-type' => '',
  'content-length' => '',
)
[ info ] [ PARAM ] array (
)
[ info ] [ LANG ] /www/wwwroot/ishop/home/admin/app/admin/lang/zh-cn.php
[ info ] [ SESSION ] INIT array (
  'id' => '',
  'var_session_id' => '',
  'prefix' => 'think',
  'type' => '',
  'auto_start' => true,
)
[ info ] [ RUN ] app\admin\controller\Index->index[ /www/wwwroot/ishop/home/admin/app/admin/controller/Index.php ]
[ info ] [ VIEW ] /www/wwwroot/ishop/home/admin/app/admin/view/index/index.html [ array (
  0 => 'action',
  1 => 'controller',
  2 => 'menus',
) ]
[ info ] [ LOG ] INIT File
---------------------------------------------------------------
[ 2021-05-05T21:18:08+08:00 ] 10.0.12.14 121.32.50.209 GET /admin/index.php/admin/index/main.html
[ info ] 159.75.70.173:5004/admin/index.php/admin/index/main.html [运行时间：0.015509s][吞吐率：64.48req/s] [内存消耗：2,046.52kb] [文件加载：41]
[ info ] [ LANG ] /www/wwwroot/ishop/home/admin/think/lang/zh-cn.php
[ info ] [ ROUTE ] array (
  'type' => 'module',
  'module' => 
  array (
    0 => 'admin',
    1 => 'index',
    2 => 'main',
  ),
)
[ info ] [ HEADER ] array (
  'host' => '159.75.70.173:5004',
  'connection' => 'keep-alive',
  'upgrade-insecure-requests' => '1',
  'user-agent' => 'Mozilla/5.0 (Windows NT 10.0; Win64; x64) AppleWebKit/537.36 (KHTML, like Gecko) Chrome/88.0.4324.96 Safari/537.36',
  'accept' => 'text/html,application/xhtml+xml,application/xml;q=0.9,image/avif,image/webp,image/apng,*/*;q=0.8,application/signed-exchange;v=b3;q=0.9',
  'referer' => 'http://159.75.70.173:5004/admin/index.php/index.html',
  'accept-encoding' => 'gzip, deflate',
  'accept-language' => 'zh-CN,zh;q=0.9',
  'cookie' => 'skin=0; PHPSESSID=l5s9jntpmnap20mdpedao18p42',
  'content-type' => '',
  'content-length' => '',
)
[ info ] [ PARAM ] array (
)
[ info ] [ LANG ] /www/wwwroot/ishop/home/admin/app/admin/lang/zh-cn.php
[ info ] [ SESSION ] INIT array (
  'id' => '',
  'var_session_id' => '',
  'prefix' => 'think',
  'type' => '',
  'auto_start' => true,
)
[ info ] [ RUN ] app\admin\controller\Index->main[ /www/wwwroot/ishop/home/admin/app/admin/controller/Index.php ]
[ info ] [ VIEW ] /www/wwwroot/ishop/home/admin/app/admin/view/index/main.html [ array (
  0 => 'action',
  1 => 'controller',
) ]
[ info ] [ LOG ] INIT File
---------------------------------------------------------------
[ 2021-05-05T21:18:15+08:00 ] 10.0.12.14 121.32.50.209 GET /admin/index.php/admin/Product/index.html
[ info ] 159.75.70.173:5004/admin/index.php/admin/Product/index.html [运行时间：0.038339s][吞吐率：26.08req/s] [内存消耗：3,148.07kb] [文件加载：49]
[ info ] [ LANG ] /www/wwwroot/ishop/home/admin/think/lang/zh-cn.php
[ info ] [ ROUTE ] array (
  'type' => 'module',
  'module' => 
  array (
    0 => 'admin',
    1 => 'Product',
    2 => 'index',
  ),
)
[ info ] [ HEADER ] array (
  'host' => '159.75.70.173:5004',
  'connection' => 'keep-alive',
  'upgrade-insecure-requests' => '1',
  'user-agent' => 'Mozilla/5.0 (Windows NT 10.0; Win64; x64) AppleWebKit/537.36 (KHTML, like Gecko) Chrome/88.0.4324.96 Safari/537.36',
  'accept' => 'text/html,application/xhtml+xml,application/xml;q=0.9,image/avif,image/webp,image/apng,*/*;q=0.8,application/signed-exchange;v=b3;q=0.9',
  'referer' => 'http://159.75.70.173:5004/admin/index.php/index.html',
  'accept-encoding' => 'gzip, deflate',
  'accept-language' => 'zh-CN,zh;q=0.9',
  'cookie' => 'skin=0; PHPSESSID=l5s9jntpmnap20mdpedao18p42',
  'content-type' => '',
  'content-length' => '',
)
[ info ] [ PARAM ] array (
)
[ info ] [ LANG ] /www/wwwroot/ishop/home/admin/app/admin/lang/zh-cn.php
[ info ] [ SESSION ] INIT array (
  'id' => '',
  'var_session_id' => '',
  'prefix' => 'think',
  'type' => '',
  'auto_start' => true,
)
[ info ] [ RUN ] app\admin\controller\Product->index[ /www/wwwroot/ishop/home/admin/app/admin/controller/Product.php ]
[ info ] [ DB ] INIT mysql
[ info ] [ VIEW ] /www/wwwroot/ishop/home/admin/app/admin/view/product/index.html [ array (
  0 => 'action',
  1 => 'controller',
  2 => 'productTypeList',
) ]
[ info ] [ LOG ] INIT File
[ sql ] [ DB ] CONNECT:[ UseTime:0.000959s ] mysql:dbname=ishop;host=127.0.0.1;port=3306;charset=utf8
[ sql ] [ SQL ] SHOW COLUMNS FROM `xgj_product_type` [ RunTime:0.001966s ]
[ sql ] [ SQL ] SELECT * FROM `xgj_product_type` ORDER BY `sort` [ RunTime:0.000346s ]
---------------------------------------------------------------
[ 2021-05-05T21:18:16+08:00 ] 10.0.12.14 121.32.50.209 POST /admin/index.php/admin/product/index.html
[ info ] 159.75.70.173:5004/admin/index.php/admin/product/index.html [运行时间：0.027669s][吞吐率：36.14req/s] [内存消耗：3,277.28kb] [文件加载：51]
[ info ] [ LANG ] /www/wwwroot/ishop/home/admin/think/lang/zh-cn.php
[ info ] [ ROUTE ] array (
  'type' => 'module',
  'module' => 
  array (
    0 => 'admin',
    1 => 'product',
    2 => 'index',
  ),
)
[ info ] [ HEADER ] array (
  'host' => '159.75.70.173:5004',
  'connection' => 'keep-alive',
  'content-length' => '15',
  'accept' => 'application/json, text/javascript, */*; q=0.01',
  'x-requested-with' => 'XMLHttpRequest',
  'user-agent' => 'Mozilla/5.0 (Windows NT 10.0; Win64; x64) AppleWebKit/537.36 (KHTML, like Gecko) Chrome/88.0.4324.96 Safari/537.36',
  'content-type' => 'application/x-www-form-urlencoded; charset=UTF-8',
  'origin' => 'http://159.75.70.173:5004',
  'referer' => 'http://159.75.70.173:5004/admin/index.php/admin/Product/index.html',
  'accept-encoding' => 'gzip, deflate',
  'accept-language' => 'zh-CN,zh;q=0.9',
  'cookie' => 'skin=0; PHPSESSID=l5s9jntpmnap20mdpedao18p42',
)
[ info ] [ PARAM ] array (
  'page' => '1',
  'limit' => '20',
)
[ info ] [ LANG ] /www/wwwroot/ishop/home/admin/app/admin/lang/zh-cn.php
[ info ] [ SESSION ] INIT array (
  'id' => '',
  'var_session_id' => '',
  'prefix' => 'think',
  'type' => '',
  'auto_start' => true,
)
[ info ] [ RUN ] app\admin\controller\Product->index[ /www/wwwroot/ishop/home/admin/app/admin/controller/Product.php ]
[ info ] [ DB ] INIT mysql
[ info ] [ LOG ] INIT File
[ sql ] [ DB ] CONNECT:[ UseTime:0.000745s ] mysql:dbname=ishop;host=127.0.0.1;port=3306;charset=utf8
[ sql ] [ SQL ] SHOW COLUMNS FROM `xgj_product` [ RunTime:0.001483s ]
[ sql ] [ SQL ] SELECT COUNT(*) AS tp_count FROM `xgj_product` `p` LEFT JOIN `xgj_product_type` `pt` ON `p`.`type_id`=`pt`.`id` LIMIT 1 [ RunTime:0.000362s ]
[ sql ] [ SQL ] SELECT `p`.*,pt.name as typename FROM `xgj_product` `p` LEFT JOIN `xgj_product_type` `pt` ON `p`.`type_id`=`pt`.`id` ORDER BY `p`.`sort` LIMIT 0,20 [ RunTime:0.000381s ]
